2025-06-25 22:38:15,223 - ERROR - Voyage avec l'ID e56f8c9d-3d3f-4ef5-a7a6-927e3a8a7f12 non trouvé.
2025-06-25 22:38:45,399 - INFO - Message envoyé à RabbitMQ pour la création du voyage ID: 0df14f3b-7bcf-4cbc-acca-b644493b7f3a
2025-06-25 22:38:45,422 - INFO - Voyage créé avec succès : 
2025-06-25 22:58:30,184 - INFO - Message envoyé à RabbitMQ pour la création du voyage ID: 453e8a65-8caf-4116-87ec-497c8c073825
2025-06-25 22:58:30,187 - INFO - Voyage créé avec succès : 
2025-06-25 23:28:52,614 - ERROR - Erreur lors de la création du trajet : 'place' is an invalid keyword argument for Stop
2025-06-25 23:29:11,741 - INFO - Message envoyé à RabbitMQ pour la création du voyage ID: 318d41f1-ab8f-4a16-ba25-603816db3bf7
2025-06-25 23:29:11,745 - INFO - Voyage créé avec succès : 
2025-06-25 23:29:39,057 - INFO - Message envoyé à RabbitMQ pour la création du voyage ID: 1e8cb73b-5e42-4fa4-aacd-9b2eefb18b1b
2025-06-25 23:29:39,061 - INFO - Voyage créé avec succès : 
2025-06-25 23:29:58,714 - ERROR - Erreur lors de la création du trajet : 'place' is an invalid keyword argument for Stop
2025-06-25 23:30:21,019 - INFO - Message envoyé à RabbitMQ pour la création du voyage ID: 1f72f818-76f4-4fd0-8633-9b221b21ac0c
2025-06-25 23:30:58,339 - INFO - Message envoyé à RabbitMQ pour la création du voyage ID: a1a300d1-d8fb-44ea-a0e4-35c8f2147fb9
2025-06-25 23:31:40,581 - INFO - Message envoyé à RabbitMQ pour la création du voyage ID: 14a21fd3-1ea3-4f3d-b627-02c5ec2cdb96
2025-06-25 23:34:53,635 - INFO - Message envoyé à RabbitMQ pour la création du voyage ID: 954dba36-4ea4-4a58-b2d7-677ddbb9b7a3
2025-06-25 23:36:23,856 - INFO - Message envoyé à RabbitMQ pour la création du voyage ID: 4e528789-dbe0-402e-9b0c-5989e8f33cd9
2025-06-25 23:37:40,324 - INFO - Message envoyé à RabbitMQ pour la création du voyage ID: 4e6b273f-d7f7-49bf-b4fb-1030ac019384
2025-06-25 23:39:00,682 - INFO - Message envoyé à RabbitMQ pour la création du voyage ID: d79e9d31-6110-4684-a976-1e803518dae4
2025-06-25 23:39:11,764 - INFO - Message envoyé à RabbitMQ pour la création du voyage ID: 509ead2e-eaa1-4a66-9e0f-47040541be46
2025-06-25 23:39:39,401 - INFO - Message envoyé à RabbitMQ pour la création du voyage ID: d3de3d52-5efe-4502-82d2-3bbcfe4c8f41
2025-06-25 23:42:03,731 - INFO - Message envoyé à RabbitMQ pour la création du voyage ID: c4d5d1d0-e7de-4884-9a16-cfffe5254755
2025-06-25 23:42:57,353 - ERROR - Erreur lors de la création du trajet : (psycopg2.errors.NotNullViolation) null value in column "id" of relation "trips" violates not-null constraint
DETAIL:  Failing row contains (null, a6fa6b8d-9bd7-456e-b0f3-16ed8b540acc, Bathurst, Moncton, Gare principale, Université de Moncton, 08:30:00, 2025-07-10, 30, 3, Départ à l'heure, petit sac seulement, pending, 2025-06-25 23:42:57, 2025-06-25 23:42:57).

[SQL: INSERT INTO trips (driver_id, departure_city, destination_city, departure_place, destination_place, departure_time, departure_date, total_price, available_seats, message, status, created_at, updated_at) VALUES (%(driver_id)s::UUID, %(departure_city)s, %(destination_city)s, %(departure_place)s, %(destination_place)s, %(departure_time)s, %(departure_date)s, %(total_price)s, %(available_seats)s, %(message)s, %(status)s, %(created_at)s, %(updated_at)s)]
[parameters: {'driver_id': UUID('a6fa6b8d-9bd7-456e-b0f3-16ed8b540acc'), 'departure_city': 'Bathurst', 'destination_city': 'Moncton', 'departure_place': 'Gare principale', 'destination_place': 'Université de Moncton', 'departure_time': datetime.time(8, 30), 'departure_date': datetime.date(2025, 7, 10), 'total_price': 30.0, 'available_seats': 3, 'message': "Départ à l'heure, petit sac seulement", 'status': <TripStatus.pending: 'pending'>, 'created_at': datetime.datetime(2025, 6, 25, 23, 42, 57), 'updated_at': datetime.datetime(2025, 6, 25, 23, 42, 57)}]
(Background on this error at: https://sqlalche.me/e/20/gkpj)
2025-06-25 23:43:27,846 - ERROR - Erreur lors de la création du trajet : (psycopg2.errors.NotNullViolation) null value in column "id" of relation "trips" violates not-null constraint
DETAIL:  Failing row contains (null, a6fa6b8d-9bd7-456e-b0f3-16ed8b540acc, Bathurst, Moncton, Gare principale, Université de Moncton, 08:30:00, 2025-07-10, 30, 3, Départ à l'heure, petit sac seulement, pending, 2025-06-25 23:43:27, 2025-06-25 23:43:27).

[SQL: INSERT INTO trips (driver_id, departure_city, destination_city, departure_place, destination_place, departure_time, departure_date, total_price, available_seats, message, status, created_at, updated_at) VALUES (%(driver_id)s::UUID, %(departure_city)s, %(destination_city)s, %(departure_place)s, %(destination_place)s, %(departure_time)s, %(departure_date)s, %(total_price)s, %(available_seats)s, %(message)s, %(status)s, %(created_at)s, %(updated_at)s)]
[parameters: {'driver_id': UUID('a6fa6b8d-9bd7-456e-b0f3-16ed8b540acc'), 'departure_city': 'Bathurst', 'destination_city': 'Moncton', 'departure_place': 'Gare principale', 'destination_place': 'Université de Moncton', 'departure_time': datetime.time(8, 30), 'departure_date': datetime.date(2025, 7, 10), 'total_price': 30.0, 'available_seats': 3, 'message': "Départ à l'heure, petit sac seulement", 'status': <TripStatus.pending: 'pending'>, 'created_at': datetime.datetime(2025, 6, 25, 23, 43, 27), 'updated_at': datetime.datetime(2025, 6, 25, 23, 43, 27)}]
(Background on this error at: https://sqlalche.me/e/20/gkpj)
2025-06-25 23:48:02,054 - ERROR - Erreur lors de la création du trajet : (psycopg2.errors.NotNullViolation) null value in column "trip_id" of relation "preferences" violates not-null constraint
DETAIL:  Failing row contains (4b8976f2-6116-4e0c-bb9e-251fcfcea0d3, null, t, f, f, t, f, f, cash).

[SQL: INSERT INTO preferences (id, trip_id, baggage, pets_allowed, smoking_allowed, air_conditioning, bike_support, ski_support, mode_payment) VALUES (%(id)s::UUID, %(trip_id)s::UUID, %(baggage)s, %(pets_allowed)s, %(smoking_allowed)s, %(air_conditioning)s, %(bike_support)s, %(ski_support)s, %(mode_payment)s)]
[parameters: {'id': UUID('4b8976f2-6116-4e0c-bb9e-251fcfcea0d3'), 'trip_id': None, 'baggage': True, 'pets_allowed': False, 'smoking_allowed': False, 'air_conditioning': True, 'bike_support': False, 'ski_support': False, 'mode_payment': 'cash'}]
(Background on this error at: https://sqlalche.me/e/20/gkpj)
2025-06-25 23:49:51,705 - INFO - Message envoyé à RabbitMQ pour la création du voyage ID: 6ee4ac6f-00ea-4b57-92d4-af6068a8571d
2025-06-25 23:49:51,719 - ERROR - Erreur création trajet: 'StopCreate' object has no attribute '_sa_instance_state'
2025-06-25 23:51:36,996 - INFO - Message envoyé à RabbitMQ pour la création du voyage ID: 01394624-e082-4db9-be15-ab111191ada3
2025-06-25 23:51:37,015 - INFO - Voyage créé avec succès : 
2025-06-27 00:48:03,646 - INFO - Message envoyé à RabbitMQ pour la création du voyage ID: 53019d18-53ff-4b54-befd-27397d023f4b
2025-06-27 00:48:03,663 - INFO - Voyage créé avec succès : 
2025-06-27 01:28:41,457 - INFO - Aucun trajet trouvé pour aujourd'hui.
2025-06-27 01:29:18,656 - INFO - Message envoyé à RabbitMQ pour la création du voyage ID: 01924ca4-c726-4bd9-9864-b54bf351d39a
2025-06-27 01:29:18,675 - INFO - Voyage créé avec succès : 
2025-06-27 01:30:28,363 - INFO - Message envoyé à RabbitMQ pour la création du voyage ID: 6427db0b-e9a0-4020-a85e-fe72db811297
2025-06-27 01:30:28,373 - INFO - Voyage créé avec succès : 
2025-07-05 03:46:40,399 - INFO - Message envoyé à RabbitMQ pour la création du voyage ID: 8220aeb8-2ee5-4892-a4b5-3a37a5db9c61
2025-07-05 03:46:40,410 - INFO - Voyage créé avec succès : 
2025-07-05 03:48:18,164 - INFO - Message envoyé à RabbitMQ pour la création du voyage ID: 017c1f1c-71d6-42e5-891e-118f4b3bc674
2025-07-05 03:48:18,171 - INFO - Voyage créé avec succès : 
2025-07-05 04:02:33,551 - INFO - Message envoyé à RabbitMQ pour la création du voyage ID: 0c2466ed-32f4-4f40-91e5-5e25be13f6f2
2025-07-05 04:02:33,556 - INFO - Voyage créé avec succès : 
2025-07-05 04:03:31,561 - INFO - Message envoyé à RabbitMQ pour la création du voyage ID: edb28c33-5169-4bc9-8bac-9bde65798f91
2025-07-05 04:03:31,567 - INFO - Voyage créé avec succès : 
2025-07-05 04:17:24,040 - INFO - Message envoyé à RabbitMQ pour la création du voyage ID: bd6a9367-6480-4396-8129-a038f7a56e49
2025-07-05 04:17:24,046 - INFO - Voyage créé avec succès : 
2025-07-05 04:23:24,493 - INFO - Message envoyé à RabbitMQ pour la création du voyage ID: 022c36d1-54e3-4346-b9b5-640266deeb48
2025-07-05 04:23:24,498 - INFO - Voyage créé avec succès : 
2025-07-05 18:01:59,123 - INFO - Message envoyé à RabbitMQ pour la création du voyage ID: 6026de17-e19f-4545-9d1a-8f96acdaa796
2025-07-05 18:01:59,130 - INFO - Voyage créé avec succès : 
2025-07-05 18:05:13,213 - INFO - Message envoyé à RabbitMQ pour la création du voyage ID: d6d6365e-103a-4196-88bd-9915753e5965
2025-07-05 18:05:13,218 - INFO - Voyage créé avec succès : 
2025-07-05 18:31:52,607 - INFO - Message envoyé à RabbitMQ pour la création du voyage ID: 39fbf58d-fe7a-44e9-a4ad-3ed0ac967191
2025-07-05 18:31:52,612 - INFO - Voyage créé avec succès : 
2025-07-05 20:21:53,048 - INFO - Message envoyé à RabbitMQ pour la création du voyage ID: e29f7bbb-fb1a-42af-abc2-669f64bf689d
2025-07-05 20:21:53,054 - INFO - Voyage créé avec succès : 
2025-07-05 20:22:18,556 - INFO - Message envoyé à RabbitMQ pour la création du voyage ID: e78e22c1-fa0d-4088-bbe1-88363d0bd295
2025-07-05 20:22:18,560 - INFO - Voyage créé avec succès : 
2025-07-05 21:28:16,962 - INFO - Filtres de recherche reçus: departure_city=montreal, destination_city=gatineau, date=2025-07-05, passenger_count=None, price_limit=None
2025-07-05 21:28:35,475 - INFO - Filtres de recherche reçus: departure_city=montreal, destination_city=gatineau, date=2025-07-05, passenger_count=None, price_limit=None
2025-07-05 21:28:58,466 - INFO - Filtres de recherche reçus: departure_city=montreal, destination_city=mirabel, date=2025-08-10, passenger_count=None, price_limit=None
2025-07-05 21:40:47,685 - INFO - Filtres de recherche reçus: departure_city=montreal, destination_city=gatineau, date=2025-07-05, passenger_count=None, price_limit=None
2025-07-05 21:40:56,778 - INFO - Filtres de recherche reçus: departure_city=montreal, destination_city=gatineau, date=2025-08-10, passenger_count=None, price_limit=None
2025-07-05 21:41:14,281 - INFO - Filtres de recherche reçus: departure_city=montreal, destination_city=ottawa, date=2025-08-10, passenger_count=None, price_limit=None
2025-07-05 22:30:59,171 - INFO - Filtres de recherche reçus: departure_city=montreal, destination_city=gatineau, date=2025-07-05, passenger_count=None, price_limit=None
2025-07-05 22:33:46,189 - INFO - Filtres de recherche reçus: departure_city=montreal, destination_city=gatineau, date=2025-07-05, passenger_count=None, price_limit=None
2025-07-05 22:34:28,889 - INFO - Filtres de recherche reçus: departure_city=montreal, destination_city=gatineau, date=2025-07-05, passenger_count=None, price_limit=None
2025-07-05 22:34:44,089 - INFO - Filtres de recherche reçus: departure_city=montreal, destination_city=gatineau, date=2025-07-05, passenger_count=None, price_limit=None
2025-07-05 22:34:59,979 - INFO - Filtres de recherche reçus: departure_city=montreal, destination_city=gatineau, date=2025-07-05, passenger_count=None, price_limit=None
2025-07-05 22:35:18,198 - INFO - Filtres de recherche reçus: departure_city=montreal, destination_city=gatineau, date=2025-07-05, passenger_count=None, price_limit=None
2025-07-05 22:35:22,080 - INFO - Filtres de recherche reçus: departure_city=montreal, destination_city=gatineau, date=2025-07-05, passenger_count=None, price_limit=None
2025-07-05 22:35:25,572 - INFO - Filtres de recherche reçus: departure_city=montreal, destination_city=gatineau, date=2025-07-05, passenger_count=None, price_limit=None
2025-07-05 22:35:37,652 - INFO - Filtres de recherche reçus: departure_city=montreal, destination_city=gatineau, date=2025-07-05, passenger_count=None, price_limit=None
2025-07-05 22:35:41,428 - INFO - Filtres de recherche reçus: departure_city=montreal, destination_city=gatineau, date=2025-07-05, passenger_count=None, price_limit=None
2025-07-05 22:35:46,249 - INFO - Filtres de recherche reçus: departure_city=montreal, destination_city=gatineau, date=2025-07-05, passenger_count=None, price_limit=None
2025-07-05 22:35:51,036 - INFO - Filtres de recherche reçus: departure_city=montreal, destination_city=gatineau, date=2025-07-05, passenger_count=None, price_limit=None
2025-07-05 22:35:54,864 - INFO - Filtres de recherche reçus: departure_city=montreal, destination_city=gatineau, date=2025-07-05, passenger_count=None, price_limit=None
2025-07-05 22:36:14,547 - INFO - Filtres de recherche reçus: departure_city=montreal, destination_city=gatineau, date=2025-07-05, passenger_count=None, price_limit=None
2025-07-05 22:43:04,789 - INFO - Filtres de recherche reçus: departure_city=montreal, destination_city=gatineau, date=2025-07-05, passenger_count=None, price_limit=None
2025-07-05 22:44:56,642 - INFO - Filtres de recherche reçus: departure_city=montreal, destination_city=gatineau, date=2025-07-05, passenger_count=None, price_limit=None
2025-07-05 22:47:04,429 - INFO - Filtres de recherche reçus: departure_city=montreal, destination_city=gatineau, date=2025-07-05, passenger_count=None, price_limit=None
2025-07-05 22:47:06,420 - INFO - Filtres de recherche reçus: departure_city=montreal, destination_city=gatineau, date=2025-07-05, passenger_count=None, price_limit=None
2025-07-05 22:47:11,300 - INFO - Filtres de recherche reçus: departure_city=montreal, destination_city=gatineau, date=2025-07-05, passenger_count=None, price_limit=None
2025-07-05 22:54:20,156 - INFO - Filtres de recherche reçus: departure_city=montreal, destination_city=gatineau, date=2025-07-05, passenger_count=None, price_limit=None
2025-07-05 22:54:25,474 - INFO - Filtres de recherche reçus: departure_city=montreal, destination_city=gatineau, date=2025-07-05, passenger_count=None, price_limit=None
2025-07-05 22:57:47,404 - INFO - Filtres de recherche reçus: departure_city=montreal, destination_city=gatineau, date=2025-07-05, passenger_count=None, price_limit=None
2025-07-05 22:57:56,594 - INFO - Filtres de recherche reçus: departure_city=montreal, destination_city=gatineau, date=2025-07-05, passenger_count=None, price_limit=None
2025-07-05 22:58:07,460 - INFO - Filtres de recherche reçus: departure_city=montreal, destination_city=gatineau, date=2025-07-05, passenger_count=None, price_limit=None
2025-07-05 22:58:19,551 - INFO - Filtres de recherche reçus: departure_city=montreal, destination_city=gatineau, date=2025-07-05, passenger_count=None, price_limit=None
2025-07-05 22:58:25,617 - INFO - Filtres de recherche reçus: departure_city=montreal, destination_city=gatineau, date=2025-07-05, passenger_count=None, price_limit=None
2025-07-05 23:10:16,598 - INFO - Filtres de recherche reçus: departure_city=montreal, destination_city=gatineau, date=2025-07-05, passenger_count=None, price_limit=None
2025-07-05 23:10:25,577 - INFO - Filtres de recherche reçus: departure_city=montreal, destination_city=gatineau, date=2025-08-10, passenger_count=None, price_limit=None
2025-07-05 23:10:46,839 - INFO - Filtres de recherche reçus: departure_city=montreal, destination_city=ottawa, date=2025-08-10, passenger_count=None, price_limit=None
2025-07-05 23:11:16,529 - INFO - Filtres de recherche reçus: departure_city=montreal, destination_city=ottawa, date=2025-08-10, passenger_count=None, price_limit=None
2025-07-05 23:11:24,416 - INFO - Filtres de recherche reçus: departure_city=montreal, destination_city=ottawa, date=2025-08-10, passenger_count=None, price_limit=None
2025-07-05 23:11:49,490 - INFO - Filtres de recherche reçus: departure_city=montreal, destination_city=ottawa, date=2025-07-05, passenger_count=None, price_limit=None
2025-07-05 23:11:56,922 - INFO - Filtres de recherche reçus: departure_city=montreal, destination_city=ottawa, date=2025-08-10, passenger_count=None, price_limit=None
2025-07-05 23:12:03,307 - INFO - Filtres de recherche reçus: departure_city=montreal, destination_city=ottawa, date=2025-08-10, passenger_count=None, price_limit=None
2025-07-05 23:24:39,722 - INFO - Filtres de recherche reçus: departure_city=quebec, destination_city=montreal, date=2025-07-05, passenger_count=None, price_limit=None
2025-07-05 23:24:43,878 - INFO - Filtres de recherche reçus: departure_city=montreal, destination_city=gatineau, date=2025-07-05, passenger_count=None, price_limit=None
2025-07-05 23:25:14,536 - INFO - Filtres de recherche reçus: departure_city=montreal, destination_city=gatineau, date=2025-07-05, passenger_count=None, price_limit=None
2025-07-05 23:25:21,164 - INFO - Filtres de recherche reçus: departure_city=montreal, destination_city=gatineau, date=2025-07-06, passenger_count=None, price_limit=None
2025-07-05 23:25:26,966 - INFO - Filtres de recherche reçus: departure_city=montreal, destination_city=gatineau, date=2025-07-07, passenger_count=None, price_limit=None
2025-07-05 23:25:34,184 - INFO - Filtres de recherche reçus: departure_city=montreal, destination_city=gatineau, date=2025-07-07, passenger_count=None, price_limit=None
2025-07-05 23:25:46,689 - INFO - Filtres de recherche reçus: departure_city=montreal, destination_city=gatineau, date=2025-07-07, passenger_count=None, price_limit=None
2025-07-05 23:25:51,993 - INFO - Filtres de recherche reçus: departure_city=montreal, destination_city=gatineau, date=2025-07-06, passenger_count=None, price_limit=None
2025-07-05 23:26:01,709 - INFO - Filtres de recherche reçus: departure_city=montreal, destination_city=gatineau, date=2025-07-05, passenger_count=None, price_limit=None
2025-07-05 23:26:07,262 - INFO - Filtres de recherche reçus: departure_city=montreal, destination_city=gatineau, date=2025-07-05, passenger_count=None, price_limit=None
2025-07-05 23:26:14,238 - INFO - Filtres de recherche reçus: departure_city=montreal, destination_city=gatineau, date=2025-07-05, passenger_count=None, price_limit=None
2025-07-05 23:36:53,605 - INFO - Filtres de recherche reçus: departure_city=montreal, destination_city=gatineau, date=2025-07-05, passenger_count=None, price_limit=None
2025-07-05 23:37:15,981 - INFO - Filtres de recherche reçus: departure_city=montreal, destination_city=gatineau, date=2025-07-05, passenger_count=None, price_limit=None
2025-07-05 23:37:48,128 - INFO - Filtres de recherche reçus: departure_city=montreal, destination_city=gatineau, date=2025-07-05, passenger_count=None, price_limit=None
2025-07-05 23:42:20,476 - INFO - Filtres de recherche reçus: departure_city=montreal, destination_city=gatineau, date=2025-07-05, passenger_count=None, price_limit=None
2025-07-05 23:43:26,005 - INFO - Filtres de recherche reçus: departure_city=montreal, destination_city=mirabel, date=2025-08-10, passenger_count=None, price_limit=None
2025-07-05 23:47:09,980 - INFO - Filtres de recherche reçus: departure_city=montreal, destination_city=mirabel, date=2025-08-10, passenger_count=None, price_limit=None
2025-07-06 00:05:44,247 - INFO - Filtres de recherche reçus: departure_city=montreal, destination_city=mirabel, date=2025-08-10, passenger_count=None, price_limit=None
2025-07-06 00:06:22,494 - INFO - Filtres de recherche reçus: departure_city=montreal, destination_city=gatineau, date=2025-07-06, passenger_count=None, price_limit=None
2025-07-06 00:17:17,891 - INFO - Filtres de recherche reçus: departure_city=montreal, destination_city=gatineau, date=2025-07-06, passenger_count=None, price_limit=None
2025-07-06 00:21:51,013 - INFO - Filtres de recherche reçus: departure_city=montreal, destination_city=gatineau, date=2025-07-06, passenger_count=None, price_limit=None
2025-07-06 00:23:47,790 - INFO - Filtres de recherche reçus: departure_city=montreal, destination_city=ottawa, date=2025-08-10, passenger_count=None, price_limit=None
2025-07-06 00:24:34,056 - INFO - Filtres de recherche reçus: departure_city=montreal, destination_city=ottawa, date=2025-08-10, passenger_count=None, price_limit=None
2025-07-06 00:25:01,934 - INFO - Filtres de recherche reçus: departure_city=montreal, destination_city=ottawa, date=2025-08-10, passenger_count=None, price_limit=None
2025-07-06 00:26:50,917 - INFO - Filtres de recherche reçus: departure_city=montreal, destination_city=gatineau, date=2025-07-06, passenger_count=None, price_limit=None
2025-07-06 00:27:01,867 - INFO - Filtres de recherche reçus: departure_city=montreal, destination_city=gatineau, date=2025-08-10, passenger_count=None, price_limit=None
2025-07-06 00:27:03,792 - INFO - Filtres de recherche reçus: departure_city=montreal, destination_city=gatineau, date=2025-08-10, passenger_count=None, price_limit=None
2025-07-06 00:27:12,464 - INFO - Filtres de recherche reçus: departure_city=montreal, destination_city=ottawa, date=2025-08-10, passenger_count=None, price_limit=None
2025-07-06 00:37:06,994 - INFO - Filtres de recherche reçus: departure_city=montreal, destination_city=gatineau, date=2025-07-06, passenger_count=None, price_limit=None
2025-07-06 00:38:51,819 - INFO - Filtres de recherche reçus: departure_city=montreal, destination_city=gatineau, date=2025-07-06, passenger_count=None, price_limit=None
2025-07-06 00:39:11,504 - INFO - Filtres de recherche reçus: departure_city=montreal, destination_city=gatineau, date=2025-07-06, passenger_count=None, price_limit=None
2025-07-06 00:39:16,090 - INFO - Filtres de recherche reçus: departure_city=montreal, destination_city=gatineau, date=2025-07-06, passenger_count=None, price_limit=None
2025-07-06 00:39:24,652 - INFO - Filtres de recherche reçus: departure_city=montreal, destination_city=gatineau, date=2025-07-06, passenger_count=None, price_limit=None
2025-07-06 00:39:32,078 - INFO - Filtres de recherche reçus: departure_city=montreal, destination_city=gatineau, date=2025-07-06, passenger_count=None, price_limit=None
2025-07-06 00:41:00,150 - INFO - Filtres de recherche reçus: departure_city=montreal, destination_city=gatineau, date=2025-07-06, passenger_count=None, price_limit=None
2025-07-06 00:41:31,655 - INFO - Filtres de recherche reçus: departure_city=montreal, destination_city=ottawa, date=2025-08-10, passenger_count=None, price_limit=None
2025-07-06 00:43:32,960 - INFO - Filtres de recherche reçus: departure_city=montreal, destination_city=ottawa, date=2025-08-10, passenger_count=None, price_limit=None
2025-07-06 12:50:59,435 - INFO - Filtres de recherche reçus: departure_city=montreal, destination_city=gatineau, date=2025-07-06, passenger_count=None, price_limit=None
2025-07-06 12:51:32,421 - INFO - Filtres de recherche reçus: departure_city=montreal, destination_city=ottawa, date=2025-08-10, passenger_count=None, price_limit=None
2025-07-06 12:52:07,561 - INFO - Filtres de recherche reçus: departure_city=montreal, destination_city=ottawa, date=2025-08-10, passenger_count=None, price_limit=None
2025-07-06 12:52:12,782 - INFO - Filtres de recherche reçus: departure_city=montreal, destination_city=ottawa, date=2025-08-10, passenger_count=None, price_limit=None
2025-07-06 15:00:09,515 - INFO - Filtres de recherche reçus: departure_city=montreal, destination_city=ottawa, date=2025-08-10, passenger_count=None, price_limit=None
2025-07-06 15:05:14,778 - INFO - Filtres de recherche reçus: departure_city=montreal, destination_city=gatineau, date=2025-07-06, passenger_count=None, price_limit=None
2025-07-06 15:05:34,487 - INFO - Filtres de recherche reçus: departure_city=montreal, destination_city=ottawa, date=2025-08-10, passenger_count=None, price_limit=None
2025-07-06 15:05:54,135 - INFO - Filtres de recherche reçus: departure_city=montreal, destination_city=ottawa, date=2025-07-06, passenger_count=None, price_limit=None
2025-07-06 15:06:01,625 - INFO - Filtres de recherche reçus: departure_city=montreal, destination_city=ottawa, date=2025-08-10, passenger_count=None, price_limit=None
2025-07-06 15:06:18,325 - INFO - Filtres de recherche reçus: departure_city=montreal, destination_city=ottawa, date=2025-07-06, passenger_count=None, price_limit=None
2025-07-06 15:06:25,984 - INFO - Filtres de recherche reçus: departure_city=montreal, destination_city=ottawa, date=2025-08-10, passenger_count=None, price_limit=None
2025-07-06 15:07:35,093 - INFO - Filtres de recherche reçus: departure_city=montreal, destination_city=ottawa, date=2025-07-06, passenger_count=None, price_limit=None
2025-07-06 15:07:40,639 - INFO - Filtres de recherche reçus: departure_city=montreal, destination_city=ottawa, date=2025-08-10, passenger_count=None, price_limit=None
2025-07-06 15:08:05,492 - INFO - Filtres de recherche reçus: departure_city=montreal, destination_city=ottawa, date=2025-07-06, passenger_count=None, price_limit=None
2025-07-06 15:08:12,456 - INFO - Filtres de recherche reçus: departure_city=montreal, destination_city=ottawa, date=2025-08-10, passenger_count=None, price_limit=None
2025-07-06 15:08:32,975 - INFO - Filtres de recherche reçus: departure_city=montreal, destination_city=ottawa, date=2025-08-10, passenger_count=None, price_limit=None
2025-07-06 15:09:21,794 - INFO - Filtres de recherche reçus: departure_city=montreal, destination_city=ottawa, date=2025-08-10, passenger_count=None, price_limit=None
2025-07-06 15:09:41,914 - INFO - Filtres de recherche reçus: departure_city=quebec, destination_city=montreal, date=2025-07-06, passenger_count=None, price_limit=None
2025-07-06 15:10:02,689 - INFO - Message envoyé à RabbitMQ pour la création du voyage ID: e648e7fa-5b5b-43be-bf04-d74ce545732e
2025-07-06 15:10:02,741 - INFO - Voyage créé avec succès : 
2025-07-06 15:10:11,591 - INFO - Message envoyé à RabbitMQ pour la création du voyage ID: 13f5a5b5-aeed-421c-8f82-f72e4c22d105
2025-07-06 15:10:11,607 - INFO - Voyage créé avec succès : 
2025-07-06 15:10:16,733 - INFO - Message envoyé à RabbitMQ pour la création du voyage ID: 540bca65-118d-4044-a0fe-828c3bb34adb
2025-07-06 15:10:16,740 - INFO - Voyage créé avec succès : 
2025-07-06 15:10:23,133 - INFO - Message envoyé à RabbitMQ pour la création du voyage ID: 648d8b39-d2c6-490c-8fff-fcd24aca51c3
2025-07-06 15:10:23,144 - INFO - Voyage créé avec succès : 
2025-07-06 15:10:28,088 - INFO - Message envoyé à RabbitMQ pour la création du voyage ID: 1b57d3a4-113c-4c4e-802c-6c858b86136b
2025-07-06 15:10:28,098 - INFO - Voyage créé avec succès : 
2025-07-06 15:10:36,498 - INFO - Message envoyé à RabbitMQ pour la création du voyage ID: dcc854e9-fc0f-4495-92a3-ff867466e35e
2025-07-06 15:10:36,507 - INFO - Voyage créé avec succès : 
2025-07-06 15:10:48,733 - INFO - Message envoyé à RabbitMQ pour la création du voyage ID: 0e00fdb7-9f62-4815-9a87-ac14c2f5dc8f
2025-07-06 15:10:48,747 - INFO - Voyage créé avec succès : 
2025-07-06 15:11:33,026 - INFO - Message envoyé à RabbitMQ pour la création du voyage ID: 54331e89-de72-4fd8-bbf3-7a85bcaf2570
2025-07-06 15:11:33,034 - INFO - Voyage créé avec succès : 
2025-07-06 15:11:41,800 - INFO - Message envoyé à RabbitMQ pour la création du voyage ID: 11d09cc3-5416-4cad-baa4-af909ef3efc1
2025-07-06 15:11:41,809 - INFO - Voyage créé avec succès : 
2025-07-06 15:11:56,416 - INFO - Message envoyé à RabbitMQ pour la création du voyage ID: 7d47f290-9cea-4f2b-bbca-d2203010db5e
2025-07-06 15:11:56,424 - INFO - Voyage créé avec succès : 
2025-07-06 15:12:02,882 - INFO - Message envoyé à RabbitMQ pour la création du voyage ID: f9e6741c-d36f-4f4e-b4e7-68461839fec9
2025-07-06 15:12:02,891 - INFO - Voyage créé avec succès : 
2025-07-06 15:12:12,143 - INFO - Message envoyé à RabbitMQ pour la création du voyage ID: f7194e2f-069b-464f-b940-43a87ca5bca2
2025-07-06 15:12:12,152 - INFO - Voyage créé avec succès : 
2025-07-06 15:12:13,931 - INFO - Message envoyé à RabbitMQ pour la création du voyage ID: acd59225-cd84-470e-ae87-3eafa4152b95
2025-07-06 15:12:13,938 - INFO - Voyage créé avec succès : 
2025-07-06 15:12:15,922 - INFO - Message envoyé à RabbitMQ pour la création du voyage ID: 2face51e-b71b-4635-a480-860c638096ad
2025-07-06 15:12:15,929 - INFO - Voyage créé avec succès : 
2025-07-06 15:12:24,879 - INFO - Message envoyé à RabbitMQ pour la création du voyage ID: 48541b14-905d-42e8-83be-a7e853a2b14a
2025-07-06 15:12:24,921 - INFO - Voyage créé avec succès : 
2025-07-06 15:12:27,262 - INFO - Message envoyé à RabbitMQ pour la création du voyage ID: b335a089-7a4a-47b4-99b4-f6d1903e5b5b
2025-07-06 15:12:27,277 - INFO - Voyage créé avec succès : 
2025-07-06 15:12:56,189 - INFO - Message envoyé à RabbitMQ pour la création du voyage ID: 2d523074-5031-4a01-b563-2c8ae34ecc0e
2025-07-06 15:12:56,268 - INFO - Voyage créé avec succès : 
2025-07-06 15:13:04,362 - INFO - Message envoyé à RabbitMQ pour la création du voyage ID: 7a267d8a-ec5e-4e64-b414-351f405f1a37
2025-07-06 15:13:04,370 - INFO - Voyage créé avec succès : 
2025-07-06 15:13:17,656 - INFO - Message envoyé à RabbitMQ pour la création du voyage ID: ba0b76d4-f552-4880-9573-9a7a25df569a
2025-07-06 15:13:17,668 - INFO - Voyage créé avec succès : 
2025-07-06 15:13:31,790 - INFO - Message envoyé à RabbitMQ pour la création du voyage ID: 535fc993-f595-4a48-ba35-f365cbe657f6
2025-07-06 15:13:31,798 - INFO - Voyage créé avec succès : 
2025-07-06 15:13:33,904 - INFO - Message envoyé à RabbitMQ pour la création du voyage ID: d352e175-65a7-4ef4-a674-4eb14bc89c85
2025-07-06 15:13:33,920 - INFO - Voyage créé avec succès : 
2025-07-06 15:13:39,897 - INFO - Message envoyé à RabbitMQ pour la création du voyage ID: f21baa10-1177-47ad-a95a-2bf3a3ce12e1
2025-07-06 15:13:39,908 - INFO - Voyage créé avec succès : 
2025-07-06 15:13:41,987 - INFO - Message envoyé à RabbitMQ pour la création du voyage ID: b0dc8d65-8a67-46cb-a846-a97c9bd3a84b
2025-07-06 15:13:41,997 - INFO - Voyage créé avec succès : 
2025-07-06 15:13:45,900 - INFO - Filtres de recherche reçus: departure_city=laval, destination_city=sherbrooke, date=2025-07-06, passenger_count=None, price_limit=None
2025-07-06 15:14:33,446 - INFO - Filtres de recherche reçus: departure_city=quebec, destination_city=montreal, date=2025-07-06, passenger_count=None, price_limit=None
2025-07-06 15:14:42,585 - INFO - Message envoyé à RabbitMQ pour la création du voyage ID: 3f545a9e-abf7-4482-86cd-99b15d8159d0
2025-07-06 15:14:42,598 - INFO - Voyage créé avec succès : 
2025-07-06 15:14:44,728 - INFO - Message envoyé à RabbitMQ pour la création du voyage ID: 76114a4d-7bc2-4216-a372-20e0fb12063e
2025-07-06 15:14:44,735 - INFO - Voyage créé avec succès : 
2025-07-06 15:15:23,420 - INFO - Message envoyé à RabbitMQ pour la création du voyage ID: 69946a0c-7a10-454d-a739-f54fa4c31030
2025-07-06 15:15:23,427 - INFO - Voyage créé avec succès : 
2025-07-06 15:15:25,170 - INFO - Message envoyé à RabbitMQ pour la création du voyage ID: 1b8ea1fa-55a9-46ac-b06c-234058dc7423
2025-07-06 15:15:25,177 - INFO - Voyage créé avec succès : 
2025-07-06 15:15:26,848 - INFO - Message envoyé à RabbitMQ pour la création du voyage ID: 78bb6721-e737-4e66-bed0-cb65c422780f
2025-07-06 15:15:26,856 - INFO - Voyage créé avec succès : 
2025-07-06 15:15:29,102 - INFO - Message envoyé à RabbitMQ pour la création du voyage ID: 5811b488-eac7-4032-91ad-6742b46f2a8e
2025-07-06 15:15:29,110 - INFO - Voyage créé avec succès : 
2025-07-06 15:15:38,740 - INFO - Message envoyé à RabbitMQ pour la création du voyage ID: 6522d5a7-9fbf-4ce5-a859-a3273843aaf2
2025-07-06 15:15:38,764 - INFO - Voyage créé avec succès : 
2025-07-06 15:15:41,132 - INFO - Message envoyé à RabbitMQ pour la création du voyage ID: 5dc9bc1e-48f9-433c-a53c-1a91d2fd9fc5
2025-07-06 15:15:41,140 - INFO - Voyage créé avec succès : 
2025-07-06 15:15:43,104 - INFO - Message envoyé à RabbitMQ pour la création du voyage ID: c6e6e51a-fc1b-44c3-912f-51a4e6cc6dfc
2025-07-06 15:15:43,114 - INFO - Voyage créé avec succès : 
2025-07-06 15:15:45,626 - INFO - Message envoyé à RabbitMQ pour la création du voyage ID: 01d239fb-cd94-4582-85ea-5b1e98fef2b0
2025-07-06 15:15:45,636 - INFO - Voyage créé avec succès : 
2025-07-06 15:15:48,874 - INFO - Message envoyé à RabbitMQ pour la création du voyage ID: ce510c8e-2618-469b-bac3-81263e08c1eb
2025-07-06 15:15:48,885 - INFO - Voyage créé avec succès : 
2025-07-06 15:16:59,730 - INFO - Filtres de recherche reçus: departure_city=quebec, destination_city=montreal, date=2025-07-06, passenger_count=None, price_limit=None
2025-07-06 15:18:22,101 - INFO - Message envoyé à RabbitMQ pour la création du voyage ID: 02a18126-4feb-4ffe-b761-c11c41db3166
2025-07-06 15:18:22,116 - INFO - Voyage créé avec succès : 
2025-07-06 15:18:30,862 - INFO - Message envoyé à RabbitMQ pour la création du voyage ID: 7cf02c52-a9da-44cd-93b1-28e4693bd825
2025-07-06 15:18:30,875 - INFO - Voyage créé avec succès : 
2025-07-06 15:18:40,578 - INFO - Message envoyé à RabbitMQ pour la création du voyage ID: 32b266f1-7c1e-4dac-a87d-405bd6476fcd
2025-07-06 15:18:40,588 - INFO - Voyage créé avec succès : 
2025-07-06 15:18:47,619 - INFO - Message envoyé à RabbitMQ pour la création du voyage ID: 692f89bf-3d63-40ac-8461-155fd54f123e
2025-07-06 15:18:47,629 - INFO - Voyage créé avec succès : 
2025-07-06 15:19:08,868 - INFO - Message envoyé à RabbitMQ pour la création du voyage ID: 65ac2f3b-7726-44e3-a84c-81853bdcb988
2025-07-06 15:19:08,877 - INFO - Voyage créé avec succès : 
2025-07-06 15:19:10,891 - INFO - Message envoyé à RabbitMQ pour la création du voyage ID: 99d89e43-88da-4636-b519-5c9bb0e3f0cc
2025-07-06 15:19:10,899 - INFO - Voyage créé avec succès : 
2025-07-06 15:19:17,449 - INFO - Message envoyé à RabbitMQ pour la création du voyage ID: ed119848-b2cf-4ba2-9f67-e533331c1866
2025-07-06 15:19:17,459 - INFO - Voyage créé avec succès : 
2025-07-06 15:19:20,309 - INFO - Filtres de recherche reçus: departure_city=quebec, destination_city=montreal, date=2025-07-06, passenger_count=None, price_limit=None
2025-07-06 15:24:08,408 - INFO - Filtres de recherche reçus: departure_city=montreal, destination_city=mirabel, date=2025-08-10, passenger_count=None, price_limit=None
2025-07-06 15:24:09,149 - INFO - Filtres de recherche reçus: departure_city=montreal, destination_city=mirabel, date=2025-08-10, passenger_count=None, price_limit=None
2025-07-06 15:24:11,022 - INFO - Filtres de recherche reçus: departure_city=montreal, destination_city=mirabel, date=2025-08-10, passenger_count=None, price_limit=None
2025-07-06 15:24:11,591 - INFO - Filtres de recherche reçus: departure_city=montreal, destination_city=mirabel, date=2025-08-10, passenger_count=None, price_limit=None
2025-07-06 15:24:12,090 - INFO - Filtres de recherche reçus: departure_city=montreal, destination_city=mirabel, date=2025-08-10, passenger_count=None, price_limit=None
2025-07-06 15:24:12,628 - INFO - Filtres de recherche reçus: departure_city=montreal, destination_city=mirabel, date=2025-08-10, passenger_count=None, price_limit=None
2025-07-06 15:24:13,294 - INFO - Filtres de recherche reçus: departure_city=montreal, destination_city=mirabel, date=2025-08-10, passenger_count=None, price_limit=None
2025-07-06 15:24:13,760 - INFO - Filtres de recherche reçus: departure_city=montreal, destination_city=mirabel, date=2025-08-10, passenger_count=None, price_limit=None
2025-07-06 15:24:14,026 - INFO - Filtres de recherche reçus: departure_city=montreal, destination_city=mirabel, date=2025-08-10, passenger_count=None, price_limit=None
2025-07-06 15:24:14,273 - INFO - Filtres de recherche reçus: departure_city=montreal, destination_city=mirabel, date=2025-08-10, passenger_count=None, price_limit=None
2025-07-06 15:24:14,785 - INFO - Filtres de recherche reçus: departure_city=montreal, destination_city=mirabel, date=2025-08-10, passenger_count=None, price_limit=None
2025-07-06 15:24:16,009 - INFO - Filtres de recherche reçus: departure_city=montreal, destination_city=mirabel, date=2025-08-10, passenger_count=None, price_limit=None
2025-07-06 15:24:17,007 - INFO - Filtres de recherche reçus: departure_city=montreal, destination_city=mirabel, date=2025-08-10, passenger_count=None, price_limit=None
2025-07-06 15:24:17,350 - INFO - Filtres de recherche reçus: departure_city=montreal, destination_city=mirabel, date=2025-08-10, passenger_count=None, price_limit=None
2025-07-06 15:24:17,677 - INFO - Filtres de recherche reçus: departure_city=montreal, destination_city=mirabel, date=2025-08-10, passenger_count=None, price_limit=None
2025-07-06 15:24:18,007 - INFO - Filtres de recherche reçus: departure_city=montreal, destination_city=mirabel, date=2025-08-10, passenger_count=None, price_limit=None
2025-07-06 15:24:18,415 - INFO - Filtres de recherche reçus: departure_city=montreal, destination_city=mirabel, date=2025-08-10, passenger_count=None, price_limit=None
2025-07-06 15:24:18,949 - INFO - Filtres de recherche reçus: departure_city=montreal, destination_city=mirabel, date=2025-08-10, passenger_count=None, price_limit=None
2025-07-06 15:24:19,217 - INFO - Filtres de recherche reçus: departure_city=montreal, destination_city=mirabel, date=2025-08-10, passenger_count=None, price_limit=None
2025-07-06 15:24:19,521 - INFO - Filtres de recherche reçus: departure_city=montreal, destination_city=mirabel, date=2025-08-10, passenger_count=None, price_limit=None
2025-07-06 15:24:19,885 - INFO - Filtres de recherche reçus: departure_city=montreal, destination_city=mirabel, date=2025-08-10, passenger_count=None, price_limit=None
2025-07-06 15:24:20,171 - INFO - Filtres de recherche reçus: departure_city=montreal, destination_city=mirabel, date=2025-08-10, passenger_count=None, price_limit=None
2025-07-06 15:24:20,447 - INFO - Filtres de recherche reçus: departure_city=montreal, destination_city=mirabel, date=2025-08-10, passenger_count=None, price_limit=None
2025-07-06 15:24:21,035 - INFO - Filtres de recherche reçus: departure_city=montreal, destination_city=mirabel, date=2025-08-10, passenger_count=None, price_limit=None
2025-07-06 15:24:21,583 - INFO - Filtres de recherche reçus: departure_city=montreal, destination_city=mirabel, date=2025-08-10, passenger_count=None, price_limit=None
2025-07-06 15:24:21,853 - INFO - Filtres de recherche reçus: departure_city=montreal, destination_city=mirabel, date=2025-08-10, passenger_count=None, price_limit=None
2025-07-06 15:24:22,123 - INFO - Filtres de recherche reçus: departure_city=montreal, destination_city=mirabel, date=2025-08-10, passenger_count=None, price_limit=None
2025-07-06 15:24:22,778 - INFO - Filtres de recherche reçus: departure_city=montreal, destination_city=mirabel, date=2025-08-10, passenger_count=None, price_limit=None
2025-07-06 15:24:23,048 - INFO - Filtres de recherche reçus: departure_city=montreal, destination_city=mirabel, date=2025-08-10, passenger_count=None, price_limit=None
2025-07-06 15:24:23,237 - INFO - Filtres de recherche reçus: departure_city=montreal, destination_city=mirabel, date=2025-08-10, passenger_count=None, price_limit=None
2025-07-06 15:24:23,478 - INFO - Filtres de recherche reçus: departure_city=montreal, destination_city=mirabel, date=2025-08-10, passenger_count=None, price_limit=None
2025-07-06 15:24:23,616 - INFO - Filtres de recherche reçus: departure_city=montreal, destination_city=mirabel, date=2025-08-10, passenger_count=None, price_limit=None
2025-07-06 15:24:23,727 - INFO - Filtres de recherche reçus: departure_city=montreal, destination_city=mirabel, date=2025-08-10, passenger_count=None, price_limit=None
2025-07-06 15:24:23,852 - INFO - Filtres de recherche reçus: departure_city=montreal, destination_city=mirabel, date=2025-08-10, passenger_count=None, price_limit=None
2025-07-06 15:24:24,332 - INFO - Filtres de recherche reçus: departure_city=montreal, destination_city=mirabel, date=2025-08-10, passenger_count=None, price_limit=None
2025-07-06 15:24:24,508 - INFO - Filtres de recherche reçus: departure_city=montreal, destination_city=mirabel, date=2025-08-10, passenger_count=None, price_limit=None
2025-07-06 15:24:24,779 - INFO - Filtres de recherche reçus: departure_city=montreal, destination_city=mirabel, date=2025-08-10, passenger_count=None, price_limit=None
2025-07-06 15:24:25,051 - INFO - Filtres de recherche reçus: departure_city=montreal, destination_city=mirabel, date=2025-08-10, passenger_count=None, price_limit=None
2025-07-06 15:24:25,289 - INFO - Filtres de recherche reçus: departure_city=montreal, destination_city=mirabel, date=2025-08-10, passenger_count=None, price_limit=None
2025-07-06 15:24:25,585 - INFO - Filtres de recherche reçus: departure_city=montreal, destination_city=mirabel, date=2025-08-10, passenger_count=None, price_limit=None
2025-07-06 15:24:25,777 - INFO - Filtres de recherche reçus: departure_city=montreal, destination_city=mirabel, date=2025-08-10, passenger_count=None, price_limit=None
2025-07-06 15:24:25,973 - INFO - Filtres de recherche reçus: departure_city=montreal, destination_city=mirabel, date=2025-08-10, passenger_count=None, price_limit=None
2025-07-06 15:24:26,167 - INFO - Filtres de recherche reçus: departure_city=montreal, destination_city=mirabel, date=2025-08-10, passenger_count=None, price_limit=None
2025-07-06 15:24:26,578 - INFO - Filtres de recherche reçus: departure_city=montreal, destination_city=mirabel, date=2025-08-10, passenger_count=None, price_limit=None
2025-07-06 15:24:26,789 - INFO - Filtres de recherche reçus: departure_city=montreal, destination_city=mirabel, date=2025-08-10, passenger_count=None, price_limit=None
2025-07-06 15:24:26,988 - INFO - Filtres de recherche reçus: departure_city=montreal, destination_city=mirabel, date=2025-08-10, passenger_count=None, price_limit=None
2025-07-06 15:24:56,995 - ERROR - Erreur lors de la recherche de trajets: QueuePool limit of size 5 overflow 10 reached, connection timed out, timeout 30.00 (Background on this error at: https://sqlalche.me/e/20/3o7r)
2025-07-06 15:24:56,999 - INFO - Filtres de recherche reçus: departure_city=montreal, destination_city=mirabel, date=2025-08-10, passenger_count=None, price_limit=None
2025-07-06 15:25:27,005 - ERROR - Erreur lors de la recherche de trajets: QueuePool limit of size 5 overflow 10 reached, connection timed out, timeout 30.00 (Background on this error at: https://sqlalche.me/e/20/3o7r)
2025-07-06 15:25:27,026 - INFO - Filtres de recherche reçus: departure_city=montreal, destination_city=mirabel, date=2025-08-10, passenger_count=None, price_limit=None
2025-07-06 15:25:57,054 - ERROR - Erreur lors de la recherche de trajets: QueuePool limit of size 5 overflow 10 reached, connection timed out, timeout 30.00 (Background on this error at: https://sqlalche.me/e/20/3o7r)
2025-07-06 15:25:57,060 - INFO - Filtres de recherche reçus: departure_city=montreal, destination_city=mirabel, date=2025-08-10, passenger_count=None, price_limit=None
2025-07-06 15:26:27,068 - ERROR - Erreur lors de la recherche de trajets: QueuePool limit of size 5 overflow 10 reached, connection timed out, timeout 30.00 (Background on this error at: https://sqlalche.me/e/20/3o7r)
2025-07-06 15:26:27,071 - INFO - Filtres de recherche reçus: departure_city=montreal, destination_city=mirabel, date=2025-08-10, passenger_count=None, price_limit=None
2025-07-06 15:26:57,078 - ERROR - Erreur lors de la recherche de trajets: QueuePool limit of size 5 overflow 10 reached, connection timed out, timeout 30.00 (Background on this error at: https://sqlalche.me/e/20/3o7r)
2025-07-06 15:26:57,084 - INFO - Filtres de recherche reçus: departure_city=montreal, destination_city=mirabel, date=2025-08-10, passenger_count=None, price_limit=None
2025-07-06 15:27:27,091 - ERROR - Erreur lors de la recherche de trajets: QueuePool limit of size 5 overflow 10 reached, connection timed out, timeout 30.00 (Background on this error at: https://sqlalche.me/e/20/3o7r)
2025-07-06 15:27:27,093 - INFO - Filtres de recherche reçus: departure_city=montreal, destination_city=mirabel, date=2025-08-10, passenger_count=None, price_limit=None
2025-07-06 15:27:57,104 - ERROR - Erreur lors de la recherche de trajets: QueuePool limit of size 5 overflow 10 reached, connection timed out, timeout 30.00 (Background on this error at: https://sqlalche.me/e/20/3o7r)
2025-07-06 15:27:57,133 - INFO - Filtres de recherche reçus: departure_city=montreal, destination_city=mirabel, date=2025-08-10, passenger_count=None, price_limit=None
2025-07-06 15:28:27,190 - ERROR - Erreur lors de la recherche de trajets: QueuePool limit of size 5 overflow 10 reached, connection timed out, timeout 30.00 (Background on this error at: https://sqlalche.me/e/20/3o7r)
2025-07-06 15:28:27,195 - INFO - Filtres de recherche reçus: departure_city=montreal, destination_city=mirabel, date=2025-08-10, passenger_count=None, price_limit=None
2025-07-06 15:28:57,227 - ERROR - Erreur lors de la recherche de trajets: QueuePool limit of size 5 overflow 10 reached, connection timed out, timeout 30.00 (Background on this error at: https://sqlalche.me/e/20/3o7r)
2025-07-06 15:28:57,260 - INFO - Filtres de recherche reçus: departure_city=montreal, destination_city=mirabel, date=2025-08-10, passenger_count=None, price_limit=None
2025-07-06 15:29:45,867 - INFO - Filtres de recherche reçus: departure_city=quebec, destination_city=montreal, date=2025-07-06, passenger_count=None, price_limit=None
2025-07-06 15:30:11,014 - INFO - Filtres de recherche reçus: departure_city=quebec, destination_city=montreal, date=2025-07-06, passenger_count=None, price_limit=None
2025-07-06 15:30:18,386 - INFO - Filtres de recherche reçus: departure_city=quebec, destination_city=montreal, date=2025-07-06, passenger_count=None, price_limit=None
2025-07-06 15:30:27,333 - INFO - Filtres de recherche reçus: departure_city=quebec, destination_city=montreal, date=2025-07-06, passenger_count=None, price_limit=None
2025-07-06 15:30:37,814 - INFO - Filtres de recherche reçus: departure_city=quebec, destination_city=montreal, date=2025-07-06, passenger_count=None, price_limit=None
2025-07-06 15:30:42,928 - INFO - Filtres de recherche reçus: departure_city=montreal, destination_city=gatineau, date=2025-07-06, passenger_count=None, price_limit=None
2025-07-06 15:30:48,836 - INFO - Filtres de recherche reçus: departure_city=laval, destination_city=sherbrooke, date=2025-07-06, passenger_count=None, price_limit=None
2025-07-06 15:31:55,168 - INFO - Filtres de recherche reçus: departure_city=laval, destination_city=sherbrooke, date=2025-07-07, passenger_count=None, price_limit=None
2025-07-06 15:31:59,892 - INFO - Filtres de recherche reçus: departure_city=laval, destination_city=sherbrooke, date=2025-07-08, passenger_count=None, price_limit=None
2025-07-06 15:32:03,790 - INFO - Filtres de recherche reçus: departure_city=quebec, destination_city=montreal, date=2025-07-08, passenger_count=None, price_limit=None
2025-07-06 15:32:12,068 - INFO - Filtres de recherche reçus: departure_city=quebec, destination_city=montreal, date=2025-07-08, passenger_count=None, price_limit=None
2025-07-06 15:32:20,864 - INFO - Filtres de recherche reçus: departure_city=quebec, destination_city=montreal, date=2025-07-06, passenger_count=None, price_limit=None
2025-07-06 15:32:35,194 - INFO - Filtres de recherche reçus: departure_city=quebec, destination_city=montreal, date=2025-07-07, passenger_count=None, price_limit=None
2025-07-06 15:32:41,234 - INFO - Filtres de recherche reçus: departure_city=quebec, destination_city=montreal, date=2025-07-08, passenger_count=None, price_limit=None
2025-07-06 15:32:47,028 - INFO - Filtres de recherche reçus: departure_city=laval, destination_city=sherbrooke, date=2025-07-08, passenger_count=None, price_limit=None
2025-07-06 15:32:54,416 - INFO - Filtres de recherche reçus: departure_city=laval, destination_city=sherbrooke, date=2025-07-08, passenger_count=None, price_limit=None
2025-07-06 15:33:05,226 - INFO - Filtres de recherche reçus: departure_city=laval, destination_city=sherbrooke, date=2025-07-08, passenger_count=None, price_limit=None
2025-07-06 15:33:49,514 - INFO - Filtres de recherche reçus: departure_city=laval, destination_city=sherbrooke, date=2025-07-08, passenger_count=None, price_limit=None
2025-07-06 15:34:01,873 - INFO - Filtres de recherche reçus: departure_city=laval, destination_city=sherbrooke, date=2025-07-08, passenger_count=None, price_limit=None
2025-07-06 15:34:39,054 - INFO - Filtres de recherche reçus: departure_city=laval, destination_city=sherbrooke, date=2025-07-06, passenger_count=None, price_limit=None
2025-07-06 16:13:57,923 - INFO - Message envoyé à RabbitMQ pour la création du voyage ID: bd336881-27bf-47e9-b917-05d478f5b16a
2025-07-06 16:13:57,945 - INFO - Voyage créé avec succès : 
2025-07-06 16:14:01,267 - INFO - Message envoyé à RabbitMQ pour la création du voyage ID: 0d5e91d4-8077-4674-8784-5b25c0c199ac
2025-07-06 16:14:01,279 - INFO - Voyage créé avec succès : 
2025-07-06 16:14:26,454 - INFO - Filtres de recherche reçus: departure_city=laval, destination_city=sherbrooke, date=2025-07-06, passenger_count=None, price_limit=None
2025-07-06 16:14:47,926 - INFO - Filtres de recherche reçus: departure_city=moncton, destination_city=bathurst, date=2025-07-06, passenger_count=None, price_limit=None
2025-07-06 16:14:53,906 - INFO - Filtres de recherche reçus: departure_city=moncton, destination_city=bathust, date=2025-07-06, passenger_count=None, price_limit=None
2025-07-06 16:17:54,415 - INFO - Filtres de recherche reçus: departure_city=moncton, destination_city=bathust, date=2025-07-06, passenger_count=None, price_limit=None
2025-07-06 16:18:42,675 - INFO - Filtres de recherche reçus: departure_city=moncton, destination_city=bathust, date=2025-07-06, passenger_count=None, price_limit=None
2025-07-06 16:19:48,703 - INFO - Filtres de recherche reçus: departure_city=moncton, destination_city=bathust, date=2025-07-06, passenger_count=None, price_limit=None
2025-07-06 16:20:40,770 - INFO - Filtres de recherche reçus: departure_city=moncton, destination_city=bathust, date=2025-07-06, passenger_count=None, price_limit=None
2025-07-06 16:21:26,790 - INFO - Filtres de recherche reçus: departure_city=moncton, destination_city=bathust, date=2025-07-06, passenger_count=None, price_limit=None
2025-07-06 16:22:17,967 - INFO - Filtres de recherche reçus: departure_city=moncton, destination_city=bathust, date=2025-07-06, passenger_count=None, price_limit=None
2025-07-06 16:22:54,981 - INFO - Filtres de recherche reçus: departure_city=moncton, destination_city=bathust, date=2025-07-06, passenger_count=None, price_limit=None
2025-07-06 16:23:40,255 - INFO - Filtres de recherche reçus: departure_city=moncton, destination_city=bathust, date=2025-07-06, passenger_count=None, price_limit=None
2025-07-06 16:24:02,137 - INFO - Filtres de recherche reçus: departure_city=moncton, destination_city=bathust, date=2025-07-06, passenger_count=None, price_limit=None
2025-07-06 18:32:15,416 - INFO - Filtres de recherche reçus: departure_city=montreal, destination_city=gatineau, date=2025-07-06, passenger_count=None, price_limit=None
2025-07-06 18:34:58,142 - INFO - Filtres de recherche reçus: departure_city=quebec, destination_city=montreal, date=2025-07-06, passenger_count=None, price_limit=None
2025-07-06 18:35:07,426 - INFO - Filtres de recherche reçus: departure_city=laval, destination_city=sherbrooke, date=2025-07-06, passenger_count=None, price_limit=None
2025-07-06 18:35:13,872 - INFO - Filtres de recherche reçus: departure_city=laval, destination_city=sherbrooke, date=2025-07-07, passenger_count=None, price_limit=None
2025-07-06 18:35:19,553 - INFO - Filtres de recherche reçus: departure_city=quebec, destination_city=montreal, date=2025-07-07, passenger_count=None, price_limit=None
2025-07-06 18:35:25,009 - INFO - Filtres de recherche reçus: departure_city=quebec, destination_city=montreal, date=2025-07-06, passenger_count=None, price_limit=None
2025-07-06 18:35:41,252 - INFO - Filtres de recherche reçus: departure_city=quebec, destination_city=ottawa, date=2025-07-06, passenger_count=None, price_limit=None
2025-07-06 18:35:51,144 - INFO - Filtres de recherche reçus: departure_city=montreal, destination_city=ottawa, date=2025-07-06, passenger_count=None, price_limit=None
2025-07-06 18:36:01,267 - INFO - Filtres de recherche reçus: departure_city=montreal, destination_city=ottawa, date=2025-08-10, passenger_count=None, price_limit=None
2025-07-06 18:36:31,490 - INFO - Filtres de recherche reçus: departure_city=montreal, destination_city=mirabel, date=2025-08-10, passenger_count=None, price_limit=None
2025-07-06 18:36:58,489 - INFO - Filtres de recherche reçus: departure_city=montreal, destination_city=mirabel, date=2025-07-06, passenger_count=None, price_limit=None
2025-07-06 18:42:44,875 - INFO - Filtres de recherche reçus: departure_city=montreal, destination_city=mirabel, date=2025-07-06, passenger_count=None, price_limit=None
2025-07-06 18:43:31,034 - INFO - Filtres de recherche reçus: departure_city=montreal, destination_city=mirabel, date=2025-07-06, passenger_count=None, price_limit=None
2025-07-06 18:43:44,500 - INFO - Filtres de recherche reçus: departure_city=montreal, destination_city=mirabel, date=2025-07-06, passenger_count=None, price_limit=None
2025-07-06 18:43:55,665 - INFO - Filtres de recherche reçus: departure_city=montreal, destination_city=gatineau, date=2025-07-06, passenger_count=None, price_limit=None
2025-07-06 18:44:09,517 - INFO - Filtres de recherche reçus: departure_city=montreal, destination_city=gatineau, date=2025-07-07, passenger_count=None, price_limit=None
2025-07-06 18:44:17,934 - INFO - Filtres de recherche reçus: departure_city=montreal, destination_city=gatineau, date=2025-07-08, passenger_count=None, price_limit=None
2025-07-06 18:44:23,552 - INFO - Filtres de recherche reçus: departure_city=montreal, destination_city=gatineau, date=2025-07-09, passenger_count=None, price_limit=None
2025-07-06 18:44:26,449 - INFO - Filtres de recherche reçus: departure_city=quebec, destination_city=montreal, date=2025-07-09, passenger_count=None, price_limit=None
2025-07-06 18:44:48,862 - INFO - Filtres de recherche reçus: departure_city=moncton, destination_city=bathust, date=2025-07-09, passenger_count=None, price_limit=None
2025-07-06 18:45:00,614 - INFO - Filtres de recherche reçus: departure_city=moncton, destination_city=bathust, date=2025-07-07, passenger_count=None, price_limit=None
2025-07-06 18:45:09,912 - INFO - Filtres de recherche reçus: departure_city=moncton, destination_city=bathust, date=2025-07-06, passenger_count=None, price_limit=None
2025-07-06 18:47:50,463 - INFO - Filtres de recherche reçus: departure_city=moncton, destination_city=bathust, date=2025-07-06, passenger_count=None, price_limit=None
2025-07-06 19:02:00,139 - INFO - Filtres de recherche reçus: departure_city=moncton, destination_city=bathust, date=2025-07-06, passenger_count=None, price_limit=None
2025-07-06 19:29:30,410 - INFO - Filtres de recherche reçus: departure_city=montreal, destination_city=gatineau, date=2025-07-06, passenger_count=None, price_limit=None
2025-07-06 19:41:05,417 - INFO - Filtres de recherche reçus: departure_city=montreal, destination_city=gatineau, date=2025-07-06, passenger_count=None, price_limit=None
2025-07-06 20:05:41,853 - INFO - Filtres de recherche reçus: departure_city=montreal, destination_city=gatineau, date=2025-07-06, passenger_count=None, price_limit=None
2025-07-06 20:21:10,141 - INFO - Filtres de recherche reçus: departure_city=montreal, destination_city=gatineau, date=2025-07-06, passenger_count=None, price_limit=None
2025-07-06 20:28:21,638 - INFO - Filtres de recherche reçus: departure_city=montreal, destination_city=gatineau, date=2025-07-06, passenger_count=None, price_limit=None
2025-07-06 20:28:24,894 - INFO - Filtres de recherche reçus: departure_city=quebec, destination_city=montreal, date=2025-07-06, passenger_count=None, price_limit=None
2025-07-06 20:28:28,805 - INFO - Filtres de recherche reçus: departure_city=laval, destination_city=sherbrooke, date=2025-07-06, passenger_count=None, price_limit=None
2025-07-06 20:41:12,320 - INFO - Filtres de recherche reçus: departure_city=montreal, destination_city=gatineau, date=2025-07-06, passenger_count=None, price_limit=None
2025-07-06 20:41:31,018 - INFO - Filtres de recherche reçus: departure_city=quebec, destination_city=montreal, date=2025-07-06, passenger_count=None, price_limit=None
2025-07-07 02:08:26,310 - INFO - Filtres de recherche reçus: departure_city=montreal, destination_city=gatineau, date=2025-07-07, passenger_count=None, price_limit=None
2025-07-07 02:08:34,441 - INFO - Filtres de recherche reçus: departure_city=montreal, destination_city=gatineau, date=2025-07-08, passenger_count=None, price_limit=None
2025-07-07 02:08:38,622 - INFO - Filtres de recherche reçus: departure_city=quebec, destination_city=montreal, date=2025-07-08, passenger_count=None, price_limit=None
2025-07-07 02:08:43,931 - INFO - Filtres de recherche reçus: departure_city=laval, destination_city=sherbrooke, date=2025-07-08, passenger_count=None, price_limit=None
2025-07-07 02:15:25,792 - INFO - Filtres de recherche reçus: departure_city=moncton, destination_city=toronto, date=2025-07-08, passenger_count=None, price_limit=None
2025-07-07 02:17:25,423 - INFO - Filtres de recherche reçus: departure_city=moncton, destination_city=toronto, date=2025-07-08, passenger_count=None, price_limit=None
2025-07-07 02:17:32,048 - INFO - Filtres de recherche reçus: departure_city=moncton, destination_city=toronto, date=2025-07-08, passenger_count=None, price_limit=None
2025-07-08 20:39:21,641 - INFO - Filtres de recherche reçus: departure_city=montreal, destination_city=gatineau, date=2025-07-08, passenger_count=None, price_limit=None
2025-07-08 20:39:24,533 - INFO - Filtres de recherche reçus: departure_city=quebec, destination_city=montreal, date=2025-07-08, passenger_count=None, price_limit=None
2025-07-08 20:39:27,711 - INFO - Filtres de recherche reçus: departure_city=laval, destination_city=sherbrooke, date=2025-07-08, passenger_count=None, price_limit=None
2025-07-08 22:48:49,212 - INFO - Filtres de recherche reçus: departure_city=montreal, destination_city=mirabel, date=2025-08-10, passenger_count=None, price_limit=None
2025-07-08 22:49:23,800 - INFO - Message envoyé à RabbitMQ pour la création du voyage ID: 91e892db-a158-4839-9600-a92382ce964d
2025-07-08 22:49:23,824 - INFO - Voyage créé avec succès : 
2025-07-08 22:49:33,467 - INFO - Message envoyé à RabbitMQ pour la création du voyage ID: e60a29de-6f93-442e-a2e6-fd99f7aa8d3a
2025-07-08 22:49:33,479 - INFO - Voyage créé avec succès : 
2025-07-08 23:25:16,487 - INFO - Filtres de recherche reçus: departure_city=moncton, destination_city=bathust, date=2025-07-08, passenger_count=None, price_limit=None
2025-07-08 23:52:10,371 - INFO - Filtres de recherche reçus: departure_city=moncton, destination_city=bathust, date=2025-07-08, passenger_count=None, price_limit=None
2025-07-09 00:01:39,258 - INFO - Filtres de recherche reçus: departure_city=moncton, destination_city=bathurst, date=2025-07-08, passenger_count=None, price_limit=None
2025-07-09 00:01:44,621 - INFO - Filtres de recherche reçus: departure_city=moncton, destination_city=bathust, date=2025-07-08, passenger_count=None, price_limit=None
2025-07-09 00:01:57,931 - INFO - Filtres de recherche reçus: departure_city=moncton, destination_city=bathust, date=2025-07-08, passenger_count=None, price_limit=None
2025-07-09 00:02:02,560 - INFO - Filtres de recherche reçus: departure_city=moncton, destination_city=bathust, date=2025-07-08, passenger_count=None, price_limit=None
2025-07-09 00:32:24,515 - INFO - Filtres de recherche reçus: departure_city=montreal, destination_city=gatineau, date=2025-07-09, passenger_count=None, price_limit=None
2025-07-09 00:36:52,313 - INFO - Filtres de recherche reçus: departure_city=quebec, destination_city=montreal, date=2025-07-09, passenger_count=None, price_limit=None
2025-07-09 00:37:20,164 - INFO - Filtres de recherche reçus: departure_city=montreal, destination_city=bathust, date=2025-07-09, passenger_count=None, price_limit=None
2025-07-09 00:37:42,415 - INFO - Message envoyé à RabbitMQ pour la création du voyage ID: 01cb2090-a0e8-4221-b587-672f05474a4d
2025-07-09 00:37:42,436 - INFO - Voyage créé avec succès : 
2025-07-09 00:37:57,420 - INFO - Filtres de recherche reçus: departure_city=moncton, destination_city=bathust, date=2025-07-09, passenger_count=None, price_limit=None
2025-07-09 02:33:11,739 - INFO - Message envoyé à RabbitMQ pour la création du voyage ID: 091a007c-b05b-40f0-8231-083804b09e9c
2025-07-09 02:33:11,757 - INFO - Voyage créé avec succès : 
2025-07-09 02:41:57,345 - ERROR - Erreur création trajet: (psycopg2.errors.UndefinedColumn) column "car_id" of relation "trips" does not exist
LINE 1: INSERT INTO trips (id, driver_id, car_id, departure_city, de...
                                          ^

[SQL: INSERT INTO trips (id, driver_id, car_id, departure_city, destination_city, departure_place, destination_place, departure_time, departure_date, total_price, available_seats, message, status, created_at, updated_at) VALUES (%(id)s::UUID, %(driver_id)s::UUID, %(car_id)s::UUID, %(departure_city)s, %(destination_city)s, %(departure_place)s, %(destination_place)s, %(departure_time)s, %(departure_date)s, %(total_price)s, %(available_seats)s, %(message)s, %(status)s, %(created_at)s, %(updated_at)s)]
[parameters: {'id': UUID('80322bd6-fd2e-42e5-91ab-721571f6021a'), 'driver_id': UUID('b6ef6b01-940a-40bd-b17c-79a5de4730ce'), 'car_id': None, 'departure_city': 'moncton', 'destination_city': 'bathust', 'departure_place': 'station saint michel', 'destination_place': 'Université ottawa', 'departure_time': datetime.time(19, 20), 'departure_date': datetime.date(2025, 7, 9), 'total_price': 20.0, 'available_seats': 6, 'message': ' only cats and dog ', 'status': <TripStatus.pending: 'pending'>, 'created_at': datetime.datetime(2025, 7, 9, 2, 41, 57), 'updated_at': datetime.datetime(2025, 7, 9, 2, 41, 57)}]
(Background on this error at: https://sqlalche.me/e/20/f405)
2025-07-09 02:45:19,980 - INFO - Message envoyé à RabbitMQ pour la création du voyage ID: bf4ad5e7-6453-4d3f-9906-bb892ff1aa55
2025-07-09 02:45:20,008 - ERROR - Erreur création trajet: 1 validation error for TripResponse
car_id
  Field required [type=missing, input_value={'id': UUID('bf4ad5e7-645...'moncton', price=10.0)]}, input_type=dict]
    For further information visit https://errors.pydantic.dev/2.10/v/missing
2025-07-09 02:46:24,752 - INFO - Message envoyé à RabbitMQ pour la création du voyage ID: 9fd9737d-e96b-4394-8613-f70bb71050bc
2025-07-09 02:46:24,770 - ERROR - Erreur création trajet: 1 validation error for TripResponse
car_id
  Field required [type=missing, input_value={'id': UUID('9fd9737d-e96...'moncton', price=10.0)]}, input_type=dict]
    For further information visit https://errors.pydantic.dev/2.10/v/missing
2025-07-09 03:00:39,975 - INFO - Message envoyé à RabbitMQ pour la création du voyage ID: 6f5088b4-5b89-4a4d-954d-f61c546c3cae
2025-07-09 03:00:40,001 - ERROR - Erreur création trajet: 1 validation error for TripResponse
car_id
  Field required [type=missing, input_value={'id': UUID('6f5088b4-5b8...'moncton', price=10.0)]}, input_type=dict]
    For further information visit https://errors.pydantic.dev/2.10/v/missing
2025-07-09 03:01:15,512 - INFO - Message envoyé à RabbitMQ pour la création du voyage ID: 10b0e69a-c808-4dc8-a113-86a52e626f80
2025-07-09 03:01:15,542 - ERROR - Erreur création trajet: 1 validation error for TripResponse
car_id
  Field required [type=missing, input_value={'id': UUID('10b0e69a-c80...'moncton', price=10.0)]}, input_type=dict]
    For further information visit https://errors.pydantic.dev/2.10/v/missing
2025-07-09 03:03:06,295 - INFO - Message envoyé à RabbitMQ pour la création du voyage ID: 169d5534-5160-4170-97c6-898de7c29c99
2025-07-09 03:03:06,318 - ERROR - Erreur création trajet: 1 validation error for TripResponse
car_id
  Field required [type=missing, input_value={'id': UUID('169d5534-516...'moncton', price=10.0)]}, input_type=dict]
    For further information visit https://errors.pydantic.dev/2.10/v/missing
2025-07-09 03:03:25,365 - INFO - Message envoyé à RabbitMQ pour la création du voyage ID: e872a840-604d-4eb0-9155-0b7d87e11483
2025-07-09 03:03:25,388 - ERROR - Erreur création trajet: 1 validation error for TripResponse
car_id
  Field required [type=missing, input_value={'id': UUID('e872a840-604...'moncton', price=10.0)]}, input_type=dict]
    For further information visit https://errors.pydantic.dev/2.10/v/missing
2025-07-09 03:05:37,293 - INFO - Message envoyé à RabbitMQ pour la création du voyage ID: 9fb7b51c-a40b-4615-8bcb-c30354a0b55c
2025-07-09 03:05:37,313 - INFO - Voyage créé avec succès : 
2025-07-09 03:56:28,258 - INFO - Filtres de recherche reçus: departure_city=montreal, destination_city=gatineau, date=2025-07-09, passenger_count=None, price_limit=None
2025-07-09 03:56:45,372 - INFO - Message envoyé à RabbitMQ pour la création du voyage ID: d3f7d4c8-c4d5-450f-b782-7a4719467081
2025-07-09 03:56:45,389 - INFO - Voyage créé avec succès : 
2025-07-09 03:56:48,719 - INFO - Filtres de recherche reçus: departure_city=montreal, destination_city=gatineau, date=2025-07-09, passenger_count=None, price_limit=None
2025-07-09 04:22:35,423 - INFO - Filtres de recherche reçus: departure_city=montreal, destination_city=gatineau, date=2025-07-09, passenger_count=None, price_limit=None
2025-07-09 04:24:14,811 - INFO - Filtres de recherche reçus: departure_city=montreal, destination_city=gatineau, date=2025-07-09, passenger_count=None, price_limit=None
2025-07-09 04:24:21,827 - INFO - Filtres de recherche reçus: departure_city=montreal, destination_city=gatineau, date=2025-07-09, passenger_count=None, price_limit=None
2025-07-09 04:24:24,483 - INFO - Filtres de recherche reçus: departure_city=montreal, destination_city=gatineau, date=2025-07-09, passenger_count=None, price_limit=None
2025-07-09 04:24:45,275 - INFO - Filtres de recherche reçus: departure_city=montreal, destination_city=gatineau, date=2025-07-09, passenger_count=None, price_limit=None
2025-07-09 04:25:20,530 - INFO - Filtres de recherche reçus: departure_city=montreal, destination_city=gatineau, date=2025-07-09, passenger_count=None, price_limit=None
2025-07-09 04:26:23,530 - INFO - Filtres de recherche reçus: departure_city=montreal, destination_city=gatineau, date=2025-07-09, passenger_count=None, price_limit=None
2025-07-09 04:27:33,395 - INFO - Filtres de recherche reçus: departure_city=montreal, destination_city=gatineau, date=2025-07-09, passenger_count=None, price_limit=None
2025-07-09 04:27:39,713 - INFO - Filtres de recherche reçus: departure_city=montreal, destination_city=gatineau, date=2025-07-09, passenger_count=None, price_limit=None
2025-07-09 04:27:53,145 - INFO - Filtres de recherche reçus: departure_city=montreal, destination_city=gatineau, date=2025-07-09, passenger_count=None, price_limit=None
2025-07-09 04:28:15,051 - INFO - Filtres de recherche reçus: departure_city=montreal, destination_city=gatineau, date=2025-07-09, passenger_count=None, price_limit=None
2025-07-09 04:28:39,617 - INFO - Filtres de recherche reçus: departure_city=montreal, destination_city=gatineau, date=2025-07-09, passenger_count=None, price_limit=None
2025-07-09 04:28:49,617 - INFO - Filtres de recherche reçus: departure_city=montreal, destination_city=gatineau, date=2025-07-09, passenger_count=None, price_limit=None
2025-07-09 04:28:56,948 - INFO - Filtres de recherche reçus: departure_city=montreal, destination_city=gatineau, date=2025-07-09, passenger_count=None, price_limit=None
2025-07-09 04:29:08,094 - INFO - Filtres de recherche reçus: departure_city=montreal, destination_city=gatineau, date=2025-07-09, passenger_count=None, price_limit=None
2025-07-09 04:29:57,674 - INFO - Filtres de recherche reçus: departure_city=montreal, destination_city=gatineau, date=2025-07-09, passenger_count=None, price_limit=None
2025-07-09 04:30:08,920 - INFO - Filtres de recherche reçus: departure_city=montreal, destination_city=gatineau, date=2025-07-09, passenger_count=None, price_limit=None
2025-07-09 04:30:50,480 - INFO - Filtres de recherche reçus: departure_city=montreal, destination_city=gatineau, date=2025-07-09, passenger_count=None, price_limit=None
2025-07-09 04:31:15,874 - INFO - Filtres de recherche reçus: departure_city=montreal, destination_city=gatineau, date=2025-07-09, passenger_count=None, price_limit=None
2025-07-09 04:32:34,109 - INFO - Filtres de recherche reçus: departure_city=montreal, destination_city=gatineau, date=2025-07-09, passenger_count=None, price_limit=None
2025-07-09 04:32:52,568 - INFO - Filtres de recherche reçus: departure_city=montreal, destination_city=gatineau, date=2025-07-09, passenger_count=None, price_limit=None
2025-07-09 04:33:29,518 - INFO - Filtres de recherche reçus: departure_city=montreal, destination_city=gatineau, date=2025-07-09, passenger_count=None, price_limit=None
2025-07-09 04:38:53,972 - INFO - Filtres de recherche reçus: departure_city=montreal, destination_city=gatineau, date=2025-07-09, passenger_count=None, price_limit=None
2025-07-09 04:57:07,117 - INFO - Message envoyé à RabbitMQ pour la création du voyage ID: 0293d724-fcf1-403a-baf9-6aa5f3830470
2025-07-09 04:57:07,134 - INFO - Voyage créé avec succès : 
2025-07-09 04:57:36,961 - INFO - Filtres de recherche reçus: departure_city=quebec, destination_city=montreal, date=2025-07-09, passenger_count=None, price_limit=None
2025-07-09 04:59:36,838 - INFO - Message envoyé à RabbitMQ pour la création du voyage ID: 7ba0133d-ec56-4b03-b9c1-0d5ad370caef
2025-07-09 04:59:36,848 - INFO - Voyage créé avec succès : 
2025-07-09 04:59:54,976 - INFO - Filtres de recherche reçus: departure_city=moncton, destination_city=montreal, date=2025-07-09, passenger_count=None, price_limit=None
2025-07-09 04:59:56,899 - INFO - Filtres de recherche reçus: departure_city=moncton, destination_city=montreal, date=2025-07-09, passenger_count=None, price_limit=None
2025-07-09 04:59:59,467 - INFO - Filtres de recherche reçus: departure_city=montreal, destination_city=gatineau, date=2025-07-09, passenger_count=None, price_limit=None
2025-07-09 05:03:45,289 - INFO - Message envoyé à RabbitMQ pour la création du voyage ID: 61b68021-3fdd-403b-8b1c-8fa29ddbd44a
2025-07-09 05:03:45,298 - INFO - Voyage créé avec succès : 
2025-07-09 05:08:50,968 - INFO - Message envoyé à RabbitMQ pour la création du voyage ID: ca5959c4-ef84-439f-9f55-ab1def34e74e
2025-07-09 05:08:50,973 - INFO - Voyage créé avec succès : 
2025-07-09 05:38:30,579 - INFO - Message envoyé à RabbitMQ pour la création du voyage ID: e5833620-c476-4df4-aebc-d74cb9454558
2025-07-09 05:38:30,584 - INFO - Voyage créé avec succès : 
2025-07-09 05:44:19,775 - INFO - Message envoyé à RabbitMQ pour la création du voyage ID: 111ede1a-71ee-437d-bb3b-d1a780cb6fdb
2025-07-09 05:44:19,817 - INFO - Voyage créé avec succès : 
2025-07-09 05:50:04,325 - INFO - Message envoyé à RabbitMQ pour la création du voyage ID: 71af2fe4-78b6-4590-a074-826b144bdcba
2025-07-09 05:50:04,330 - INFO - Voyage créé avec succès : 
2025-07-09 16:19:26,843 - INFO - Message envoyé à RabbitMQ pour la création du voyage ID: 5fb8cf9e-6916-4b46-9fa1-188ac138fee7
2025-07-09 16:19:26,862 - INFO - Voyage créé avec succès : 
2025-07-09 16:21:15,922 - INFO - Message envoyé à RabbitMQ pour la création du voyage ID: 3965095d-2049-418a-aa70-bb71345ac844
2025-07-09 16:21:15,934 - INFO - Voyage créé avec succès : 
2025-07-09 21:59:24,646 - INFO - Message envoyé à RabbitMQ pour la création du voyage ID: 13558d14-0645-4aa6-8fcc-88fc49f6a177
2025-07-09 21:59:24,664 - INFO - Voyage créé avec succès : 
2025-07-09 22:05:13,902 - INFO - Message envoyé à RabbitMQ pour la création du voyage ID: 161b0d33-5e7a-43a0-a21b-a5e6a27e8875
2025-07-09 22:05:13,912 - INFO - Voyage créé avec succès : 
2025-07-09 22:09:27,598 - INFO - Message envoyé à RabbitMQ pour la création du voyage ID: d21e32cf-353b-4998-b1b7-028f7f4691d8
2025-07-09 22:09:27,605 - INFO - Voyage créé avec succès : 
2025-07-09 22:18:20,656 - INFO - Filtres de recherche reçus: departure_city=moncton, destination_city=bathurst, date=2025-07-09, passenger_count=None, price_limit=None
2025-07-09 22:18:26,098 - INFO - Filtres de recherche reçus: departure_city=moncton, destination_city=bathurst, date=2025-07-09, passenger_count=None, price_limit=None
2025-07-09 22:25:47,045 - INFO - Filtres de recherche reçus: departure_city=montreal, qc, canada, destination_city=bathurst, nb, canada, date=2025-07-09, passenger_count=None, price_limit=None
2025-07-09 22:25:59,670 - INFO - Filtres de recherche reçus: departure_city=montreal, qc, canada, destination_city=bathurst, nb, canada, date=2025-07-10, passenger_count=None, price_limit=None
2025-07-09 22:26:24,227 - INFO - Filtres de recherche reçus: departure_city=montreal, qc, canada, destination_city=bathurst, nb, canada, date=2025-07-10, passenger_count=None, price_limit=None
2025-07-09 22:56:13,398 - INFO - Filtres de recherche reçus: departure_city=montreal, qc, canada, destination_city=bathurst, nb, canada, date=2025-07-09, passenger_count=None, price_limit=None
2025-07-09 23:10:31,817 - INFO - Message envoyé à RabbitMQ pour la création du voyage ID: b4b2b4cb-6e63-4e5d-9d1e-2420d4a68e03
2025-07-09 23:10:31,821 - INFO - Voyage créé avec succès : 
2025-07-09 23:11:23,769 - INFO - Filtres de recherche reçus: departure_city=varennes, destination_city=moncton, date=2025-07-09, passenger_count=None, price_limit=None
2025-07-09 23:27:12,953 - INFO - Filtres de recherche reçus: departure_city=varennes, destination_city=moncton, date=2025-07-09, passenger_count=None, price_limit=None
2025-07-09 23:28:14,587 - INFO - Filtres de recherche reçus: departure_city=varennes, destination_city=moncton, date=2025-07-09, passenger_count=None, price_limit=None
2025-07-09 23:28:17,814 - INFO - Filtres de recherche reçus: departure_city=varennes, destination_city=moncton, date=2025-07-09, passenger_count=None, price_limit=None
2025-07-10 00:04:05,221 - INFO - Message envoyé à RabbitMQ pour la création du voyage ID: a6c5cb4d-7bfe-467e-b9f7-7ff7391445b5
2025-07-10 00:04:05,227 - INFO - Voyage créé avec succès : 
2025-07-10 00:06:01,691 - INFO - Filtres de recherche reçus: departure_city=montreal, destination_city=moncton, date=2025-07-10, passenger_count=None, price_limit=None
2025-07-10 00:06:03,877 - INFO - Filtres de recherche reçus: departure_city=moncton, destination_city=montreal, date=2025-07-10, passenger_count=None, price_limit=None
2025-07-10 00:06:05,759 - INFO - Filtres de recherche reçus: departure_city=moncton, destination_city=montreal, date=2025-07-10, passenger_count=None, price_limit=None
2025-07-10 00:06:19,626 - INFO - Filtres de recherche reçus: departure_city=varennes, destination_city=montreal, date=2025-07-10, passenger_count=None, price_limit=None
2025-07-10 00:06:22,316 - INFO - Filtres de recherche reçus: departure_city=montreal, destination_city=gatineau, date=2025-07-10, passenger_count=None, price_limit=None
2025-07-10 00:06:46,950 - INFO - Filtres de recherche reçus: departure_city=varennes, destination_city=moncton, date=2025-07-10, passenger_count=None, price_limit=None
2025-07-10 00:07:34,986 - INFO - Filtres de recherche reçus: departure_city=trois riviere, destination_city=quebec city, date=2025-07-10, passenger_count=None, price_limit=None
2025-07-10 00:08:07,479 - INFO - Filtres de recherche reçus: departure_city=trois riviere, destination_city=quebec city, date=2025-08-10, passenger_count=None, price_limit=None
2025-07-10 00:08:10,241 - INFO - Filtres de recherche reçus: departure_city=trois riviere, destination_city=quebec city, date=2025-08-10, passenger_count=None, price_limit=None
2025-07-10 00:08:18,236 - INFO - Filtres de recherche reçus: departure_city=trois riviere, destination_city=quebec city, date=2025-08-08, passenger_count=None, price_limit=None
2025-07-10 00:08:34,643 - INFO - Filtres de recherche reçus: departure_city=trois riviere, destination_city=quebec city, date=2025-08-10, passenger_count=None, price_limit=None
2025-07-10 00:08:36,009 - INFO - Filtres de recherche reçus: departure_city=trois riviere, destination_city=quebec city, date=2025-08-10, passenger_count=None, price_limit=None
2025-07-10 00:08:36,773 - INFO - Filtres de recherche reçus: departure_city=trois riviere, destination_city=quebec city, date=2025-08-10, passenger_count=None, price_limit=None
2025-07-10 00:09:32,027 - INFO - Filtres de recherche reçus: departure_city=trois riviere, destination_city=quebec city, date=2025-08-10, passenger_count=None, price_limit=None
2025-07-10 00:09:33,921 - INFO - Filtres de recherche reçus: departure_city=trois riviere, destination_city=quebec city, date=2025-08-10, passenger_count=None, price_limit=None
2025-07-10 00:09:58,829 - INFO - Filtres de recherche reçus: departure_city=trois riviere, destination_city=quebec city, date=2025-08-10, passenger_count=None, price_limit=None
2025-07-10 00:10:33,684 - INFO - Filtres de recherche reçus: departure_city=trois riviere, destination_city=quebec city, date=2025-08-10, passenger_count=None, price_limit=None
2025-07-10 00:10:34,675 - INFO - Filtres de recherche reçus: departure_city=trois riviere, destination_city=quebec city, date=2025-08-10, passenger_count=None, price_limit=None
2025-07-10 00:10:57,684 - INFO - Filtres de recherche reçus: departure_city=trois riviere, destination_city=quebec city, date=2025-08-10, passenger_count=None, price_limit=None
2025-07-10 00:16:05,778 - INFO - Message envoyé à RabbitMQ pour la création du voyage ID: 3367bea8-2dc7-4fd4-ae1f-c736fdf849b6
2025-07-10 00:16:05,787 - INFO - Voyage créé avec succès : 
2025-07-10 00:16:55,137 - INFO - Message envoyé à RabbitMQ pour la création du voyage ID: 229c6474-7cc4-4d5a-8fba-f5c247cd444b
2025-07-10 00:16:55,142 - INFO - Voyage créé avec succès : 
2025-07-10 00:17:08,459 - INFO - Filtres de recherche reçus: departure_city=montreal, destination_city=saint eustache, date=2025-07-10, passenger_count=None, price_limit=None
2025-07-10 00:17:12,982 - INFO - Filtres de recherche reçus: departure_city=montreal, destination_city=saint-eustache, date=2025-07-10, passenger_count=None, price_limit=None
2025-07-10 00:17:33,670 - INFO - Filtres de recherche reçus: departure_city=montreal, destination_city=saint eustache, date=2025-07-10, passenger_count=None, price_limit=None
2025-07-10 00:17:40,500 - INFO - Filtres de recherche reçus: departure_city=montreal, destination_city=sainteustache, date=2025-07-10, passenger_count=None, price_limit=None
2025-07-10 00:18:08,089 - INFO - Filtres de recherche reçus: departure_city=montreal, destination_city=sainteustache, date=2025-07-10, passenger_count=None, price_limit=None
2025-07-10 00:18:16,575 - INFO - Filtres de recherche reçus: departure_city=montreal, destination_city=saint-eustache, date=2025-07-10, passenger_count=None, price_limit=None
2025-07-10 00:31:22,202 - INFO - Message envoyé à RabbitMQ pour la création du voyage ID: 7737fd36-c67f-4152-a58e-5ea3713c151d
2025-07-10 00:31:22,217 - INFO - Voyage créé avec succès : 
2025-07-10 00:31:31,978 - INFO - Filtres de recherche reçus: departure_city=montreal, destination_city=quebec, date=2025-07-10, passenger_count=None, price_limit=None
2025-07-10 00:36:22,775 - INFO - Filtres de recherche reçus: departure_city=montreal, destination_city=quebec, date=2025-07-10, passenger_count=None, price_limit=None
2025-07-10 00:37:05,717 - INFO - Filtres de recherche reçus: departure_city=montreal, destination_city=quebec, date=2025-07-10, passenger_count=None, price_limit=None
2025-07-10 00:37:53,639 - INFO - Message envoyé à RabbitMQ pour la création du voyage ID: 74332a3f-5fe6-4e8d-832b-d9c1c4d0977f
2025-07-10 00:37:53,643 - INFO - Voyage créé avec succès : 
2025-07-10 00:38:22,809 - INFO - Filtres de recherche reçus: departure_city=quebec, destination_city=montreal, date=2025-07-10, passenger_count=None, price_limit=None
2025-07-10 00:38:28,084 - INFO - Filtres de recherche reçus: departure_city=montreal, destination_city=quebec, date=2025-07-10, passenger_count=None, price_limit=None
2025-07-10 00:38:44,570 - INFO - Filtres de recherche reçus: departure_city=quebec, qc, canada, destination_city=montreal, qc, canada, date=2025-07-10, passenger_count=None, price_limit=None
2025-07-10 00:38:50,819 - INFO - Filtres de recherche reçus: departure_city=montreal, qc, canada, destination_city=quebec, qc, canada, date=2025-07-10, passenger_count=None, price_limit=None
2025-07-10 00:39:08,225 - INFO - Filtres de recherche reçus: departure_city=quebec, destination_city=montreal, date=2025-07-10, passenger_count=None, price_limit=None
2025-07-10 00:39:10,441 - INFO - Filtres de recherche reçus: departure_city=montreal, destination_city=quebec, date=2025-07-10, passenger_count=None, price_limit=None
2025-07-10 00:40:33,932 - INFO - Filtres de recherche reçus: departure_city=quebec, destination_city=montreal, date=2025-07-10, passenger_count=None, price_limit=None
2025-07-10 00:40:36,291 - INFO - Filtres de recherche reçus: departure_city=montreal, destination_city=quebec, date=2025-07-10, passenger_count=None, price_limit=None
2025-07-10 00:57:37,522 - INFO - Filtres de recherche reçus: departure_city=montreal, destination_city=quebec, date=2025-07-10, passenger_count=None, price_limit=None
2025-07-10 01:02:00,808 - INFO - Filtres de recherche reçus: departure_city=montreal, destination_city=gatineau, date=2025-07-10, passenger_count=None, price_limit=None
2025-07-10 01:02:02,864 - INFO - Filtres de recherche reçus: departure_city=quebec, destination_city=montreal, date=2025-07-10, passenger_count=None, price_limit=None
2025-07-10 01:02:04,929 - INFO - Filtres de recherche reçus: departure_city=montreal, destination_city=quebec, date=2025-07-10, passenger_count=None, price_limit=None
2025-07-10 01:03:52,197 - INFO - Filtres de recherche reçus: departure_city=montreal, destination_city=quebec, date=2025-07-10, passenger_count=None, price_limit=None
2025-07-10 01:11:28,395 - INFO - Filtres de recherche reçus: departure_city=montreal, destination_city=gatineau, date=2025-07-10, passenger_count=None, price_limit=None
2025-07-10 01:12:15,179 - INFO - Filtres de recherche reçus: departure_city=montreal, destination_city=quebec, date=2025-07-10, passenger_count=None, price_limit=None
2025-07-10 01:15:04,279 - INFO - Filtres de recherche reçus: departure_city=montreal, destination_city=gatineau, date=2025-07-10, passenger_count=None, price_limit=None
2025-07-10 01:20:19,559 - INFO - Filtres de recherche reçus: departure_city=montreal, destination_city=enderby, date=2025-07-10, passenger_count=None, price_limit=None
2025-07-10 01:20:22,587 - INFO - Filtres de recherche reçus: departure_city=quebec, destination_city=montreal, date=2025-07-10, passenger_count=None, price_limit=None
2025-07-10 01:22:25,732 - INFO - Filtres de recherche reçus: departure_city=quebec, qc, canada, destination_city=montreal, qc, canada, date=2025-07-10, passenger_count=None, price_limit=None
2025-07-10 01:26:27,992 - INFO - Filtres de recherche reçus: departure_city=montreal, destination_city=quebec, date=2025-07-10, passenger_count=None, price_limit=None
2025-07-10 01:27:34,404 - INFO - Filtres de recherche reçus: departure_city=quebec, destination_city=montreal, date=2025-07-10, passenger_count=None, price_limit=None
2025-07-10 16:29:59,096 - INFO - Filtres de recherche reçus: departure_city=quebec, destination_city=montreal, date=2025-07-10, passenger_count=None, price_limit=None
2025-07-10 16:30:01,737 - INFO - Filtres de recherche reçus: departure_city=montreal, destination_city=quebec, date=2025-07-10, passenger_count=None, price_limit=None
2025-07-10 16:30:19,971 - INFO - Filtres de recherche reçus: departure_city=montreal, destination_city=gatineau, date=2025-07-10, passenger_count=None, price_limit=None
2025-07-10 16:30:23,767 - INFO - Filtres de recherche reçus: departure_city=gatineau, destination_city=montreal, date=2025-07-10, passenger_count=None, price_limit=None
2025-07-10 16:30:43,823 - INFO - Filtres de recherche reçus: departure_city=montreal, destination_city=moncton, date=2025-07-10, passenger_count=None, price_limit=None
2025-07-10 16:30:47,541 - INFO - Filtres de recherche reçus: departure_city=moncton, destination_city=montreal, date=2025-07-10, passenger_count=None, price_limit=None
2025-07-10 21:17:27,560 - INFO - Filtres de recherche reçus: departure_city=montreal, destination_city=quebec, date=2025-07-10, passenger_count=None, price_limit=None
2025-07-10 21:18:27,029 - INFO - Filtres de recherche reçus: departure_city=quebec, destination_city=montreal, date=2025-07-10, passenger_count=None, price_limit=None
2025-07-10 21:18:32,767 - INFO - Filtres de recherche reçus: departure_city=montreal, destination_city=quebec, date=2025-07-10, passenger_count=None, price_limit=None
2025-07-10 21:18:37,440 - INFO - Filtres de recherche reçus: departure_city=montreal, destination_city=quebec, date=2025-07-10, passenger_count=None, price_limit=None
2025-07-10 21:18:50,704 - INFO - Filtres de recherche reçus: departure_city=quebec, destination_city=montreal, date=2025-07-10, passenger_count=None, price_limit=None
2025-07-11 03:31:28,626 - INFO - Message envoyé à RabbitMQ pour la création du voyage ID: 96249e22-7653-409f-be35-4ad35e74d0e5
2025-07-11 03:31:28,638 - INFO - Voyage créé avec succès : 
2025-07-11 03:48:08,579 - INFO - Filtres de recherche reçus: departure_city=montreal, destination_city=quebec, date=2025-07-11, passenger_count=None, price_limit=None
2025-07-11 15:52:52,582 - INFO - Filtres de recherche reçus: departure_city=quebec, destination_city=montreal, date=2025-07-11, passenger_count=None, price_limit=None
2025-07-11 15:52:54,788 - INFO - Filtres de recherche reçus: departure_city=montreal, destination_city=quebec, date=2025-07-11, passenger_count=None, price_limit=None
2025-07-11 15:54:34,739 - INFO - Message envoyé à RabbitMQ pour la création du voyage ID: 2835e1ae-13a0-4e29-adc2-4364feb9a5be
2025-07-11 15:54:34,744 - INFO - Voyage créé avec succès : 
2025-07-11 15:54:41,743 - INFO - Filtres de recherche reçus: departure_city=quebec, destination_city=montreal, date=2025-07-11, passenger_count=None, price_limit=None
2025-07-11 15:54:44,686 - INFO - Filtres de recherche reçus: departure_city=montreal, destination_city=quebec, date=2025-07-11, passenger_count=None, price_limit=None
2025-07-11 15:58:49,587 - INFO - Message envoyé à RabbitMQ pour la création du voyage ID: eda3a7c4-dc0b-4f13-9ced-8e3b4ce8c4f8
2025-07-11 15:58:49,591 - INFO - Voyage créé avec succès : 
2025-07-11 15:59:46,654 - INFO - Message envoyé à RabbitMQ pour la création du voyage ID: 004ca28d-cadb-4957-8e1f-860206bafd08
2025-07-11 15:59:46,663 - INFO - Voyage créé avec succès : 
2025-07-11 16:01:15,712 - INFO - Message envoyé à RabbitMQ pour la création du voyage ID: 9776aedd-a6fe-4e79-a0e5-4e1350fd9d11
2025-07-11 16:01:15,725 - INFO - Voyage créé avec succès : 
2025-07-11 16:01:27,402 - INFO - Filtres de recherche reçus: departure_city=quebec, destination_city=montreal, date=2025-07-11, passenger_count=None, price_limit=None
2025-07-11 16:10:23,146 - INFO - Message envoyé à RabbitMQ pour la création du voyage ID: 1001deb3-994f-4343-be67-19b2bebef727
2025-07-11 16:10:23,152 - INFO - Voyage créé avec succès : 
2025-07-11 16:13:31,620 - INFO - Filtres de recherche reçus: departure_city=quebec, destination_city=montreal, date=2025-07-11, passenger_count=None, price_limit=None
2025-07-11 16:13:34,867 - INFO - Filtres de recherche reçus: departure_city=montreal, destination_city=quebec, date=2025-07-11, passenger_count=None, price_limit=None
2025-07-11 16:19:18,428 - INFO - Message envoyé à RabbitMQ pour la création du voyage ID: d389269a-0bb9-4744-a795-3c2e101fb581
2025-07-11 16:19:18,432 - INFO - Voyage créé avec succès : 
2025-07-11 16:19:38,021 - INFO - Filtres de recherche reçus: departure_city=de quen-nord, destination_city=restoule, date=2025-07-11, passenger_count=None, price_limit=None
2025-07-11 16:20:36,146 - INFO - Message envoyé à RabbitMQ pour la création du voyage ID: a65a3097-513d-4df7-8407-31a4e76ec38b
2025-07-11 16:20:36,153 - INFO - Voyage créé avec succès : 
2025-07-11 16:20:39,931 - INFO - Filtres de recherche reçus: departure_city=quebec, destination_city=montreal, date=2025-07-11, passenger_count=None, price_limit=None
2025-07-11 16:26:41,326 - INFO - Message envoyé à RabbitMQ pour la création du voyage ID: 0f9234df-856f-4f64-8497-892a4d2a4f5d
2025-07-11 16:26:41,331 - INFO - Voyage créé avec succès : 
2025-07-11 16:27:04,492 - INFO - Filtres de recherche reçus: departure_city=bouchette, destination_city=montreal, date=2025-07-11, passenger_count=None, price_limit=None
2025-07-11 16:34:59,246 - INFO - Filtres de recherche reçus: departure_city=bouchette, destination_city=montreal, date=2025-07-11, passenger_count=None, price_limit=None
2025-07-11 21:02:47,502 - INFO - Filtres de recherche reçus: departure_city=montreal, destination_city=gatineau, date=2025-07-11, passenger_count=None, price_limit=None
2025-07-11 21:02:53,211 - INFO - Filtres de recherche reçus: departure_city=gatineau, destination_city=montreal, date=2025-07-11, passenger_count=None, price_limit=None
2025-07-11 21:03:02,761 - INFO - Filtres de recherche reçus: departure_city=quebec, destination_city=montreal, date=2025-07-11, passenger_count=None, price_limit=None
2025-07-11 21:14:22,229 - INFO - Message envoyé à RabbitMQ pour la création du voyage ID: 078e320a-e29d-4e29-8d88-fde47c3078d2
2025-07-11 21:14:22,235 - INFO - Voyage créé avec succès : 
2025-07-11 21:15:20,735 - INFO - Message envoyé à RabbitMQ pour la création du voyage ID: 3b1a4dcd-0a76-4a62-8399-189ce9c8b5a5
2025-07-11 21:15:20,742 - INFO - Voyage créé avec succès : 
2025-07-11 21:32:42,823 - INFO - Message envoyé à RabbitMQ pour la création du voyage ID: 57eb296a-919e-4f72-a710-edb8cdc2c796
2025-07-11 21:32:42,833 - INFO - Voyage créé avec succès : 
2025-07-11 21:34:02,636 - INFO - Message envoyé à RabbitMQ pour la création du voyage ID: e5fad4cd-2c04-4559-95d7-c94fddfe860b
2025-07-11 21:34:02,640 - INFO - Voyage créé avec succès : 
2025-07-11 21:42:17,727 - INFO - Message envoyé à RabbitMQ pour la création du voyage ID: 97fbdc6e-b4e8-4b68-a4cf-7a5dd0441c8d
2025-07-11 21:42:17,735 - INFO - Voyage créé avec succès : 
2025-07-11 21:44:03,920 - INFO - Filtres de recherche reçus: departure_city=quebec, destination_city=montreal, date=2025-07-11, passenger_count=None, price_limit=None
2025-07-11 21:44:12,750 - INFO - Filtres de recherche reçus: departure_city=montreal, destination_city=quebec, date=2025-07-11, passenger_count=None, price_limit=None
2025-07-11 21:48:43,722 - INFO - Message envoyé à RabbitMQ pour la création du voyage ID: 75d699aa-b256-4dd6-b4ca-b5262f9c3b3a
2025-07-11 21:48:43,734 - INFO - Voyage créé avec succès : 
2025-07-11 21:49:29,876 - INFO - Filtres de recherche reçus: departure_city=moncton, destination_city=montreal, date=2025-07-11, passenger_count=None, price_limit=None
2025-07-11 22:30:52,835 - INFO - Message envoyé à RabbitMQ pour la création du voyage ID: d4f5f594-174b-4332-91d2-7dd40f8bdc42
2025-07-11 22:30:52,843 - INFO - Voyage créé avec succès : 
2025-07-11 22:31:58,532 - INFO - Message envoyé à RabbitMQ pour la création du voyage ID: b8706dd8-3b83-475d-ab09-ea33aed0a64b
2025-07-11 22:31:58,536 - INFO - Voyage créé avec succès : 
2025-07-11 22:33:13,936 - INFO - Filtres de recherche reçus: departure_city=quebec, destination_city=montreal, date=2025-07-11, passenger_count=None, price_limit=None
2025-07-11 22:33:54,767 - INFO - Filtres de recherche reçus: departure_city=quebec, destination_city=bathurst, date=2025-07-11, passenger_count=None, price_limit=None
2025-07-11 22:34:17,366 - INFO - Filtres de recherche reçus: departure_city=bathurst, destination_city=tracadie-sheila, date=2025-07-11, passenger_count=None, price_limit=None
2025-07-11 22:34:36,531 - INFO - Filtres de recherche reçus: departure_city=quebec, destination_city=tracadie-sheila, date=2025-07-11, passenger_count=None, price_limit=None
2025-07-11 22:34:51,200 - INFO - Filtres de recherche reçus: departure_city=quebec, destination_city=campbellton, date=2025-07-11, passenger_count=None, price_limit=None
2025-07-11 22:35:35,209 - INFO - Filtres de recherche reçus: departure_city=bathurst, destination_city=tracadie-sheila, date=2025-07-11, passenger_count=None, price_limit=None
2025-07-11 22:35:39,908 - INFO - Filtres de recherche reçus: departure_city=tracadie-sheila, destination_city=bathurst, date=2025-07-11, passenger_count=None, price_limit=None
2025-07-11 22:35:47,472 - INFO - Filtres de recherche reçus: departure_city=bathurst, destination_city=tracadie-sheila, date=2025-07-11, passenger_count=None, price_limit=None
2025-07-11 22:35:58,921 - INFO - Filtres de recherche reçus: departure_city=bathurst, destination_city=tracadie-sheila, date=2025-07-12, passenger_count=None, price_limit=None
2025-07-11 22:36:12,914 - INFO - Filtres de recherche reçus: departure_city=bathurst, destination_city=tracadie-sheila, date=2025-07-12, passenger_count=None, price_limit=None
2025-07-11 22:36:49,994 - INFO - Message envoyé à RabbitMQ pour la création du voyage ID: a63edf6f-2dc8-4516-a987-178af918174d
2025-07-11 22:36:49,999 - INFO - Voyage créé avec succès : 
2025-07-11 22:37:02,912 - INFO - Filtres de recherche reçus: departure_city=bathurst, destination_city=tracadie-sheila, date=2025-07-11, passenger_count=None, price_limit=None
2025-07-11 22:37:14,796 - INFO - Filtres de recherche reçus: departure_city=bathurst, destination_city=tracadie-sheila, date=2025-07-11, passenger_count=None, price_limit=None
2025-07-11 22:37:24,337 - INFO - Filtres de recherche reçus: departure_city=bathurst, destination_city=tracadie-sheila, date=2025-07-11, passenger_count=None, price_limit=None
2025-07-11 22:37:30,208 - INFO - Filtres de recherche reçus: departure_city=bathurst, destination_city=tracadie-sheila, date=2025-07-11, passenger_count=None, price_limit=None
2025-07-11 22:37:53,176 - INFO - Filtres de recherche reçus: departure_city=quebec, destination_city=tracadie-sheila, date=2025-07-11, passenger_count=None, price_limit=None
2025-07-11 22:40:27,417 - INFO - Filtres de recherche reçus: departure_city=quebec, destination_city=moncton, date=2025-07-11, passenger_count=None, price_limit=None
2025-07-11 22:41:10,184 - INFO - Filtres de recherche reçus: departure_city=quebec, destination_city=montreal, date=2025-07-11, passenger_count=None, price_limit=None
2025-07-11 22:42:00,408 - INFO - Filtres de recherche reçus: departure_city=bathurst, destination_city=tracadie sheila, date=2025-07-11, passenger_count=None, price_limit=None
2025-07-11 22:44:10,165 - INFO - Message envoyé à RabbitMQ pour la création du voyage ID: 7ed56d92-6e56-450d-a43f-dbc6cf9156bc
2025-07-11 22:44:10,171 - INFO - Voyage créé avec succès : 
2025-07-11 22:44:24,189 - INFO - Filtres de recherche reçus: departure_city=montreal, destination_city=toronto, date=2025-07-11, passenger_count=None, price_limit=None
2025-07-11 22:44:54,184 - INFO - Filtres de recherche reçus: departure_city=montreal, destination_city=toronto, date=2025-07-11, passenger_count=None, price_limit=None
2025-07-11 22:45:11,151 - INFO - Filtres de recherche reçus: departure_city=montreal, destination_city=toronto, date=2025-07-11, passenger_count=None, price_limit=None
2025-07-11 22:45:21,220 - INFO - Filtres de recherche reçus: departure_city=montreal, destination_city=toronto, date=2025-07-11, passenger_count=None, price_limit=None
2025-07-11 22:45:29,080 - INFO - Filtres de recherche reçus: departure_city=montreal, destination_city=toronto, date=2025-07-11, passenger_count=None, price_limit=None
2025-07-11 22:45:36,566 - INFO - Filtres de recherche reçus: departure_city=montreal, destination_city=toronto, date=2025-07-11, passenger_count=None, price_limit=None
2025-07-11 22:46:00,018 - INFO - Filtres de recherche reçus: departure_city=montreal, destination_city=toronto, date=2025-07-11, passenger_count=None, price_limit=None
2025-07-11 22:47:46,766 - INFO - Filtres de recherche reçus: departure_city=quebec, destination_city=montreal, date=2025-07-11, passenger_count=None, price_limit=None
2025-07-11 22:48:02,894 - INFO - Filtres de recherche reçus: departure_city=quebec, destination_city=montreal, date=2025-07-11, passenger_count=None, price_limit=None
2025-07-11 23:35:57,830 - INFO - Filtres de recherche reçus: departure_city=quebec, destination_city=montreal, date=2025-07-11, passenger_count=None, price_limit=None
2025-07-11 23:45:58,248 - INFO - Aucun voyage trouvé pour le conducteur avec l'ID b3c8fc05-a834-4872-bf8e-48a638854edd.
2025-07-11 23:46:01,283 - INFO - Aucun voyage trouvé pour le conducteur avec l'ID b3c8fc05-a834-4872-bf8e-48a638854edd.
2025-07-11 23:46:53,123 - INFO - Aucun voyage trouvé pour le conducteur avec l'ID b3c8fc05-a834-4872-bf8e-48a638854edd.
2025-07-11 23:47:50,314 - INFO - Message envoyé à RabbitMQ pour la création du voyage ID: 1334a907-1e62-4688-ae43-a275677d5868
2025-07-11 23:47:50,319 - INFO - Voyage créé avec succès : 
2025-07-11 23:49:39,127 - INFO - Message envoyé à RabbitMQ pour la création du voyage ID: c790ce25-cb27-470c-84bf-8278fb09c7ca
2025-07-11 23:49:39,137 - INFO - Voyage créé avec succès : 
2025-07-11 23:58:27,669 - INFO - Filtres de recherche reçus: departure_city=quebec, destination_city=montreal, date=2025-07-12, passenger_count=None, price_limit=None
2025-07-11 23:58:30,212 - INFO - Filtres de recherche reçus: departure_city=montreal, destination_city=quebec, date=2025-07-12, passenger_count=None, price_limit=None
2025-07-11 23:59:12,287 - INFO - Filtres de recherche reçus: departure_city=montreal, destination_city=moncton, date=2025-07-12, passenger_count=None, price_limit=None
2025-07-12 00:00:16,030 - INFO - Message envoyé à RabbitMQ pour la création du voyage ID: 875c2b43-e476-4fb9-96fc-2cd4c6e0d087
2025-07-12 00:00:16,034 - INFO - Voyage créé avec succès : 
2025-07-12 00:00:27,824 - INFO - Filtres de recherche reçus: departure_city=montreal, destination_city=moncton, date=2025-07-12, passenger_count=None, price_limit=None
2025-07-12 00:00:31,280 - INFO - Filtres de recherche reçus: departure_city=montreal, destination_city=moncton, date=2025-07-12, passenger_count=None, price_limit=None
2025-07-12 00:01:25,062 - INFO - Filtres de recherche reçus: departure_city=moncton, destination_city=montreal, date=2025-07-12, passenger_count=None, price_limit=None
2025-07-12 00:09:13,922 - INFO - Filtres de recherche reçus: departure_city=montreal, destination_city=gatineau, date=2025-07-12, passenger_count=None, price_limit=None
2025-07-12 00:09:24,949 - INFO - Filtres de recherche reçus: departure_city=montreal, destination_city=gatineau, date=2025-07-12, passenger_count=None, price_limit=None
2025-07-12 00:09:28,402 - INFO - Filtres de recherche reçus: departure_city=montreal, destination_city=moncton, date=2025-07-12, passenger_count=None, price_limit=None
2025-07-12 00:09:31,630 - INFO - Filtres de recherche reçus: departure_city=moncton, destination_city=montreal, date=2025-07-12, passenger_count=None, price_limit=None
2025-07-12 00:09:40,576 - INFO - Filtres de recherche reçus: departure_city=moncton, destination_city=montreal, date=2025-07-12, passenger_count=None, price_limit=None
2025-07-12 00:10:22,750 - INFO - Filtres de recherche reçus: departure_city=moncton, destination_city=montreal, date=2025-07-12, passenger_count=None, price_limit=None
2025-07-12 00:13:13,734 - INFO - Filtres de recherche reçus: departure_city=montreal, destination_city=moncton, date=2025-07-12, passenger_count=None, price_limit=None
2025-07-12 00:13:16,101 - INFO - Filtres de recherche reçus: departure_city=moncton, destination_city=montreal, date=2025-07-12, passenger_count=None, price_limit=None
2025-07-12 00:14:24,406 - INFO - Filtres de recherche reçus: departure_city=montreal, destination_city=moncton, date=2025-07-12, passenger_count=None, price_limit=None
2025-07-12 00:14:26,924 - INFO - Filtres de recherche reçus: departure_city=moncton, destination_city=montreal, date=2025-07-12, passenger_count=None, price_limit=None
2025-07-12 01:27:07,365 - INFO - Filtres de recherche reçus: departure_city=quebec, destination_city=montreal, date=2025-07-12, passenger_count=None, price_limit=None
2025-07-12 01:27:09,717 - INFO - Filtres de recherche reçus: departure_city=montreal, destination_city=quebec, date=2025-07-12, passenger_count=None, price_limit=None
2025-07-12 01:28:14,046 - INFO - Message envoyé à RabbitMQ pour la création du voyage ID: 49f837f0-42f4-4145-b2a4-0995d75c9ecd
2025-07-12 01:28:14,052 - INFO - Voyage créé avec succès : 
2025-07-12 01:28:17,765 - INFO - Filtres de recherche reçus: departure_city=quebec, destination_city=montreal, date=2025-07-12, passenger_count=None, price_limit=None
2025-07-12 01:51:56,217 - INFO - Filtres de recherche reçus: departure_city=gatineau, destination_city=montreal, date=2025-07-12, passenger_count=None, price_limit=None
2025-07-12 15:39:07,511 - INFO - Filtres de recherche reçus: departure_city=moncton, destination_city=montreal, date=2025-07-12, passenger_count=None, price_limit=None
2025-07-12 15:39:14,374 - INFO - Filtres de recherche reçus: departure_city=quebec, destination_city=montreal, date=2025-07-12, passenger_count=None, price_limit=None
2025-07-12 15:39:29,216 - INFO - Filtres de recherche reçus: departure_city=moncton, destination_city=montreal, date=2025-07-12, passenger_count=None, price_limit=None
2025-07-12 15:39:32,943 - INFO - Filtres de recherche reçus: departure_city=montreal, destination_city=moncton, date=2025-07-12, passenger_count=None, price_limit=None
2025-07-12 15:41:16,939 - INFO - Message envoyé à RabbitMQ pour la création du voyage ID: 13076900-da4e-4fc8-882e-aa48c3602336
2025-07-12 15:41:16,945 - INFO - Voyage créé avec succès : 
2025-07-12 15:42:15,251 - INFO - Message envoyé à RabbitMQ pour la création du voyage ID: a8a15c3d-3e2e-417f-9012-760048c27892
2025-07-12 15:42:15,255 - INFO - Voyage créé avec succès : 
2025-07-12 15:47:22,514 - INFO - Filtres de recherche reçus: departure_city=montreal, destination_city=moncton, date=2025-07-12, passenger_count=None, price_limit=None
2025-07-12 15:47:24,843 - INFO - Filtres de recherche reçus: departure_city=moncton, destination_city=montreal, date=2025-07-12, passenger_count=None, price_limit=None
2025-07-12 15:48:04,408 - INFO - Filtres de recherche reçus: departure_city=moncton, destination_city=montreal, date=2025-07-12, passenger_count=None, price_limit=None
2025-07-12 15:52:59,025 - INFO - Message envoyé à RabbitMQ pour la création du voyage ID: 1dbc77cc-e63b-40b3-992d-8a9cbb841463
2025-07-12 15:52:59,038 - INFO - Voyage créé avec succès : 
2025-07-12 15:53:51,258 - INFO - Filtres de recherche reçus: departure_city=montreal, destination_city=fredericton, date=2025-07-12, passenger_count=None, price_limit=None
2025-07-12 16:12:16,046 - INFO - Filtres de recherche reçus: departure_city=quebec, destination_city=montreal, date=2025-07-12, passenger_count=None, price_limit=None
2025-07-12 16:12:27,852 - INFO - Filtres de recherche reçus: departure_city=moncton, destination_city=montreal, date=2025-07-12, passenger_count=None, price_limit=None
2025-07-12 16:12:31,468 - INFO - Filtres de recherche reçus: departure_city=montreal, destination_city=moncton, date=2025-07-12, passenger_count=None, price_limit=None
2025-07-12 16:12:35,833 - INFO - Filtres de recherche reçus: departure_city=montreal, destination_city=moncton, date=2025-07-12, passenger_count=None, price_limit=None
2025-07-12 16:14:10,264 - INFO - Filtres de recherche reçus: departure_city=montreal, destination_city=gatineau, date=2025-07-12, passenger_count=None, price_limit=None
2025-07-12 16:14:23,862 - INFO - Filtres de recherche reçus: departure_city=montreal, destination_city=gatineau, date=2025-07-12, passenger_count=None, price_limit=None
2025-07-12 16:14:28,053 - INFO - Filtres de recherche reçus: departure_city=montreal, destination_city=moncton, date=2025-07-12, passenger_count=None, price_limit=None
2025-07-12 16:14:33,695 - INFO - Filtres de recherche reçus: departure_city=montreal, destination_city=moncton, date=2025-07-12, passenger_count=None, price_limit=None
2025-07-12 16:14:36,409 - INFO - Filtres de recherche reçus: departure_city=montreal, destination_city=moncton, date=2025-07-12, passenger_count=None, price_limit=None
2025-07-12 16:50:38,149 - INFO - Aucun voyage trouvé pour le conducteur avec l'ID 42f9bc51-9f3c-43ad-b16f-55e9c022f2ed.
2025-07-12 17:17:49,706 - INFO - Aucun voyage trouvé pour le conducteur avec l'ID 42f9bc51-9f3c-43ad-b16f-55e9c022f2ed.
2025-07-12 19:23:09,534 - INFO - Filtres de recherche reçus: departure_city=montreal, destination_city=gatineau, date=2025-07-12, passenger_count=None, price_limit=None
2025-07-12 19:23:11,597 - INFO - Filtres de recherche reçus: departure_city=gatineau, destination_city=montreal, date=2025-07-12, passenger_count=None, price_limit=None
2025-07-12 19:27:54,472 - INFO - Filtres de recherche reçus: departure_city=moncton, destination_city=montreal, date=2025-07-12, passenger_count=None, price_limit=None
2025-07-12 19:28:06,191 - INFO - Filtres de recherche reçus: departure_city=moncton, destination_city=montreal, date=2025-07-12, passenger_count=None, price_limit=None
2025-07-12 19:28:11,925 - INFO - Filtres de recherche reçus: departure_city=montreal, destination_city=moncton, date=2025-07-12, passenger_count=None, price_limit=None
2025-07-12 19:35:48,388 - INFO - Message envoyé à RabbitMQ pour la création du voyage ID: 608b2f64-43f9-444c-8cf7-5a81c965dfdc
2025-07-12 19:35:48,417 - INFO - Voyage créé avec succès : 
2025-07-12 19:35:59,924 - INFO - Filtres de recherche reçus: departure_city=montreal, destination_city=moncton, date=2025-07-12, passenger_count=None, price_limit=None
2025-07-12 19:36:02,060 - INFO - Filtres de recherche reçus: departure_city=moncton, destination_city=montreal, date=2025-07-12, passenger_count=None, price_limit=None
2025-07-12 20:05:26,831 - INFO - Message envoyé à RabbitMQ pour la création du voyage ID: f9fec720-9dcb-41c5-8deb-11bdeb344456
2025-07-12 20:05:26,844 - INFO - Voyage créé avec succès : 
2025-07-12 20:05:45,552 - INFO - Filtres de recherche reçus: departure_city=moncton, destination_city=montreal, date=2025-07-12, passenger_count=None, price_limit=None
2025-07-12 20:06:07,337 - INFO - Filtres de recherche reçus: departure_city=shippagan, destination_city=montreal, date=2025-07-12, passenger_count=None, price_limit=None
2025-07-12 21:40:21,302 - INFO - Filtres de recherche reçus: departure_city=montreal, destination_city=gatineau, date=2025-07-12, passenger_count=None, price_limit=None
2025-07-12 21:40:32,570 - INFO - Filtres de recherche reçus: departure_city=montreal, destination_city=gatineau, date=2025-07-12, passenger_count=None, price_limit=None
2025-07-12 21:40:35,949 - INFO - Filtres de recherche reçus: departure_city=montreal, destination_city=moncton, date=2025-07-12, passenger_count=None, price_limit=None
2025-07-12 22:08:11,713 - INFO - Filtres de recherche reçus: departure_city=quebec, destination_city=montreal, date=2025-07-12, passenger_count=None, price_limit=None
2025-07-12 22:08:17,202 - INFO - Filtres de recherche reçus: departure_city=montreal, destination_city=quebec, date=2025-07-12, passenger_count=None, price_limit=None
2025-07-13 19:04:23,651 - INFO - Filtres de recherche reçus: departure_city=quebec, destination_city=montreal, date=2025-07-13, passenger_count=None, price_limit=None
2025-07-13 19:31:50,228 - INFO - Filtres de recherche reçus: departure_city=montreal, destination_city=moncton, date=2025-07-13, passenger_count=None, price_limit=None
2025-07-13 19:31:54,709 - INFO - Filtres de recherche reçus: departure_city=moncton, destination_city=montreal, date=2025-07-13, passenger_count=None, price_limit=None
2025-07-13 19:32:06,860 - INFO - Filtres de recherche reçus: departure_city=shippagan, destination_city=montreal, date=2025-07-13, passenger_count=None, price_limit=None
2025-07-13 19:32:09,183 - INFO - Filtres de recherche reçus: departure_city=montreal, destination_city=shippagan, date=2025-07-13, passenger_count=None, price_limit=None
2025-07-13 22:11:10,794 - INFO - Aucun voyage trouvé pour le conducteur avec l'ID 97e601a1-88b1-49cd-99cc-13f4d92f3ffe.
2025-07-13 22:12:41,184 - INFO - Filtres de recherche reçus: departure_city=moncton, destination_city=montreal, date=2025-07-13, passenger_count=None, price_limit=None
2025-07-13 22:13:01,935 - INFO - Filtres de recherche reçus: departure_city=moncton, destination_city=montreal, date=2025-07-13, passenger_count=None, price_limit=None
2025-07-13 22:13:04,220 - INFO - Filtres de recherche reçus: departure_city=montreal, destination_city=moncton, date=2025-07-13, passenger_count=None, price_limit=None
2025-07-13 22:14:01,997 - INFO - Filtres de recherche reçus: departure_city=montreal, destination_city=moncton, date=2025-07-14, passenger_count=None, price_limit=None
2025-07-13 22:14:06,844 - INFO - Filtres de recherche reçus: departure_city=moncton, destination_city=montreal, date=2025-07-14, passenger_count=None, price_limit=None
2025-07-13 22:14:21,752 - INFO - Filtres de recherche reçus: departure_city=montreal, destination_city=moncton, date=2025-07-14, passenger_count=None, price_limit=None
2025-07-13 22:14:46,212 - INFO - Filtres de recherche reçus: departure_city=montreal, destination_city=moncton, date=2025-07-14, passenger_count=None, price_limit=None
2025-07-13 22:15:48,526 - INFO - Message envoyé à RabbitMQ pour la création du voyage ID: 69da6363-dbaa-400c-9646-91ea2312a0bf
2025-07-13 22:15:48,590 - INFO - Voyage créé avec succès : 
2025-07-13 22:16:02,317 - INFO - Filtres de recherche reçus: departure_city=montreal, destination_city=gatineau, date=2025-07-13, passenger_count=None, price_limit=None
2025-07-13 22:16:12,976 - INFO - Filtres de recherche reçus: departure_city=gatineau, destination_city=montreal, date=2025-07-13, passenger_count=None, price_limit=None
2025-07-13 22:16:34,211 - INFO - Message envoyé à RabbitMQ pour la création du voyage ID: 76661d8a-dcbf-4b9d-910f-536090e7af51
2025-07-13 22:16:34,225 - INFO - Voyage créé avec succès : 
2025-07-13 22:16:38,035 - INFO - Filtres de recherche reçus: departure_city=gatineau, destination_city=montreal, date=2025-07-14, passenger_count=None, price_limit=None
2025-07-13 22:16:40,889 - INFO - Filtres de recherche reçus: departure_city=montreal, destination_city=gatineau, date=2025-07-14, passenger_count=None, price_limit=None
2025-07-13 22:17:06,203 - INFO - Message envoyé à RabbitMQ pour la création du voyage ID: e5f33f18-c555-4626-88c1-153e0fc5c63e
2025-07-13 22:17:06,221 - INFO - Voyage créé avec succès : 
2025-07-13 22:17:09,553 - INFO - Filtres de recherche reçus: departure_city=quebec, destination_city=montreal, date=2025-07-14, passenger_count=None, price_limit=None
2025-07-13 22:17:12,902 - INFO - Filtres de recherche reçus: departure_city=montreal, destination_city=quebec, date=2025-07-14, passenger_count=None, price_limit=None
2025-07-13 22:18:33,533 - INFO - Filtres de recherche reçus: departure_city=montreal, destination_city=quebec, date=2025-07-14, passenger_count=None, price_limit=None
2025-07-13 22:21:20,167 - INFO - Filtres de recherche reçus: departure_city=montreal, destination_city=quebec, date=2025-07-14, passenger_count=None, price_limit=None
2025-07-13 22:21:27,319 - INFO - Filtres de recherche reçus: departure_city=montreal, destination_city=quebec, date=2025-07-14, passenger_count=None, price_limit=None
2025-07-13 22:25:08,818 - INFO - Filtres de recherche reçus: departure_city=montreal, destination_city=quebec, date=2025-07-14, passenger_count=None, price_limit=None
2025-07-13 22:27:10,426 - INFO - Filtres de recherche reçus: departure_city=montreal, destination_city=gatineau, date=2025-07-13, passenger_count=None, price_limit=None
2025-07-13 22:27:20,763 - INFO - Filtres de recherche reçus: departure_city=montreal, destination_city=gatineau, date=2025-07-13, passenger_count=None, price_limit=None
2025-07-13 22:27:26,553 - INFO - Filtres de recherche reçus: departure_city=montreal, destination_city=quebec, date=2025-07-13, passenger_count=None, price_limit=None
2025-07-13 22:27:30,102 - INFO - Filtres de recherche reçus: departure_city=quebec, destination_city=montreal, date=2025-07-13, passenger_count=None, price_limit=None
2025-07-13 22:27:36,935 - INFO - Filtres de recherche reçus: departure_city=quebec, destination_city=montreal, date=2025-07-14, passenger_count=None, price_limit=None
2025-07-13 22:27:40,030 - INFO - Filtres de recherche reçus: departure_city=montreal, destination_city=quebec, date=2025-07-14, passenger_count=None, price_limit=None
2025-07-13 22:29:39,974 - INFO - Message envoyé à RabbitMQ pour la création du voyage ID: 56e95c9b-620c-48f1-b89b-1ba830cc0323
2025-07-13 22:29:40,000 - INFO - Voyage créé avec succès : 
2025-07-13 22:29:46,602 - INFO - Filtres de recherche reçus: departure_city=montreal, destination_city=quebec, date=2025-07-14, passenger_count=None, price_limit=None
2025-07-13 22:30:52,232 - INFO - Filtres de recherche reçus: departure_city=montreal, destination_city=quebec, date=2025-07-14, passenger_count=None, price_limit=None
2025-07-13 22:33:27,440 - INFO - Aucun voyage trouvé pour le conducteur avec l'ID 97e601a1-88b1-49cd-99cc-13f4d92f3ffe.
2025-07-13 22:42:33,317 - INFO - Message envoyé à RabbitMQ pour la création du voyage ID: c04f521e-0b72-44a6-b60a-f67084fc79e6
2025-07-13 22:42:33,412 - INFO - Voyage créé avec succès : 
2025-07-13 22:43:31,630 - INFO - Filtres de recherche reçus: departure_city=montreal, destination_city=moncton, date=2025-07-13, passenger_count=None, price_limit=None
2025-07-13 22:43:34,982 - INFO - Filtres de recherche reçus: departure_city=moncton, destination_city=montreal, date=2025-07-13, passenger_count=None, price_limit=None
2025-07-13 22:43:43,587 - INFO - Filtres de recherche reçus: departure_city=moncton, destination_city=montreal, date=2025-07-14, passenger_count=None, price_limit=None
2025-07-13 22:45:52,740 - INFO - Filtres de recherche reçus: departure_city=moncton, destination_city=montreal, date=2025-07-14, passenger_count=None, price_limit=None
2025-07-13 23:06:34,733 - INFO - Aucun voyage trouvé pour le conducteur avec l'ID 685fdcb6-d813-4df8-a03d-2a3f09e15753.
2025-07-13 23:07:27,683 - INFO - Filtres de recherche reçus: departure_city=montreal, destination_city=moncton, date=2025-07-13, passenger_count=None, price_limit=None
2025-07-13 23:07:29,678 - INFO - Filtres de recherche reçus: departure_city=moncton, destination_city=montreal, date=2025-07-13, passenger_count=None, price_limit=None
2025-07-13 23:07:34,669 - INFO - Filtres de recherche reçus: departure_city=moncton, destination_city=montreal, date=2025-07-14, passenger_count=None, price_limit=None
2025-07-13 23:07:37,043 - INFO - Filtres de recherche reçus: departure_city=montreal, destination_city=moncton, date=2025-07-14, passenger_count=None, price_limit=None
2025-07-13 23:09:06,045 - INFO - Aucun voyage trouvé pour le conducteur avec l'ID 685fdcb6-d813-4df8-a03d-2a3f09e15753.
2025-07-13 23:10:30,943 - INFO - Message envoyé à RabbitMQ pour la création du voyage ID: acb4f77e-ee76-4d63-8aec-ef29a63a37ad
2025-07-13 23:10:30,949 - INFO - Voyage créé avec succès : 
2025-07-13 23:10:47,864 - INFO - Filtres de recherche reçus: departure_city=toronto, destination_city=montreal, date=2025-07-13, passenger_count=None, price_limit=None
2025-07-31 01:30:09,045 - INFO - Aucun voyage trouvé pour le conducteur avec l'ID 51e17818-45c9-485d-96d3-f7c1f22270af.
2025-07-31 01:30:12,427 - INFO - Aucun voyage trouvé pour le conducteur avec l'ID 51e17818-45c9-485d-96d3-f7c1f22270af.
2025-07-31 01:31:23,556 - INFO - Aucun voyage trouvé pour le conducteur avec l'ID 51e17818-45c9-485d-96d3-f7c1f22270af.
2025-07-31 01:31:31,521 - INFO - Aucun voyage trouvé pour le conducteur avec l'ID 51e17818-45c9-485d-96d3-f7c1f22270af.
2025-07-31 01:31:39,905 - INFO - Aucun voyage trouvé pour le conducteur avec l'ID 51e17818-45c9-485d-96d3-f7c1f22270af.
2025-07-31 02:49:09,874 - INFO - Filtres de recherche reçus: departure_city=montreal, destination_city=gatineau, date=2025-07-31, passenger_count=None, price_limit=None
2025-07-31 02:52:17,860 - INFO - Message envoyé à RabbitMQ pour la création du voyage ID: 43517841-f136-4971-9062-0d6b83c52403
2025-07-31 02:52:17,868 - INFO - Voyage créé avec succès : 
2025-07-31 02:52:35,795 - INFO - Filtres de recherche reçus: departure_city=montreal, destination_city=bathurst, date=2025-07-31, passenger_count=None, price_limit=None
2025-07-31 02:52:38,170 - INFO - Filtres de recherche reçus: departure_city=montreal, destination_city=bathurst, date=2025-07-31, passenger_count=None, price_limit=None
2025-07-31 02:52:54,029 - INFO - Filtres de recherche reçus: departure_city=montreal, destination_city=bathurst, date=2025-08-01, passenger_count=None, price_limit=None
2025-07-31 03:52:31,244 - INFO - Message envoyé à RabbitMQ pour la création du voyage ID: fb38e074-8f8c-4a7d-8c06-bac95c49c01a
2025-07-31 03:52:31,249 - INFO - Voyage créé avec succès : 
2025-07-31 04:06:22,519 - INFO - Message envoyé à RabbitMQ pour la création du voyage ID: 6f2f92c3-9275-4f8b-9dc0-acce5848c0b8
2025-07-31 04:06:22,524 - INFO - Voyage créé avec succès : 
2025-07-31 04:43:09,009 - INFO - Message envoyé à RabbitMQ pour la création du voyage ID: fccbdced-0d4f-41eb-ad3c-c13198affa5f
2025-07-31 04:43:09,014 - INFO - Voyage créé avec succès : 
2025-08-27 02:09:13,290 - INFO - Message envoyé à RabbitMQ pour la création du voyage ID: 08d0dc96-a6b3-40d8-b50e-9567730c2672
2025-08-27 02:09:13,297 - INFO - Voyage créé avec succès : 
2025-08-27 02:09:46,269 - INFO - Filtres de recherche reçus: departure_city=montreal, destination_city=bathurst, date=2025-08-27, passenger_count=None, price_limit=None
2025-08-27 02:09:48,152 - INFO - Filtres de recherche reçus: departure_city=montreal, destination_city=bathurst, date=2025-08-27, passenger_count=None, price_limit=None
2025-08-27 02:10:07,486 - INFO - Filtres de recherche reçus: departure_city=montreal, destination_city=bathurst, date=2025-08-27, passenger_count=None, price_limit=None
2025-08-27 02:10:15,159 - INFO - Filtres de recherche reçus: departure_city=montreal, destination_city=bathurst, date=2025-08-28, passenger_count=None, price_limit=None
2025-08-27 02:11:17,094 - INFO - Filtres de recherche reçus: departure_city=montreal, destination_city=bathurst, date=2025-08-27, passenger_count=None, price_limit=None
2025-08-27 02:11:24,074 - INFO - Filtres de recherche reçus: departure_city=montreal, destination_city=bathurst, date=2025-08-27, passenger_count=None, price_limit=None
2025-08-27 02:13:41,113 - INFO - Message envoyé à RabbitMQ pour la création du voyage ID: 9f0cfe38-9c58-4046-9dce-904a1811b735
2025-08-27 02:13:41,121 - INFO - Voyage créé avec succès : 
2025-08-27 02:14:06,321 - INFO - Filtres de recherche reçus: departure_city=montreal, destination_city=bathurst, date=2025-08-28, passenger_count=None, price_limit=None
2025-08-27 02:14:13,712 - INFO - Filtres de recherche reçus: departure_city=montreal, destination_city=bathurst, date=2025-08-29, passenger_count=None, price_limit=None
2025-08-27 02:14:22,600 - INFO - Filtres de recherche reçus: departure_city=montreal, destination_city=bathurst, date=2025-08-27, passenger_count=None, price_limit=None
2025-08-27 02:14:32,873 - INFO - Filtres de recherche reçus: departure_city=montreal, destination_city=bathurst, date=2025-08-30, passenger_count=None, price_limit=None
2025-08-27 02:15:16,296 - INFO - Filtres de recherche reçus: departure_city=montreal, destination_city=bathurst, date=2025-08-30, passenger_count=None, price_limit=None
2025-08-27 02:15:20,156 - INFO - Message envoyé à RabbitMQ pour la création du voyage ID: e76d8dcf-c9d1-4419-a8c3-d039eb3667ad
2025-08-27 02:15:20,161 - INFO - Voyage créé avec succès : 
2025-08-27 02:15:44,080 - INFO - Filtres de recherche reçus: departure_city=montreal, destination_city=bathurst, date=2025-08-27, passenger_count=None, price_limit=None
2025-08-27 02:15:52,597 - INFO - Filtres de recherche reçus: departure_city=montreal, destination_city=bathurst, date=2025-08-29, passenger_count=None, price_limit=None
2025-08-27 02:21:07,221 - INFO - Filtres de recherche reçus: departure_city=montreal, destination_city=bathurst, date=2025-08-29, passenger_count=None, price_limit=None
2025-08-27 02:26:57,343 - INFO - Filtres de recherche reçus: departure_city=montreal, destination_city=bathurst, date=2025-08-29, passenger_count=None, price_limit=None
2025-08-27 02:32:47,883 - INFO - Message envoyé à RabbitMQ pour la création du voyage ID: 1684f719-f329-4182-9076-58d5237b635f
2025-08-27 02:32:47,887 - INFO - Voyage créé avec succès : 
2025-08-27 02:32:55,000 - INFO - Filtres de recherche reçus: departure_city=montreal, destination_city=gatineau, date=2025-08-27, passenger_count=None, price_limit=None
2025-08-27 02:34:05,051 - INFO - Message envoyé à RabbitMQ pour la création du voyage ID: 2540b525-cd6e-4bd8-9cbf-e14a4d7ad38f
2025-08-27 02:34:05,056 - INFO - Voyage créé avec succès : 
2025-08-27 02:34:13,671 - INFO - Filtres de recherche reçus: departure_city=montreal, destination_city=gatineau, date=2025-08-29, passenger_count=None, price_limit=None
2025-08-27 02:34:31,035 - INFO - Filtres de recherche reçus: departure_city=montreal, destination_city=gatineau, date=2025-08-28, passenger_count=None, price_limit=None
2025-08-27 02:44:14,709 - INFO - Message envoyé à RabbitMQ pour la création du voyage ID: 2e773700-2c60-40ef-80d7-e137dde8e5ff
2025-08-27 02:44:14,713 - INFO - Voyage créé avec succès : 
2025-08-27 02:51:58,607 - INFO - Filtres de recherche reçus: departure_city=montreal, destination_city=gatineau, date=2025-08-28, passenger_count=None, price_limit=None
2025-08-27 02:53:19,149 - INFO - Message envoyé à RabbitMQ pour la création du voyage ID: e8ceb6a9-a1cc-4624-a300-368a0b54cd77
2025-08-27 02:53:19,153 - INFO - Voyage créé avec succès : 
2025-08-27 02:53:25,032 - INFO - Filtres de recherche reçus: departure_city=quebec, destination_city=montreal, date=2025-08-27, passenger_count=None, price_limit=None
2025-08-27 02:53:29,295 - INFO - Filtres de recherche reçus: departure_city=quebec, destination_city=montreal, date=2025-08-28, passenger_count=None, price_limit=None
2025-08-27 03:02:06,574 - INFO - Filtres de recherche reçus: departure_city=quebec, destination_city=montreal, date=2025-08-28, passenger_count=None, price_limit=None
2025-08-27 03:02:33,489 - INFO - Filtres de recherche reçus: departure_city=quebec, destination_city=montreal, date=2025-08-29, passenger_count=None, price_limit=None
2025-08-27 03:02:42,393 - INFO - Filtres de recherche reçus: departure_city=quebec, destination_city=montreal, date=2025-08-29, passenger_count=None, price_limit=None
2025-08-27 03:02:50,249 - INFO - Filtres de recherche reçus: departure_city=quebec, destination_city=montreal, date=2025-08-28, passenger_count=None, price_limit=None
2025-08-27 03:02:53,891 - INFO - Filtres de recherche reçus: departure_city=quebec, destination_city=montreal, date=2025-08-28, passenger_count=None, price_limit=None
2025-08-27 03:03:25,706 - INFO - Filtres de recherche reçus: departure_city=quebec, destination_city=montreal, date=2025-08-29, passenger_count=None, price_limit=None
2025-08-27 03:04:02,673 - INFO - Filtres de recherche reçus: departure_city=quebec, destination_city=montreal, date=2025-08-29, passenger_count=None, price_limit=None
2025-08-27 03:05:11,853 - INFO - Message envoyé à RabbitMQ pour la création du voyage ID: 6a209936-4245-45b6-a69a-4712767b7b99
2025-08-27 03:05:11,890 - INFO - Voyage créé avec succès : 
2025-08-27 03:06:09,721 - INFO - Message envoyé à RabbitMQ pour la création du voyage ID: bed45788-6cc0-4c63-9d38-acdc6a77feaa
2025-08-27 03:06:09,726 - INFO - Voyage créé avec succès : 
2025-08-27 03:06:15,353 - INFO - Filtres de recherche reçus: departure_city=montreal, destination_city=gatineau, date=2025-08-27, passenger_count=None, price_limit=None
2025-08-27 03:06:20,661 - INFO - Filtres de recherche reçus: departure_city=montreal, destination_city=gatineau, date=2025-08-28, passenger_count=None, price_limit=None
2025-08-27 03:09:45,288 - INFO - Message envoyé à RabbitMQ pour la création du voyage ID: 96b47972-8a26-4ad1-8a84-08df6d272787
2025-08-27 03:09:45,292 - INFO - Voyage créé avec succès : 
2025-08-27 03:09:51,089 - INFO - Filtres de recherche reçus: departure_city=montreal, destination_city=gatineau, date=2025-08-27, passenger_count=None, price_limit=None
2025-08-27 03:09:57,335 - INFO - Filtres de recherche reçus: departure_city=montreal, destination_city=gatineau, date=2025-08-28, passenger_count=None, price_limit=None
2025-08-27 16:49:02,447 - INFO - Message envoyé à RabbitMQ pour la création du voyage ID: 385bec24-6313-4838-898e-687557c5590a
2025-08-27 16:49:02,451 - INFO - Voyage créé avec succès : 
2025-08-27 16:50:00,530 - INFO - Message envoyé à RabbitMQ pour la création du voyage ID: f3cfce90-b9b3-4a60-a18f-a30f17381d00
2025-08-27 16:50:00,557 - INFO - Voyage créé avec succès : 
2025-08-27 16:50:10,444 - INFO - Filtres de recherche reçus: departure_city=montreal, destination_city=gatineau, date=2025-08-30, passenger_count=None, price_limit=None
2025-08-27 16:50:15,995 - INFO - Filtres de recherche reçus: departure_city=montreal, destination_city=gatineau, date=2025-08-29, passenger_count=None, price_limit=None
2025-08-27 17:01:38,213 - INFO - Filtres de recherche reçus: departure_city=montreal, destination_city=gatineau, date=2025-08-29, passenger_count=None, price_limit=None
2025-08-27 17:02:52,320 - INFO - Filtres de recherche reçus: departure_city=montreal, destination_city=gatineau, date=2025-08-29, passenger_count=None, price_limit=None
2025-08-27 20:50:40,159 - INFO - Filtres de recherche reçus: departure_city=montreal, destination_city=gatineau, date=2025-08-29, passenger_count=None, price_limit=None
2025-08-27 21:04:09,873 - INFO - Filtres de recherche reçus: departure_city=montreal, destination_city=gatineau, date=2025-08-29, passenger_count=None, price_limit=None
2025-08-27 21:04:23,582 - INFO - Filtres de recherche reçus: departure_city=montreal, destination_city=gatineau, date=2025-08-29, passenger_count=None, price_limit=None
2025-08-27 21:17:03,639 - INFO - Filtres de recherche reçus: departure_city=montreal, destination_city=gatineau, date=2025-08-29, passenger_count=None, price_limit=None
2025-08-27 21:17:17,152 - INFO - Filtres de recherche reçus: departure_city=montreal, destination_city=gatineau, date=2025-08-27, passenger_count=None, price_limit=None
2025-08-27 21:17:27,943 - INFO - Filtres de recherche reçus: departure_city=montreal, destination_city=gatineau, date=2025-08-29, passenger_count=None, price_limit=None
2025-08-27 21:17:37,501 - INFO - Filtres de recherche reçus: departure_city=montreal, destination_city=gatineau, date=2025-08-28, passenger_count=None, price_limit=None
2025-08-27 21:17:46,616 - INFO - Filtres de recherche reçus: departure_city=montreal, destination_city=gatineau, date=2025-08-30, passenger_count=None, price_limit=None
2025-08-27 21:17:55,758 - INFO - Filtres de recherche reçus: departure_city=quebec, destination_city=montreal, date=2025-08-30, passenger_count=None, price_limit=None
2025-08-27 21:17:58,095 - INFO - Filtres de recherche reçus: departure_city=montreal, destination_city=quebec, date=2025-08-30, passenger_count=None, price_limit=None
2025-08-27 21:18:14,011 - INFO - Filtres de recherche reçus: departure_city=montreal, destination_city=gatineau, date=2025-08-29, passenger_count=None, price_limit=None
2025-08-27 21:18:26,948 - INFO - Filtres de recherche reçus: departure_city=montreal, destination_city=gatineau, date=2025-08-29, passenger_count=None, price_limit=None
2025-08-27 21:18:35,073 - INFO - Filtres de recherche reçus: departure_city=montreal, destination_city=gatineau, date=2025-08-29, passenger_count=None, price_limit=None
2025-08-27 21:18:42,977 - INFO - Filtres de recherche reçus: departure_city=montreal, destination_city=gatineau, date=2025-08-29, passenger_count=None, price_limit=None
2025-08-27 21:18:50,844 - INFO - Filtres de recherche reçus: departure_city=montreal, destination_city=gatineau, date=2025-08-29, passenger_count=None, price_limit=None
2025-08-27 21:18:57,483 - INFO - Filtres de recherche reçus: departure_city=montreal, destination_city=gatineau, date=2025-08-29, passenger_count=None, price_limit=None
2025-08-27 21:19:03,760 - INFO - Filtres de recherche reçus: departure_city=montreal, destination_city=gatineau, date=2025-08-29, passenger_count=None, price_limit=None
2025-08-27 21:19:16,150 - INFO - Filtres de recherche reçus: departure_city=montreal, destination_city=gatineau, date=2025-08-29, passenger_count=None, price_limit=None
2025-08-27 21:19:24,146 - INFO - Filtres de recherche reçus: departure_city=montreal, destination_city=gatineau, date=2025-08-29, passenger_count=None, price_limit=None
2025-08-27 21:19:28,642 - INFO - Filtres de recherche reçus: departure_city=montreal, destination_city=gatineau, date=2025-08-29, passenger_count=None, price_limit=None
2025-08-27 21:19:36,066 - INFO - Filtres de recherche reçus: departure_city=montreal, destination_city=gatineau, date=2025-08-29, passenger_count=None, price_limit=None
2025-08-27 21:19:42,912 - INFO - Filtres de recherche reçus: departure_city=montreal, destination_city=gatineau, date=2025-08-29, passenger_count=None, price_limit=None
2025-08-27 21:19:49,764 - INFO - Filtres de recherche reçus: departure_city=montreal, destination_city=gatineau, date=2025-08-29, passenger_count=None, price_limit=None
2025-08-27 21:20:15,587 - INFO - Filtres de recherche reçus: departure_city=montreal, destination_city=gatineau, date=2025-08-29, passenger_count=None, price_limit=None
2025-08-27 21:20:26,545 - INFO - Filtres de recherche reçus: departure_city=montreal, destination_city=gatineau, date=2025-08-29, passenger_count=None, price_limit=None
2025-08-27 21:20:37,292 - INFO - Filtres de recherche reçus: departure_city=montreal, destination_city=gatineau, date=2025-08-29, passenger_count=None, price_limit=None
2025-08-27 21:21:11,268 - INFO - Filtres de recherche reçus: departure_city=montreal, destination_city=gatineau, date=2025-08-29, passenger_count=None, price_limit=None
2025-08-27 21:21:27,878 - INFO - Filtres de recherche reçus: departure_city=montreal, destination_city=gatineau, date=2025-08-29, passenger_count=None, price_limit=None
2025-08-27 21:22:58,377 - INFO - Message envoyé à RabbitMQ pour la création du voyage ID: e48235cc-08d5-4f1d-900c-ecdfde72b934
2025-08-27 21:22:58,385 - INFO - Voyage créé avec succès : 
2025-08-27 21:23:10,013 - INFO - Filtres de recherche reçus: departure_city=montreal, destination_city=gatineau, date=2025-08-29, passenger_count=None, price_limit=None
2025-08-28 02:06:01,722 - INFO - Filtres de recherche reçus: departure_city=montreal, destination_city=gatineau, date=2025-08-28, passenger_count=None, price_limit=None
2025-08-28 02:08:48,923 - INFO - Filtres de recherche reçus: departure_city=montreal, destination_city=gatineau, date=2025-08-28, passenger_count=None, price_limit=None
2025-08-28 02:09:04,078 - INFO - Filtres de recherche reçus: departure_city=montreal, destination_city=gatineau, date=2025-08-28, passenger_count=None, price_limit=None
2025-08-28 02:45:00,150 - INFO - Filtres de recherche reçus: departure_city=quebec, destination_city=montreal, date=2025-08-28, passenger_count=None, price_limit=None
2025-08-30 19:37:39,959 - INFO - Filtres de recherche reçus: departure_city=montreal, destination_city=gatineau, date=2025-08-30, passenger_count=None, price_limit=None
2025-08-31 03:22:31,615 - ERROR - Erreur lors de la réservation: reserve_seat_service() takes 2 positional arguments but 3 were given
2025-08-31 03:24:53,232 - INFO - Réservation réussie pour le trajet ID 385bec24-6313-4838-898e-687557c5590a. Places restantes: 1
2025-08-31 03:24:53,234 - INFO - Réservation de 2 place(s) réussie pour le trajet 385bec24-6313-4838-898e-687557c5590a
2025-08-31 03:40:45,279 - INFO - Message envoyé à RabbitMQ pour la création du voyage ID: 39f19200-ce19-41cc-9baa-026f925ef594
2025-08-31 03:40:45,296 - INFO - Voyage créé avec succès : 
2025-08-31 03:42:05,253 - INFO - Réservation réussie pour le trajet ID 39f19200-ce19-41cc-9baa-026f925ef594. Places restantes: 1
2025-08-31 03:42:05,255 - INFO - Réservation de 2 place(s) réussie pour le trajet 39f19200-ce19-41cc-9baa-026f925ef594
2025-08-31 03:42:19,290 - INFO - Réservation réussie pour le trajet ID 39f19200-ce19-41cc-9baa-026f925ef594. Places restantes: -1
2025-08-31 03:42:19,291 - INFO - Réservation de 2 place(s) réussie pour le trajet 39f19200-ce19-41cc-9baa-026f925ef594
2025-08-31 05:19:00,344 - WARNING - Aucune place disponible pour le trajet ID 39f19200-ce19-41cc-9baa-026f925ef594.
2025-08-31 05:19:00,348 - ERROR - Erreur lors de la réservation: 400: Aucune place disponible
2025-08-31 06:04:49,105 - INFO - Message envoyé à RabbitMQ pour la création du voyage ID: bbca77d1-a2de-4d74-a991-4ba705c956ed
2025-08-31 06:04:49,123 - INFO - Voyage créé avec succès : 
2025-08-31 06:05:06,776 - INFO - Aucun voyage trouvé pour le conducteur avec l'ID 0483e495-c86b-4c56-83e0-e23509592f4f.
2025-08-31 06:05:21,419 - INFO - Filtres de recherche reçus: departure_city=montreal, destination_city=gatineau, date=2025-09-09, passenger_count=None, price_limit=None
2025-08-31 06:05:33,996 - INFO - Filtres de recherche reçus: departure_city=montreal, destination_city=gatineau, date=2025-09-08, passenger_count=None, price_limit=None
2025-08-31 06:06:08,988 - INFO - Filtres de recherche reçus: departure_city=montreal, destination_city=gatineau, date=2025-09-09, passenger_count=None, price_limit=None
2025-08-31 06:06:57,977 - INFO - Filtres de recherche reçus: departure_city=montreal, destination_city=gatineau, date=2025-09-10, passenger_count=None, price_limit=None
2025-08-31 17:31:34,471 - INFO - Filtres de recherche reçus: departure_city=quebec, destination_city=montreal, date=2025-08-31, passenger_count=None, price_limit=None
2025-08-31 17:31:42,384 - INFO - Filtres de recherche reçus: departure_city=laval, destination_city=sherbrooke, date=2025-08-31, passenger_count=None, price_limit=None
2025-08-31 17:39:41,133 - INFO - Filtres de recherche reçus: departure_city=montreal, destination_city=gatineau, date=2025-09-10, passenger_count=None, price_limit=None
2025-08-31 17:43:16,366 - INFO - Filtres de recherche reçus: departure_city=montreal, destination_city=gatineau, date=2025-09-10, passenger_count=None, price_limit=None
2025-08-31 17:43:18,358 - INFO - Filtres de recherche reçus: departure_city=montreal, destination_city=gatineau, date=2025-09-10, passenger_count=None, price_limit=None
2025-08-31 17:44:39,395 - INFO - Message envoyé à RabbitMQ pour la création du voyage ID: 578425aa-6ac3-40e6-bfc6-20edaac88420
2025-08-31 17:44:39,408 - INFO - Voyage créé avec succès : 
2025-08-31 17:44:48,059 - INFO - Filtres de recherche reçus: departure_city=montreal, destination_city=gatineau, date=2025-09-10, passenger_count=None, price_limit=None
2025-08-31 21:15:25,279 - INFO - Filtres de recherche reçus: departure_city=montreal, destination_city=gatineau, date=2025-09-10, passenger_count=None, price_limit=None
2025-08-31 21:17:09,197 - INFO - Aucun voyage trouvé pour le conducteur avec l'ID 0483e495-c86b-4c56-83e0-e23509592f4f.
2025-09-01 04:53:27,734 - INFO - Filtres de recherche reçus: departure_city=montreal, destination_city=gatineau, date=2025-09-10, passenger_count=None, price_limit=None
2025-09-01 04:53:52,380 - INFO - Filtres de recherche reçus: departure_city=montreal, destination_city=gatineau, date=2025-09-10, passenger_count=None, price_limit=None
2025-09-03 07:47:57,329 - INFO - Message envoyé à RabbitMQ pour la création du voyage ID: 4cbc402c-03e9-4c91-a94e-adc74a7701de
2025-09-03 07:47:57,384 - INFO - Voyage créé avec succès : 
2025-09-03 07:48:15,965 - INFO - Filtres de recherche reçus: departure_city=montreal, destination_city=tracadie sheila, date=2025-09-09, passenger_count=None, price_limit=None
2025-09-03 07:48:23,553 - INFO - Filtres de recherche reçus: departure_city=montreal, destination_city=tracadie sheila, date=2025-09-10, passenger_count=None, price_limit=None
2025-09-03 07:48:39,095 - INFO - Filtres de recherche reçus: departure_city=montreal, destination_city=edmundston, date=2025-09-10, passenger_count=None, price_limit=None
2025-09-03 07:48:47,275 - INFO - Filtres de recherche reçus: departure_city=montreal, destination_city=edmundston, date=2025-09-09, passenger_count=None, price_limit=None
2025-09-03 20:00:18,816 - INFO - Aucun voyage trouvé pour le conducteur avec l'ID a94a1c51-574b-4317-9e7c-623547028bc5.
2025-09-03 20:00:23,118 - INFO - Aucun voyage trouvé pour le conducteur avec l'ID a94a1c51-574b-4317-9e7c-623547028bc5.
2025-09-03 20:00:38,337 - INFO - Filtres de recherche reçus: departure_city=montreal, destination_city=gatineau, date=2025-09-09, passenger_count=None, price_limit=None
2025-09-03 20:00:43,186 - INFO - Filtres de recherche reçus: departure_city=montreal, destination_city=gatineau, date=2025-09-10, passenger_count=None, price_limit=None
2025-09-07 00:22:21,337 - INFO - Filtres de recherche reçus: departure_city=montreal, destination_city=gatineau, date=2025-09-09, passenger_count=None, price_limit=None
2025-09-07 00:22:28,019 - INFO - Filtres de recherche reçus: departure_city=montreal, destination_city=gatineau, date=2025-09-10, passenger_count=None, price_limit=None
2025-09-14 01:19:38,785 - INFO - Aucun voyage trouvé pour le conducteur avec l'ID a94a1c51-574b-4317-9e7c-623547028bc5.
2025-09-14 01:19:40,330 - INFO - Aucun voyage trouvé pour le conducteur avec l'ID a94a1c51-574b-4317-9e7c-623547028bc5.
2025-09-14 01:19:56,851 - INFO - Aucun voyage trouvé pour le conducteur avec l'ID a94a1c51-574b-4317-9e7c-623547028bc5.
2025-09-14 01:20:04,184 - INFO - Aucun voyage trouvé pour le conducteur avec l'ID a94a1c51-574b-4317-9e7c-623547028bc5.
2025-09-14 01:20:06,796 - INFO - Aucun voyage trouvé pour le conducteur avec l'ID a94a1c51-574b-4317-9e7c-623547028bc5.
2025-09-14 01:20:09,245 - INFO - Aucun voyage trouvé pour le conducteur avec l'ID a94a1c51-574b-4317-9e7c-623547028bc5.
2025-09-14 01:20:09,912 - INFO - Aucun voyage trouvé pour le conducteur avec l'ID a94a1c51-574b-4317-9e7c-623547028bc5.
2025-09-14 01:20:44,477 - INFO - Aucun voyage trouvé pour le conducteur avec l'ID a94a1c51-574b-4317-9e7c-623547028bc5.
2025-09-14 01:20:44,978 - INFO - Aucun voyage trouvé pour le conducteur avec l'ID a94a1c51-574b-4317-9e7c-623547028bc5.
2025-09-14 01:21:04,188 - INFO - Filtres de recherche reçus: departure_city=montreal, destination_city=gatineau, date=2025-09-14, passenger_count=None, price_limit=None
2025-09-14 01:21:12,388 - INFO - Aucun voyage trouvé pour le conducteur avec l'ID a94a1c51-574b-4317-9e7c-623547028bc5.
2025-09-27 22:36:24,299 - INFO - Aucun voyage trouvé pour le conducteur avec l'ID a94a1c51-574b-4317-9e7c-623547028bc5.
2025-09-27 22:36:27,726 - INFO - Aucun voyage trouvé pour le conducteur avec l'ID a94a1c51-574b-4317-9e7c-623547028bc5.
2025-09-27 22:49:52,400 - INFO - Message envoyé à RabbitMQ pour la création du voyage ID: ec7a3885-19d9-4ad1-8998-0d58d10c8303
2025-09-27 22:49:52,406 - INFO - Voyage créé avec succès : 
2025-09-27 22:53:57,405 - INFO - Aucun voyage trouvé pour le conducteur avec l'ID a94a1c51-574b-4317-9e7c-623547028bc5.
2025-09-27 22:54:18,634 - INFO - Filtres de recherche reçus: departure_city=montreal, destination_city=moncton, date=2025-10-03, passenger_count=None, price_limit=None
2025-10-07 01:43:55,586 - INFO - Message envoyé à RabbitMQ pour la création du voyage ID: d0cea17b-e4e4-4db4-aa31-00b7b0b1436e
2025-10-07 01:43:55,594 - INFO - Voyage créé avec succès : 
2025-10-08 01:54:37,738 - ERROR - Task was destroyed but it is pending!
task: <Task pending name='Task-4' coro=<start_rabbitmq_consumer() running at D:\CORE TECH\covoiturage\mova-trip\app\consumers\rabbitmq_consumer.py:56> wait_for=<Future pending cb=[<TaskWakeupMethWrapper object at 0x000002224B425EB0>()]>>
2025-10-08 01:55:57,947 - ERROR - Future exception was never retrieved
future: <Future finished exception=CancelledError()>
Traceback (most recent call last):
  File "C:\Users\Admin\.conda\envs\monenv\lib\site-packages\uvicorn\_subprocess.py", line 80, in subprocess_started
    target(sockets=sockets)
  File "C:\Users\Admin\.conda\envs\monenv\lib\site-packages\uvicorn\server.py", line 65, in run
    return asyncio.run(self.serve(sockets=sockets))
  File "C:\Users\Admin\.conda\envs\monenv\lib\asyncio\runners.py", line 44, in run
    return loop.run_until_complete(main)
  File "C:\Users\Admin\.conda\envs\monenv\lib\asyncio\base_events.py", line 603, in run_until_complete
    self.run_forever()
  File "C:\Users\Admin\.conda\envs\monenv\lib\asyncio\base_events.py", line 570, in run_forever
    self._run_once()
  File "C:\Users\Admin\.conda\envs\monenv\lib\asyncio\base_events.py", line 1859, in _run_once
    handle._run()
  File "C:\Users\Admin\.conda\envs\monenv\lib\asyncio\events.py", line 81, in _run
    self._context.run(self._callback, *self._args)
  File "C:\Users\Admin\.conda\envs\monenv\lib\site-packages\uvicorn\server.py", line 69, in serve
    await self._serve(sockets)
  File "C:\Users\Admin\.conda\envs\monenv\lib\contextlib.py", line 120, in __exit__
    next(self.gen)
  File "C:\Users\Admin\.conda\envs\monenv\lib\site-packages\uvicorn\server.py", line 328, in capture_signals
    signal.raise_signal(captured_signal)
KeyboardInterrupt

During handling of the above exception, another exception occurred:

Traceback (most recent call last):
  File "C:\Users\Admin\.conda\envs\monenv\lib\site-packages\aiormq\connection.py", line 551, in close_writer_task
    exc = task.exception()
asyncio.exceptions.CancelledError
2025-10-08 01:55:57,973 - ERROR - Task was destroyed but it is pending!
task: <Task pending name='Task-25' coro=<Connection._on_reader_done.<locals>.close_writer_task() done, defined at C:\Users\Admin\.conda\envs\monenv\lib\site-packages\aiormq\connection.py:546> wait_for=<Future pending cb=[shield.<locals>._outer_done_callback() at C:\Users\Admin\.conda\envs\monenv\lib\asyncio\tasks.py:902, <TaskWakeupMethWrapper object at 0x000002224B187EE0>()]>>
2025-10-08 02:17:26,740 - ERROR - Task was destroyed but it is pending!
task: <Task pending name='Task-4' coro=<start_rabbitmq_consumer() running at D:\CORE TECH\covoiturage\mova-trip\app\consumers\rabbitmq_consumer.py:56> wait_for=<Future pending cb=[<TaskWakeupMethWrapper object at 0x000002074C6CE280>()]>>
2025-10-08 03:36:22,528 - WARNING - Server connection <Connection: "amqp://guest:******@localhost:5672/" at 0x2074c4f55e0> was stuck. No frames were received in 183 seconds.
2025-10-08 03:36:22,686 - INFO - Connection to amqp://guest:******@localhost:5672/ closed. Reconnecting after 5 seconds.
2025-10-08 06:02:03,962 - INFO - Voyage créé avec succès : f9693848-f315-40df-99ff-ec114a9fb028
2025-10-08 06:03:19,905 - ERROR - Erreur recherche trajets : ExecutionOption Core or ORM object expected, got <sqlalchemy.sql.annotation.AnnotatedBinaryExpression object at 0x000002074C6CE220> object resolved from <sqlalchemy.orm.attributes.InstrumentedAttribute object at 0x000002074C0E5180> object.
2025-10-08 06:03:28,431 - ERROR - Erreur recherche trajets : ExecutionOption Core or ORM object expected, got <sqlalchemy.sql.annotation.AnnotatedBinaryExpression object at 0x000002074C6CE220> object resolved from <sqlalchemy.orm.attributes.InstrumentedAttribute object at 0x000002074C0E5180> object.
2025-10-08 06:03:29,842 - ERROR - Erreur recherche trajets : ExecutionOption Core or ORM object expected, got <sqlalchemy.sql.annotation.AnnotatedBinaryExpression object at 0x000002074C6CE220> object resolved from <sqlalchemy.orm.attributes.InstrumentedAttribute object at 0x000002074C0E5180> object.
2025-10-08 06:03:32,990 - ERROR - Erreur recherche trajets : ExecutionOption Core or ORM object expected, got <sqlalchemy.sql.annotation.AnnotatedBinaryExpression object at 0x000002074C6CE220> object resolved from <sqlalchemy.orm.attributes.InstrumentedAttribute object at 0x000002074C0E5180> object.
2025-10-08 06:03:51,911 - ERROR - Erreur recherche trajets : ExecutionOption Core or ORM object expected, got <sqlalchemy.sql.annotation.AnnotatedBinaryExpression object at 0x000002074C6CE220> object resolved from <sqlalchemy.orm.attributes.InstrumentedAttribute object at 0x000002074C0E5180> object.
2025-10-08 06:03:53,141 - ERROR - Erreur recherche trajets : ExecutionOption Core or ORM object expected, got <sqlalchemy.sql.annotation.AnnotatedBinaryExpression object at 0x000002074C6CE220> object resolved from <sqlalchemy.orm.attributes.InstrumentedAttribute object at 0x000002074C0E5180> object.
2025-10-08 06:04:27,948 - ERROR - Future exception was never retrieved
future: <Future finished exception=CancelledError()>
Traceback (most recent call last):
  File "C:\Users\Admin\.conda\envs\monenv\lib\site-packages\uvicorn\_subprocess.py", line 80, in subprocess_started
    target(sockets=sockets)
  File "C:\Users\Admin\.conda\envs\monenv\lib\site-packages\uvicorn\server.py", line 65, in run
    return asyncio.run(self.serve(sockets=sockets))
  File "C:\Users\Admin\.conda\envs\monenv\lib\asyncio\runners.py", line 44, in run
    return loop.run_until_complete(main)
  File "C:\Users\Admin\.conda\envs\monenv\lib\asyncio\base_events.py", line 603, in run_until_complete
    self.run_forever()
  File "C:\Users\Admin\.conda\envs\monenv\lib\asyncio\base_events.py", line 570, in run_forever
    self._run_once()
  File "C:\Users\Admin\.conda\envs\monenv\lib\asyncio\base_events.py", line 1859, in _run_once
    handle._run()
  File "C:\Users\Admin\.conda\envs\monenv\lib\asyncio\events.py", line 81, in _run
    self._context.run(self._callback, *self._args)
  File "C:\Users\Admin\.conda\envs\monenv\lib\site-packages\uvicorn\server.py", line 69, in serve
    await self._serve(sockets)
  File "C:\Users\Admin\.conda\envs\monenv\lib\contextlib.py", line 120, in __exit__
    next(self.gen)
  File "C:\Users\Admin\.conda\envs\monenv\lib\site-packages\uvicorn\server.py", line 328, in capture_signals
    signal.raise_signal(captured_signal)
KeyboardInterrupt

During handling of the above exception, another exception occurred:

Traceback (most recent call last):
  File "C:\Users\Admin\.conda\envs\monenv\lib\site-packages\aiormq\connection.py", line 551, in close_writer_task
    exc = task.exception()
asyncio.exceptions.CancelledError
2025-10-08 06:04:27,962 - ERROR - Task was destroyed but it is pending!
task: <Task pending name='Task-630' coro=<Connection._on_reader_done.<locals>.close_writer_task() done, defined at C:\Users\Admin\.conda\envs\monenv\lib\site-packages\aiormq\connection.py:546> wait_for=<Future pending cb=[shield.<locals>._outer_done_callback() at C:\Users\Admin\.conda\envs\monenv\lib\asyncio\tasks.py:902, <TaskWakeupMethWrapper object at 0x000002074C7C8310>()]>>
2025-10-08 06:04:34,682 - ERROR - Erreur recherche trajets : ExecutionOption Core or ORM object expected, got <sqlalchemy.sql.annotation.AnnotatedBinaryExpression object at 0x000001AD67E309A0> object resolved from <sqlalchemy.orm.attributes.InstrumentedAttribute object at 0x000001AD67895180> object.
2025-10-08 06:04:35,583 - ERROR - Erreur recherche trajets : ExecutionOption Core or ORM object expected, got <sqlalchemy.sql.annotation.AnnotatedBinaryExpression object at 0x000001AD67E309A0> object resolved from <sqlalchemy.orm.attributes.InstrumentedAttribute object at 0x000001AD67895180> object.
2025-10-08 06:04:36,300 - ERROR - Erreur recherche trajets : ExecutionOption Core or ORM object expected, got <sqlalchemy.sql.annotation.AnnotatedBinaryExpression object at 0x000001AD67E309A0> object resolved from <sqlalchemy.orm.attributes.InstrumentedAttribute object at 0x000001AD67895180> object.
2025-10-08 06:06:20,247 - ERROR - Task was destroyed but it is pending!
task: <Task pending name='Task-28' coro=<Connection._on_reader_done.<locals>.close_writer_task() done, defined at C:\Users\Admin\.conda\envs\monenv\lib\site-packages\aiormq\connection.py:546> wait_for=<Future pending cb=[shield.<locals>._outer_done_callback() at C:\Users\Admin\.conda\envs\monenv\lib\asyncio\tasks.py:902, <TaskWakeupMethWrapper object at 0x000001AD67CA6B20>()]>>
2025-10-08 06:06:20,248 - ERROR - Future exception was never retrieved
future: <Future finished exception=CancelledError()>
Traceback (most recent call last):
  File "C:\Users\Admin\.conda\envs\monenv\lib\site-packages\uvicorn\_subprocess.py", line 80, in subprocess_started
    target(sockets=sockets)
  File "C:\Users\Admin\.conda\envs\monenv\lib\site-packages\uvicorn\server.py", line 65, in run
    return asyncio.run(self.serve(sockets=sockets))
  File "C:\Users\Admin\.conda\envs\monenv\lib\asyncio\runners.py", line 44, in run
    return loop.run_until_complete(main)
  File "C:\Users\Admin\.conda\envs\monenv\lib\asyncio\base_events.py", line 603, in run_until_complete
    self.run_forever()
  File "C:\Users\Admin\.conda\envs\monenv\lib\asyncio\base_events.py", line 570, in run_forever
    self._run_once()
  File "C:\Users\Admin\.conda\envs\monenv\lib\asyncio\base_events.py", line 1859, in _run_once
    handle._run()
  File "C:\Users\Admin\.conda\envs\monenv\lib\asyncio\events.py", line 81, in _run
    self._context.run(self._callback, *self._args)
  File "C:\Users\Admin\.conda\envs\monenv\lib\site-packages\uvicorn\server.py", line 69, in serve
    await self._serve(sockets)
  File "C:\Users\Admin\.conda\envs\monenv\lib\contextlib.py", line 120, in __exit__
    next(self.gen)
  File "C:\Users\Admin\.conda\envs\monenv\lib\site-packages\uvicorn\server.py", line 328, in capture_signals
    signal.raise_signal(captured_signal)
KeyboardInterrupt

During handling of the above exception, another exception occurred:

Traceback (most recent call last):
  File "C:\Users\Admin\.conda\envs\monenv\lib\site-packages\aiormq\connection.py", line 551, in close_writer_task
    exc = task.exception()
asyncio.exceptions.CancelledError
2025-10-08 06:06:30,160 - ERROR - Task was destroyed but it is pending!
task: <Task pending name='Task-4' coro=<start_rabbitmq_consumer() running at D:\CORE TECH\covoiturage\mova-trip\app\consumers\rabbitmq_consumer.py:56> wait_for=<Future pending cb=[<TaskWakeupMethWrapper object at 0x0000018EB10DB2B0>()]>>
2025-10-08 11:42:55,539 - WARNING - Server connection <Connection: "amqp://guest:******@localhost:5672/" at 0x18eb0f14680> was stuck. No frames were received in 183 seconds.
2025-10-08 11:42:57,479 - INFO - Connection to amqp://guest:******@localhost:5672/ closed. Reconnecting after 5 seconds.
2025-10-08 21:52:25,575 - WARNING - Server connection <Connection: "amqp://guest:******@localhost:5672/" at 0x18eb10c0e50> was stuck. No frames were received in 183 seconds.
2025-10-08 21:52:25,984 - INFO - Connection to amqp://guest:******@localhost:5672/ closed. Reconnecting after 5 seconds.
2025-10-09 02:19:57,588 - WARNING - Server connection <Connection: "amqp://guest:******@localhost:5672/" at 0x18eb119a4f0> was stuck. No frames were received in 183 seconds.
2025-10-09 02:20:00,344 - INFO - Connection to amqp://guest:******@localhost:5672/ closed. Reconnecting after 5 seconds.
2025-10-09 03:19:37,594 - WARNING - Server connection <Connection: "amqp://guest:******@localhost:5672/" at 0x18eb12053b0> was stuck. No frames were received in 183 seconds.
2025-10-09 03:19:38,083 - INFO - Connection to amqp://guest:******@localhost:5672/ closed. Reconnecting after 5 seconds.
2025-10-09 05:53:47,553 - WARNING - Server connection <Connection: "amqp://guest:******@localhost:5672/" at 0x18eb1269c70> was stuck. No frames were received in 183 seconds.
2025-10-09 05:53:47,831 - INFO - Connection to amqp://guest:******@localhost:5672/ closed. Reconnecting after 5 seconds.
2025-10-09 09:30:48,377 - WARNING - Server connection <Connection: "amqp://guest:******@localhost:5672/" at 0x18eb1269f90> was stuck. No frames were received in 183 seconds.
2025-10-09 09:30:49,164 - INFO - Connection to amqp://guest:******@localhost:5672/ closed. Reconnecting after 5 seconds.
2025-10-09 09:39:26,803 - ERROR - Voyage f9693848-f315-40df-99ff-ec114a9fb029 non trouvé.
2025-10-09 09:44:11,317 - INFO - Voyage créé avec succès : 3a5c0076-a9ca-4999-8661-07470fd6061f
2025-10-09 10:59:10,549 - WARNING - Server connection <Connection: "amqp://guest:******@localhost:5672/" at 0x18eb10f8540> was stuck. No frames were received in 183 seconds.
2025-10-09 10:59:10,672 - INFO - Connection to amqp://guest:******@localhost:5672/ closed. Reconnecting after 5 seconds.
2025-10-09 13:32:02,535 - WARNING - Server connection <Connection: "amqp://guest:******@localhost:5672/" at 0x18eb1195c20> was stuck. No frames were received in 183 seconds.
2025-10-09 13:32:02,760 - INFO - Connection to amqp://guest:******@localhost:5672/ closed. Reconnecting after 5 seconds.
2025-10-09 14:05:31,494 - INFO - Voyage créé avec succès : 5461cad8-237c-4c45-98cf-1b117e86a20b
2025-10-10 06:02:00,175 - INFO - Voyage créé avec succès : ab7e28bc-1056-457d-b95f-925da27c3af4
2025-10-10 06:13:04,233 - INFO - Voyage créé avec succès : 02afa013-3bb9-4470-9a5e-dd0efb28b317
2025-10-10 06:51:59,497 - INFO - Voyage créé avec succès : 7fca3c89-f81e-46fc-940d-4f18d0226ed4
2025-10-10 07:01:00,797 - ERROR - Voyage 3a5c0076-a9ca-4999-8661-07470fd6061f non trouvé.
2025-10-10 07:01:49,189 - ERROR - Voyage 3a5c0076-a9ca-4999-8661-07470fd6061f non trouvé.
2025-10-10 07:03:32,913 - INFO - Voyage créé avec succès : a47e9497-ec84-4615-9453-db462010ccdc
2025-10-10 07:47:28,978 - ERROR - Future exception was never retrieved
future: <Future finished exception=CancelledError()>
Traceback (most recent call last):
  File "C:\Users\Admin\.conda\envs\monenv\lib\site-packages\uvicorn\_subprocess.py", line 80, in subprocess_started
    target(sockets=sockets)
  File "C:\Users\Admin\.conda\envs\monenv\lib\site-packages\uvicorn\server.py", line 65, in run
    return asyncio.run(self.serve(sockets=sockets))
  File "C:\Users\Admin\.conda\envs\monenv\lib\asyncio\runners.py", line 44, in run
    return loop.run_until_complete(main)
  File "C:\Users\Admin\.conda\envs\monenv\lib\asyncio\base_events.py", line 603, in run_until_complete
    self.run_forever()
  File "C:\Users\Admin\.conda\envs\monenv\lib\asyncio\base_events.py", line 570, in run_forever
    self._run_once()
  File "C:\Users\Admin\.conda\envs\monenv\lib\asyncio\base_events.py", line 1859, in _run_once
    handle._run()
  File "C:\Users\Admin\.conda\envs\monenv\lib\asyncio\events.py", line 81, in _run
    self._context.run(self._callback, *self._args)
  File "C:\Users\Admin\.conda\envs\monenv\lib\site-packages\uvicorn\server.py", line 69, in serve
    await self._serve(sockets)
  File "C:\Users\Admin\.conda\envs\monenv\lib\contextlib.py", line 120, in __exit__
    next(self.gen)
  File "C:\Users\Admin\.conda\envs\monenv\lib\site-packages\uvicorn\server.py", line 328, in capture_signals
    signal.raise_signal(captured_signal)
KeyboardInterrupt

During handling of the above exception, another exception occurred:

Traceback (most recent call last):
  File "C:\Users\Admin\.conda\envs\monenv\lib\site-packages\aiormq\connection.py", line 551, in close_writer_task
    exc = task.exception()
asyncio.exceptions.CancelledError
2025-10-10 07:47:29,021 - ERROR - Task was destroyed but it is pending!
task: <Task pending name='Task-4436' coro=<Connection._on_reader_done.<locals>.close_writer_task() done, defined at C:\Users\Admin\.conda\envs\monenv\lib\site-packages\aiormq\connection.py:546> wait_for=<Future pending cb=[shield.<locals>._outer_done_callback() at C:\Users\Admin\.conda\envs\monenv\lib\asyncio\tasks.py:902, <TaskWakeupMethWrapper object at 0x0000018EB0E3A190>()]>>
2025-10-10 07:47:34,403 - ERROR - Task was destroyed but it is pending!
task: <Task pending name='Task-4' coro=<start_rabbitmq_consumer() running at D:\CORE TECH\covoiturage\mova-trip\app\consumers\rabbitmq_consumer.py:56> wait_for=<Future pending cb=[<TaskWakeupMethWrapper object at 0x000001EF6577D310>()]>>
2025-10-10 08:22:56,280 - INFO - Voyage créé avec succès : 0647158c-e2b3-4073-a8f7-416caf17a63c
2025-10-10 08:23:47,029 - INFO - Voyage créé avec succès : 88f4996f-e47a-43e2-95c9-ab3e0d5ea5b4
2025-10-10 08:25:44,213 - ERROR - Voyage a47e9497-ec84-4615-9453-db462010ccdc non trouvé.
2025-10-10 09:58:35,649 - INFO - Voyage créé avec succès : 93753568-a9fc-425a-bf08-feb4cbf031fb
2025-10-10 10:05:59,989 - ERROR - Future exception was never retrieved
future: <Future finished exception=CancelledError()>
Traceback (most recent call last):
  File "C:\Users\Admin\.conda\envs\monenv\lib\site-packages\uvicorn\_subprocess.py", line 80, in subprocess_started
    target(sockets=sockets)
  File "C:\Users\Admin\.conda\envs\monenv\lib\site-packages\uvicorn\server.py", line 65, in run
    return asyncio.run(self.serve(sockets=sockets))
  File "C:\Users\Admin\.conda\envs\monenv\lib\asyncio\runners.py", line 44, in run
    return loop.run_until_complete(main)
  File "C:\Users\Admin\.conda\envs\monenv\lib\asyncio\base_events.py", line 603, in run_until_complete
    self.run_forever()
  File "C:\Users\Admin\.conda\envs\monenv\lib\asyncio\base_events.py", line 570, in run_forever
    self._run_once()
  File "C:\Users\Admin\.conda\envs\monenv\lib\asyncio\base_events.py", line 1859, in _run_once
    handle._run()
  File "C:\Users\Admin\.conda\envs\monenv\lib\asyncio\events.py", line 81, in _run
    self._context.run(self._callback, *self._args)
  File "C:\Users\Admin\.conda\envs\monenv\lib\site-packages\uvicorn\server.py", line 69, in serve
    await self._serve(sockets)
  File "C:\Users\Admin\.conda\envs\monenv\lib\contextlib.py", line 120, in __exit__
    next(self.gen)
  File "C:\Users\Admin\.conda\envs\monenv\lib\site-packages\uvicorn\server.py", line 328, in capture_signals
    signal.raise_signal(captured_signal)
KeyboardInterrupt

During handling of the above exception, another exception occurred:

Traceback (most recent call last):
  File "C:\Users\Admin\.conda\envs\monenv\lib\site-packages\aiormq\connection.py", line 551, in close_writer_task
    exc = task.exception()
asyncio.exceptions.CancelledError
2025-10-10 10:06:00,055 - ERROR - Task was destroyed but it is pending!
task: <Task pending name='Task-578' coro=<Connection._on_reader_done.<locals>.close_writer_task() done, defined at C:\Users\Admin\.conda\envs\monenv\lib\site-packages\aiormq\connection.py:546> wait_for=<Future pending cb=[shield.<locals>._outer_done_callback() at C:\Users\Admin\.conda\envs\monenv\lib\asyncio\tasks.py:902, <TaskWakeupMethWrapper object at 0x000001EF6550C4F0>()]>>
2025-10-10 10:06:17,660 - ERROR - Task was destroyed but it is pending!
task: <Task pending name='Task-4' coro=<start_rabbitmq_consumer() running at D:\CORE TECH\covoiturage\mova-trip\app\consumers\rabbitmq_consumer.py:56> wait_for=<Future pending cb=[<TaskWakeupMethWrapper object at 0x00000248257FD2B0>()]>>
2025-10-10 10:07:08,585 - ERROR - Future exception was never retrieved
future: <Future finished exception=CancelledError()>
Traceback (most recent call last):
  File "C:\Users\Admin\.conda\envs\monenv\lib\site-packages\uvicorn\_subprocess.py", line 80, in subprocess_started
    target(sockets=sockets)
  File "C:\Users\Admin\.conda\envs\monenv\lib\site-packages\uvicorn\server.py", line 65, in run
    return asyncio.run(self.serve(sockets=sockets))
  File "C:\Users\Admin\.conda\envs\monenv\lib\asyncio\runners.py", line 44, in run
    return loop.run_until_complete(main)
  File "C:\Users\Admin\.conda\envs\monenv\lib\asyncio\base_events.py", line 603, in run_until_complete
    self.run_forever()
  File "C:\Users\Admin\.conda\envs\monenv\lib\asyncio\base_events.py", line 570, in run_forever
    self._run_once()
  File "C:\Users\Admin\.conda\envs\monenv\lib\asyncio\base_events.py", line 1859, in _run_once
    handle._run()
  File "C:\Users\Admin\.conda\envs\monenv\lib\asyncio\events.py", line 81, in _run
    self._context.run(self._callback, *self._args)
  File "C:\Users\Admin\.conda\envs\monenv\lib\site-packages\uvicorn\server.py", line 69, in serve
    await self._serve(sockets)
  File "C:\Users\Admin\.conda\envs\monenv\lib\contextlib.py", line 120, in __exit__
    next(self.gen)
  File "C:\Users\Admin\.conda\envs\monenv\lib\site-packages\uvicorn\server.py", line 328, in capture_signals
    signal.raise_signal(captured_signal)
KeyboardInterrupt

During handling of the above exception, another exception occurred:

Traceback (most recent call last):
  File "C:\Users\Admin\.conda\envs\monenv\lib\site-packages\aiormq\connection.py", line 551, in close_writer_task
    exc = task.exception()
asyncio.exceptions.CancelledError
2025-10-10 10:07:08,738 - ERROR - Task was destroyed but it is pending!
task: <Task pending name='Task-28' coro=<Connection._on_reader_done.<locals>.close_writer_task() done, defined at C:\Users\Admin\.conda\envs\monenv\lib\site-packages\aiormq\connection.py:546> wait_for=<Future pending cb=[shield.<locals>._outer_done_callback() at C:\Users\Admin\.conda\envs\monenv\lib\asyncio\tasks.py:902, <TaskWakeupMethWrapper object at 0x0000024825685AF0>()]>>
2025-10-10 10:07:51,063 - ERROR - Task was destroyed but it is pending!
task: <Task pending name='Task-18' coro=<Connection._on_reader_done.<locals>.close_writer_task() done, defined at C:\Users\Admin\.conda\envs\monenv\lib\site-packages\aiormq\connection.py:546> wait_for=<Future pending cb=[shield.<locals>._outer_done_callback() at C:\Users\Admin\.conda\envs\monenv\lib\asyncio\tasks.py:902, <TaskWakeupMethWrapper object at 0x000002346AFE5E20>()]>>
2025-10-10 10:07:51,067 - ERROR - Future exception was never retrieved
future: <Future finished exception=CancelledError()>
Traceback (most recent call last):
  File "C:\Users\Admin\.conda\envs\monenv\lib\site-packages\uvicorn\_subprocess.py", line 80, in subprocess_started
    target(sockets=sockets)
  File "C:\Users\Admin\.conda\envs\monenv\lib\site-packages\uvicorn\server.py", line 65, in run
    return asyncio.run(self.serve(sockets=sockets))
  File "C:\Users\Admin\.conda\envs\monenv\lib\asyncio\runners.py", line 44, in run
    return loop.run_until_complete(main)
  File "C:\Users\Admin\.conda\envs\monenv\lib\asyncio\base_events.py", line 603, in run_until_complete
    self.run_forever()
  File "C:\Users\Admin\.conda\envs\monenv\lib\asyncio\base_events.py", line 570, in run_forever
    self._run_once()
  File "C:\Users\Admin\.conda\envs\monenv\lib\asyncio\base_events.py", line 1859, in _run_once
    handle._run()
  File "C:\Users\Admin\.conda\envs\monenv\lib\asyncio\events.py", line 81, in _run
    self._context.run(self._callback, *self._args)
  File "C:\Users\Admin\.conda\envs\monenv\lib\site-packages\uvicorn\server.py", line 69, in serve
    await self._serve(sockets)
  File "C:\Users\Admin\.conda\envs\monenv\lib\contextlib.py", line 120, in __exit__
    next(self.gen)
  File "C:\Users\Admin\.conda\envs\monenv\lib\site-packages\uvicorn\server.py", line 328, in capture_signals
    signal.raise_signal(captured_signal)
KeyboardInterrupt

During handling of the above exception, another exception occurred:

Traceback (most recent call last):
  File "C:\Users\Admin\.conda\envs\monenv\lib\site-packages\aiormq\connection.py", line 551, in close_writer_task
    exc = task.exception()
asyncio.exceptions.CancelledError
2025-10-10 10:08:25,109 - ERROR - Task was destroyed but it is pending!
task: <Task pending name='Task-4' coro=<start_rabbitmq_consumer() running at D:\CORE TECH\covoiturage\mova-trip\app\consumers\rabbitmq_consumer.py:56> wait_for=<Future pending cb=[<TaskWakeupMethWrapper object at 0x000002098BD5D2E0>()]>>
2025-10-10 12:00:12,204 - WARNING - Server connection <Connection: "amqp://guest:******@localhost:5672/" at 0x2098bbb7720> was stuck. No frames were received in 183 seconds.
2025-10-10 12:00:33,256 - INFO - Connection to amqp://guest:******@localhost:5672/ closed. Reconnecting after 5 seconds.
2025-10-10 15:30:04,544 - WARNING - Server connection <Connection: "amqp://guest:******@localhost:5672/" at 0x2098bd41f40> was stuck. No frames were received in 183 seconds.
2025-10-10 15:30:06,867 - INFO - Connection to amqp://guest:******@localhost:5672/ closed. Reconnecting after 5 seconds.
2025-10-10 21:57:16,832 - WARNING - Server connection <Connection: "amqp://guest:******@localhost:5672/" at 0x2098be9b860> was stuck. No frames were received in 183 seconds.
2025-10-10 21:57:19,860 - INFO - Connection to amqp://guest:******@localhost:5672/ closed. Reconnecting after 5 seconds.
2025-10-11 03:47:03,504 - INFO - Voyage créé avec succès : dd3880bf-475e-4015-a781-9b008af2e5fb
2025-10-11 07:53:34,533 - WARNING - Server connection <Connection: "amqp://guest:******@localhost:5672/" at 0x2098bb21f40> was stuck. No frames were received in 183 seconds.
2025-10-11 07:53:36,416 - INFO - Connection to amqp://guest:******@localhost:5672/ closed. Reconnecting after 5 seconds.
2025-10-11 08:18:47,538 - WARNING - Server connection <Connection: "amqp://guest:******@localhost:5672/" at 0x2098bf2e400> was stuck. No frames were received in 183 seconds.
2025-10-11 08:18:47,711 - INFO - Connection to amqp://guest:******@localhost:5672/ closed. Reconnecting after 5 seconds.
2025-10-11 11:28:10,509 - WARNING - Server connection <Connection: "amqp://guest:******@localhost:5672/" at 0x2098bf3d130> was stuck. No frames were received in 183 seconds.
2025-10-11 11:28:10,701 - INFO - Connection to amqp://guest:******@localhost:5672/ closed. Reconnecting after 5 seconds.
2025-10-11 13:47:31,556 - WARNING - Server connection <Connection: "amqp://guest:******@localhost:5672/" at 0x2098bec1900> was stuck. No frames were received in 183 seconds.
2025-10-11 13:47:32,004 - INFO - Connection to amqp://guest:******@localhost:5672/ closed. Reconnecting after 5 seconds.
2025-10-11 17:24:30,546 - WARNING - Server connection <Connection: "amqp://guest:******@localhost:5672/" at 0x2098bef2130> was stuck. No frames were received in 183 seconds.
2025-10-11 17:24:30,616 - INFO - Connection to amqp://guest:******@localhost:5672/ closed. Reconnecting after 5 seconds.
2025-10-12 04:32:33,613 - WARNING - Server connection <Connection: "amqp://guest:******@localhost:5672/" at 0x2098bf2eb80> was stuck. No frames were received in 183 seconds.
2025-10-12 04:32:33,841 - INFO - Connection to amqp://guest:******@localhost:5672/ closed. Reconnecting after 5 seconds.
2025-10-12 17:02:14,554 - WARNING - Server connection <Connection: "amqp://guest:******@localhost:5672/" at 0x2098be652c0> was stuck. No frames were received in 183 seconds.
2025-10-12 17:02:14,684 - INFO - Connection to amqp://guest:******@localhost:5672/ closed. Reconnecting after 5 seconds.
2025-10-13 03:52:40,519 - WARNING - Server connection <Connection: "amqp://guest:******@localhost:5672/" at 0x2098be7e9f0> was stuck. No frames were received in 183 seconds.
2025-10-13 03:52:40,673 - INFO - Connection to amqp://guest:******@localhost:5672/ closed. Reconnecting after 5 seconds.
2025-10-13 04:27:31,590 - WARNING - Server connection <Connection: "amqp://guest:******@localhost:5672/" at 0x2098bec94f0> was stuck. No frames were received in 183 seconds.
2025-10-13 04:27:31,710 - INFO - Connection to amqp://guest:******@localhost:5672/ closed. Reconnecting after 5 seconds.
2025-10-13 05:59:41,506 - WARNING - Server connection <Connection: "amqp://guest:******@localhost:5672/" at 0x2098bdec860> was stuck. No frames were received in 183 seconds.
2025-10-13 05:59:41,903 - INFO - Connection to amqp://guest:******@localhost:5672/ closed. Reconnecting after 5 seconds.
2025-10-13 08:12:14,548 - WARNING - Server connection <Connection: "amqp://guest:******@localhost:5672/" at 0x2098bf058b0> was stuck. No frames were received in 183 seconds.
2025-10-13 08:12:15,287 - INFO - Connection to amqp://guest:******@localhost:5672/ closed. Reconnecting after 5 seconds.
2025-10-13 10:57:06,566 - WARNING - Server connection <Connection: "amqp://guest:******@localhost:5672/" at 0x2098bef20e0> was stuck. No frames were received in 183 seconds.
2025-10-13 10:57:08,935 - INFO - Connection to amqp://guest:******@localhost:5672/ closed. Reconnecting after 5 seconds.
2025-10-13 18:10:22,560 - WARNING - Server connection <Connection: "amqp://guest:******@localhost:5672/" at 0x2098bf2ef90> was stuck. No frames were received in 183 seconds.
2025-10-13 18:10:23,012 - INFO - Connection to amqp://guest:******@localhost:5672/ closed. Reconnecting after 5 seconds.
2025-10-13 19:19:29,545 - WARNING - Server connection <Connection: "amqp://guest:******@localhost:5672/" at 0x2098be09770> was stuck. No frames were received in 183 seconds.
2025-10-13 19:19:30,068 - INFO - Connection to amqp://guest:******@localhost:5672/ closed. Reconnecting after 5 seconds.
2025-10-19 17:41:49,850 - ERROR - Task was destroyed but it is pending!
task: <Task pending name='Task-4' coro=<start_rabbitmq_consumer() running at D:\CORE TECH\covoiturage\mova-trip\app\consumers\rabbitmq_consumer.py:56> wait_for=<Future pending cb=[<TaskWakeupMethWrapper object at 0x0000021F7BCD2CA0>()]>>
2025-10-19 21:35:46,580 - WARNING - Server connection <Connection: "amqp://guest:******@localhost:5672/" at 0x21f7bac7540> was stuck. No frames were received in 183 seconds.
2025-10-19 21:35:48,684 - INFO - Connection to amqp://guest:******@localhost:5672/ closed. Reconnecting after 5 seconds.
2025-10-19 22:05:38,903 - WARNING - Server connection <Connection: "amqp://guest:******@localhost:5672/" at 0x21f7bcb37c0> was stuck. No frames were received in 183 seconds.
2025-10-19 22:05:42,073 - INFO - Connection to amqp://guest:******@localhost:5672/ closed. Reconnecting after 5 seconds.
2025-10-20 02:12:16,554 - WARNING - Server connection <Connection: "amqp://guest:******@localhost:5672/" at 0x21f7bcb3d60> was stuck. No frames were received in 183 seconds.
2025-10-20 02:12:16,753 - INFO - Connection to amqp://guest:******@localhost:5672/ closed. Reconnecting after 5 seconds.
2025-10-20 05:28:57,593 - WARNING - Server connection <Connection: "amqp://guest:******@localhost:5672/" at 0x21f7bd73450> was stuck. No frames were received in 183 seconds.
2025-10-20 05:28:59,553 - INFO - Connection to amqp://guest:******@localhost:5672/ closed. Reconnecting after 5 seconds.
2025-10-20 19:13:20,957 - WARNING - Server connection <Connection: "amqp://guest:******@localhost:5672/" at 0x21f7bd734f0> was stuck. No frames were received in 183 seconds.
2025-10-20 19:13:21,452 - INFO - Connection to amqp://guest:******@localhost:5672/ closed. Reconnecting after 5 seconds.
2025-10-21 01:33:17,543 - WARNING - Server connection <Connection: "amqp://guest:******@localhost:5672/" at 0x21f7bddef40> was stuck. No frames were received in 183 seconds.
2025-10-21 01:33:17,657 - INFO - Connection to amqp://guest:******@localhost:5672/ closed. Reconnecting after 5 seconds.
2025-10-21 09:02:32,618 - WARNING - Server connection <Connection: "amqp://guest:******@localhost:5672/" at 0x21f7bddef90> was stuck. No frames were received in 183 seconds.
2025-10-21 09:02:32,825 - INFO - Connection to amqp://guest:******@localhost:5672/ closed. Reconnecting after 5 seconds.
2025-10-21 12:17:13,587 - WARNING - Server connection <Connection: "amqp://guest:******@localhost:5672/" at 0x21f7be63a40> was stuck. No frames were received in 183 seconds.
2025-10-21 12:17:13,723 - INFO - Connection to amqp://guest:******@localhost:5672/ closed. Reconnecting after 5 seconds.
2025-10-21 18:16:44,518 - WARNING - Server connection <Connection: "amqp://guest:******@localhost:5672/" at 0x21f7be63d60> was stuck. No frames were received in 183 seconds.
2025-10-21 18:16:44,630 - INFO - Connection to amqp://guest:******@localhost:5672/ closed. Reconnecting after 5 seconds.
2025-10-22 01:45:10,825 - INFO - Voyage créé avec succès : f9af2c5b-a1b8-4770-a415-9c797f99fb8d
2025-10-22 02:22:11,650 - ERROR - Future exception was never retrieved
future: <Future finished exception=CancelledError()>
Traceback (most recent call last):
  File "C:\Users\Admin\.conda\envs\monenv\lib\site-packages\uvicorn\main.py", line 579, in run
    server.run()
  File "C:\Users\Admin\.conda\envs\monenv\lib\site-packages\uvicorn\server.py", line 65, in run
    return asyncio.run(self.serve(sockets=sockets))
  File "C:\Users\Admin\.conda\envs\monenv\lib\asyncio\runners.py", line 44, in run
    return loop.run_until_complete(main)
  File "C:\Users\Admin\.conda\envs\monenv\lib\asyncio\base_events.py", line 603, in run_until_complete
    self.run_forever()
  File "C:\Users\Admin\.conda\envs\monenv\lib\asyncio\windows_events.py", line 316, in run_forever
    super().run_forever()
  File "C:\Users\Admin\.conda\envs\monenv\lib\asyncio\base_events.py", line 570, in run_forever
    self._run_once()
  File "C:\Users\Admin\.conda\envs\monenv\lib\asyncio\base_events.py", line 1859, in _run_once
    handle._run()
  File "C:\Users\Admin\.conda\envs\monenv\lib\asyncio\events.py", line 81, in _run
    self._context.run(self._callback, *self._args)
  File "C:\Users\Admin\.conda\envs\monenv\lib\site-packages\uvicorn\server.py", line 69, in serve
    await self._serve(sockets)
  File "C:\Users\Admin\.conda\envs\monenv\lib\contextlib.py", line 120, in __exit__
    next(self.gen)
  File "C:\Users\Admin\.conda\envs\monenv\lib\site-packages\uvicorn\server.py", line 328, in capture_signals
    signal.raise_signal(captured_signal)
KeyboardInterrupt

During handling of the above exception, another exception occurred:

Traceback (most recent call last):
  File "C:\Users\Admin\.conda\envs\monenv\lib\site-packages\aiormq\connection.py", line 551, in close_writer_task
    exc = task.exception()
asyncio.exceptions.CancelledError
2025-10-22 02:22:11,680 - ERROR - Task was destroyed but it is pending!
task: <Task pending name='Task-2857' coro=<Connection._on_reader_done.<locals>.close_writer_task() done, defined at C:\Users\Admin\.conda\envs\monenv\lib\site-packages\aiormq\connection.py:546> wait_for=<Future pending cb=[shield.<locals>._outer_done_callback() at C:\Users\Admin\.conda\envs\monenv\lib\asyncio\tasks.py:902, <TaskWakeupMethWrapper object at 0x0000021F7BE204F0>()]>>
2025-10-22 02:22:29,108 - ERROR - Task was destroyed but it is pending!
task: <Task pending name='Task-4' coro=<start_rabbitmq_consumer() running at D:\CORE TECH\covoiturage\mova-trip\app\consumers\rabbitmq_consumer.py:56> wait_for=<Future pending cb=[<TaskWakeupMethWrapper object at 0x00000261AE9A2CA0>()]>>
2025-10-22 07:00:50,631 - WARNING - Server connection <Connection: "amqp://guest:******@localhost:5672/" at 0x261ae7995e0> was stuck. No frames were received in 183 seconds.
2025-10-22 07:00:50,693 - INFO - Connection to amqp://guest:******@localhost:5672/ closed. Reconnecting after 5 seconds.
2025-10-22 07:58:23,635 - WARNING - Server connection <Connection: "amqp://guest:******@localhost:5672/" at 0x261aeb0cb30> was stuck. No frames were received in 183 seconds.
2025-10-22 07:58:23,675 - INFO - Connection to amqp://guest:******@localhost:5672/ closed. Reconnecting after 5 seconds.
2025-10-22 13:06:01,529 - WARNING - Server connection <Connection: "amqp://guest:******@localhost:5672/" at 0x261aeb4ed60> was stuck. No frames were received in 183 seconds.
2025-10-22 13:06:01,658 - INFO - Connection to amqp://guest:******@localhost:5672/ closed. Reconnecting after 5 seconds.
2025-10-22 16:27:15,571 - WARNING - Server connection <Connection: "amqp://guest:******@localhost:5672/" at 0x261ae7999a0> was stuck. No frames were received in 183 seconds.
2025-10-22 16:27:15,940 - INFO - Connection to amqp://guest:******@localhost:5672/ closed. Reconnecting after 5 seconds.
2025-10-22 20:44:35,563 - WARNING - Server connection <Connection: "amqp://guest:******@localhost:5672/" at 0x261aeb5ad10> was stuck. No frames were received in 183 seconds.
2025-10-22 20:44:35,729 - INFO - Connection to amqp://guest:******@localhost:5672/ closed. Reconnecting after 5 seconds.
2025-10-23 02:54:41,651 - WARNING - Server connection <Connection: "amqp://guest:******@localhost:5672/" at 0x261aeb5a7c0> was stuck. No frames were received in 183 seconds.
2025-10-23 02:54:43,997 - INFO - Connection to amqp://guest:******@localhost:5672/ closed. Reconnecting after 5 seconds.
2025-10-23 06:41:54,620 - WARNING - Server connection <Connection: "amqp://guest:******@localhost:5672/" at 0x261aeb5bdb0> was stuck. No frames were received in 183 seconds.
2025-10-23 06:41:54,821 - INFO - Connection to amqp://guest:******@localhost:5672/ closed. Reconnecting after 5 seconds.
2025-10-23 10:32:38,584 - WARNING - Server connection <Connection: "amqp://guest:******@localhost:5672/" at 0x261aeb5b630> was stuck. No frames were received in 183 seconds.
2025-10-23 10:32:39,339 - INFO - Connection to amqp://guest:******@localhost:5672/ closed. Reconnecting after 5 seconds.
2025-10-23 13:21:31,570 - WARNING - Server connection <Connection: "amqp://guest:******@localhost:5672/" at 0x261aeb5b360> was stuck. No frames were received in 183 seconds.
2025-10-23 13:21:31,578 - INFO - Connection to amqp://guest:******@localhost:5672/ closed. Reconnecting after 5 seconds.
2025-10-23 14:45:16,578 - WARNING - Server connection <Connection: "amqp://guest:******@localhost:5672/" at 0x261aeb14090> was stuck. No frames were received in 183 seconds.
2025-10-23 14:45:16,702 - INFO - Connection to amqp://guest:******@localhost:5672/ closed. Reconnecting after 5 seconds.
2025-10-23 17:30:19,618 - WARNING - Server connection <Connection: "amqp://guest:******@localhost:5672/" at 0x261aeb14180> was stuck. No frames were received in 183 seconds.
2025-10-23 17:30:19,802 - INFO - Connection to amqp://guest:******@localhost:5672/ closed. Reconnecting after 5 seconds.
2025-10-23 23:04:22,911 - INFO - Voyage créé avec succès : eb9ea626-187b-4867-b89b-59ab76a61f65
2025-10-25 08:49:51,688 - ERROR - Future exception was never retrieved
future: <Future finished exception=CancelledError()>
Traceback (most recent call last):
  File "C:\Users\Admin\.conda\envs\monenv\lib\site-packages\uvicorn\main.py", line 579, in run
    server.run()
  File "C:\Users\Admin\.conda\envs\monenv\lib\site-packages\uvicorn\server.py", line 65, in run
    return asyncio.run(self.serve(sockets=sockets))
  File "C:\Users\Admin\.conda\envs\monenv\lib\asyncio\runners.py", line 44, in run
    return loop.run_until_complete(main)
  File "C:\Users\Admin\.conda\envs\monenv\lib\asyncio\base_events.py", line 603, in run_until_complete
    self.run_forever()
  File "C:\Users\Admin\.conda\envs\monenv\lib\asyncio\windows_events.py", line 316, in run_forever
    super().run_forever()
  File "C:\Users\Admin\.conda\envs\monenv\lib\asyncio\base_events.py", line 570, in run_forever
    self._run_once()
  File "C:\Users\Admin\.conda\envs\monenv\lib\asyncio\base_events.py", line 1859, in _run_once
    handle._run()
  File "C:\Users\Admin\.conda\envs\monenv\lib\asyncio\events.py", line 81, in _run
    self._context.run(self._callback, *self._args)
  File "C:\Users\Admin\.conda\envs\monenv\lib\site-packages\uvicorn\server.py", line 69, in serve
    await self._serve(sockets)
  File "C:\Users\Admin\.conda\envs\monenv\lib\contextlib.py", line 120, in __exit__
    next(self.gen)
  File "C:\Users\Admin\.conda\envs\monenv\lib\site-packages\uvicorn\server.py", line 328, in capture_signals
    signal.raise_signal(captured_signal)
KeyboardInterrupt

During handling of the above exception, another exception occurred:

Traceback (most recent call last):
  File "C:\Users\Admin\.conda\envs\monenv\lib\site-packages\aiormq\connection.py", line 551, in close_writer_task
    exc = task.exception()
asyncio.exceptions.CancelledError
2025-10-25 08:49:51,745 - ERROR - Task was destroyed but it is pending!
task: <Task pending name='Task-7415' coro=<Connection._on_reader_done.<locals>.close_writer_task() done, defined at C:\Users\Admin\.conda\envs\monenv\lib\site-packages\aiormq\connection.py:546> wait_for=<Future pending cb=[shield.<locals>._outer_done_callback() at C:\Users\Admin\.conda\envs\monenv\lib\asyncio\tasks.py:902, <TaskWakeupMethWrapper object at 0x00000261AE6D9DF0>()]>>
2025-10-25 08:50:06,938 - ERROR - Task was destroyed but it is pending!
task: <Task pending name='Task-4' coro=<start_rabbitmq_consumer() running at D:\CORE TECH\covoiturage\mova-trip\app\consumers\rabbitmq_consumer.py:56> wait_for=<Future pending cb=[<TaskWakeupMethWrapper object at 0x0000021FE124E340>()]>>
2025-10-25 08:51:15,980 - ERROR - Future exception was never retrieved
future: <Future finished exception=CancelledError()>
Traceback (most recent call last):
  File "C:\Users\Admin\.conda\envs\monenv\lib\site-packages\uvicorn\_subprocess.py", line 80, in subprocess_started
    target(sockets=sockets)
  File "C:\Users\Admin\.conda\envs\monenv\lib\site-packages\uvicorn\server.py", line 65, in run
    return asyncio.run(self.serve(sockets=sockets))
  File "C:\Users\Admin\.conda\envs\monenv\lib\asyncio\runners.py", line 44, in run
    return loop.run_until_complete(main)
  File "C:\Users\Admin\.conda\envs\monenv\lib\asyncio\base_events.py", line 603, in run_until_complete
    self.run_forever()
  File "C:\Users\Admin\.conda\envs\monenv\lib\asyncio\base_events.py", line 570, in run_forever
    self._run_once()
  File "C:\Users\Admin\.conda\envs\monenv\lib\asyncio\base_events.py", line 1859, in _run_once
    handle._run()
  File "C:\Users\Admin\.conda\envs\monenv\lib\asyncio\events.py", line 81, in _run
    self._context.run(self._callback, *self._args)
  File "C:\Users\Admin\.conda\envs\monenv\lib\site-packages\uvicorn\server.py", line 69, in serve
    await self._serve(sockets)
  File "C:\Users\Admin\.conda\envs\monenv\lib\contextlib.py", line 120, in __exit__
    next(self.gen)
  File "C:\Users\Admin\.conda\envs\monenv\lib\site-packages\uvicorn\server.py", line 328, in capture_signals
    signal.raise_signal(captured_signal)
KeyboardInterrupt

During handling of the above exception, another exception occurred:

Traceback (most recent call last):
  File "C:\Users\Admin\.conda\envs\monenv\lib\site-packages\aiormq\connection.py", line 551, in close_writer_task
    exc = task.exception()
asyncio.exceptions.CancelledError
2025-10-25 08:51:15,984 - ERROR - Task was destroyed but it is pending!
task: <Task pending name='Task-80' coro=<Connection._on_reader_done.<locals>.close_writer_task() done, defined at C:\Users\Admin\.conda\envs\monenv\lib\site-packages\aiormq\connection.py:546> wait_for=<Future pending cb=[shield.<locals>._outer_done_callback() at C:\Users\Admin\.conda\envs\monenv\lib\asyncio\tasks.py:902, <TaskWakeupMethWrapper object at 0x0000021FE124E3A0>()]>>
2025-10-25 08:51:45,284 - ERROR - Task was destroyed but it is pending!
task: <Task pending name='Task-4' coro=<start_rabbitmq_consumer() running at D:\CORE TECH\covoiturage\mova-trip\app\consumers\rabbitmq_consumer.py:56> wait_for=<Future pending cb=[<TaskWakeupMethWrapper object at 0x0000021684BED2E0>()]>>
2025-10-25 13:49:49,313 - WARNING - Server connection <Connection: "amqp://guest:******@localhost:5672/" at 0x21684a356d0> was stuck. No frames were received in 183 seconds.
2025-10-25 13:49:50,717 - INFO - Connection to amqp://guest:******@localhost:5672/ closed. Reconnecting after 5 seconds.
2025-10-25 16:48:15,600 - WARNING - Server connection <Connection: "amqp://guest:******@localhost:5672/" at 0x21684bd2f90> was stuck. No frames were received in 183 seconds.
2025-10-25 16:48:15,694 - INFO - Connection to amqp://guest:******@localhost:5672/ closed. Reconnecting after 5 seconds.
2025-10-25 19:10:25,536 - WARNING - Server connection <Connection: "amqp://guest:******@localhost:5672/" at 0x21684d4d0e0> was stuck. No frames were received in 183 seconds.
2025-10-25 19:10:27,423 - INFO - Connection to amqp://guest:******@localhost:5672/ closed. Reconnecting after 5 seconds.
2025-10-25 20:01:28,565 - WARNING - Server connection <Connection: "amqp://guest:******@localhost:5672/" at 0x21684d1eb30> was stuck. No frames were received in 183 seconds.
2025-10-25 20:01:28,755 - INFO - Connection to amqp://guest:******@localhost:5672/ closed. Reconnecting after 5 seconds.
2025-10-26 02:05:22,562 - WARNING - Server connection <Connection: "amqp://guest:******@localhost:5672/" at 0x21684d92040> was stuck. No frames were received in 183 seconds.
2025-10-26 02:05:22,736 - INFO - Connection to amqp://guest:******@localhost:5672/ closed. Reconnecting after 5 seconds.
2025-10-26 02:33:20,511 - WARNING - Server connection <Connection: "amqp://guest:******@localhost:5672/" at 0x21684d8af90> was stuck. No frames were received in 183 seconds.
2025-10-26 02:33:22,299 - INFO - Connection to amqp://guest:******@localhost:5672/ closed. Reconnecting after 5 seconds.
2025-10-26 06:15:04,585 - WARNING - Server connection <Connection: "amqp://guest:******@localhost:5672/" at 0x21684daab80> was stuck. No frames were received in 183 seconds.
2025-10-26 06:15:04,844 - INFO - Connection to amqp://guest:******@localhost:5672/ closed. Reconnecting after 5 seconds.
2025-10-26 17:33:35,617 - WARNING - Server connection <Connection: "amqp://guest:******@localhost:5672/" at 0x21684daa720> was stuck. No frames were received in 183 seconds.
2025-10-26 17:33:36,358 - INFO - Connection to amqp://guest:******@localhost:5672/ closed. Reconnecting after 5 seconds.
2025-10-26 20:09:06,578 - WARNING - Server connection <Connection: "amqp://guest:******@localhost:5672/" at 0x21684d4d0e0> was stuck. No frames were received in 183 seconds.
2025-10-26 20:09:06,603 - INFO - Connection to amqp://guest:******@localhost:5672/ closed. Reconnecting after 5 seconds.
2025-10-27 01:31:35,532 - WARNING - Server connection <Connection: "amqp://guest:******@localhost:5672/" at 0x21684d1e680> was stuck. No frames were received in 183 seconds.
2025-10-27 01:31:35,600 - INFO - Connection to amqp://guest:******@localhost:5672/ closed. Reconnecting after 5 seconds.
2025-10-27 09:30:59,576 - WARNING - Server connection <Connection: "amqp://guest:******@localhost:5672/" at 0x21684d8a9a0> was stuck. No frames were received in 183 seconds.
2025-10-27 09:30:59,998 - INFO - Connection to amqp://guest:******@localhost:5672/ closed. Reconnecting after 5 seconds.
2025-10-27 14:48:43,555 - WARNING - Server connection <Connection: "amqp://guest:******@localhost:5672/" at 0x21684d926d0> was stuck. No frames were received in 183 seconds.
2025-10-27 14:48:45,425 - INFO - Connection to amqp://guest:******@localhost:5672/ closed. Reconnecting after 5 seconds.
2025-10-27 15:01:16,532 - WARNING - Server connection <Connection: "amqp://guest:******@localhost:5672/" at 0x21684da27c0> was stuck. No frames were received in 183 seconds.
2025-10-27 15:01:18,338 - INFO - Connection to amqp://guest:******@localhost:5672/ closed. Reconnecting after 5 seconds.
2025-11-10 15:49:09,673 - ERROR - Task was destroyed but it is pending!
task: <Task pending name='Task-4' coro=<start_rabbitmq_consumer() running at D:\CORE TECH\covoiturage\mova-trip\app\consumers\rabbitmq_consumer.py:56> wait_for=<Future pending cb=[<TaskWakeupMethWrapper object at 0x0000016E2FD96AC0>()]>>
2025-11-10 16:02:55,013 - INFO - Voyage créé avec succès : f6246a13-4842-4e72-8e54-3bf4c60547ae
2025-11-11 01:06:36,591 - WARNING - Server connection <Connection: "amqp://guest:******@localhost:5672/" at 0x16e2f985ef0> was stuck. No frames were received in 183 seconds.
2025-11-11 01:06:37,155 - INFO - Connection to amqp://guest:******@localhost:5672/ closed. Reconnecting after 5 seconds.
2025-11-11 05:33:04,542 - WARNING - Server connection <Connection: "amqp://guest:******@localhost:5672/" at 0x16e2fee1f40> was stuck. No frames were received in 183 seconds.
2025-11-11 05:33:04,570 - INFO - Connection to amqp://guest:******@localhost:5672/ closed. Reconnecting after 5 seconds.
2025-11-11 13:24:08,615 - WARNING - Server connection <Connection: "amqp://guest:******@localhost:5672/" at 0x16e2fd918b0> was stuck. No frames were received in 183 seconds.
2025-11-11 13:24:09,400 - INFO - Connection to amqp://guest:******@localhost:5672/ closed. Reconnecting after 5 seconds.
2025-11-11 18:59:48,219 - INFO - Voyage créé avec succès : f888b123-ff6c-4a48-89d8-b0a64d54065b
2025-11-11 19:01:02,586 - INFO - Voyage créé avec succès : dcdd42da-6d8f-4ec3-818d-0c16bd7d3946
2025-11-11 19:08:01,265 - ERROR - Task was destroyed but it is pending!
task: <Task pending name='Task-5' coro=<RobustConnection.__connection_factory() running at C:\Users\Admin\.conda\envs\monenv\lib\site-packages\aio_pika\robust_connection.py:124> wait_for=<Future cancelled> cb=[gather.<locals>._done_callback() at C:\Users\Admin\.conda\envs\monenv\lib\asyncio\tasks.py:769]>
2025-11-11 19:08:01,268 - ERROR - Task was destroyed but it is pending!
task: <Task pending name='Task-859' coro=<Connection.__reader() running at C:\Users\Admin\.conda\envs\monenv\lib\site-packages\aiormq\connection.py:639> wait_for=<Future cancelled> cb=[FutureStore.__on_task_done.<locals>.remover() at C:\Users\Admin\.conda\envs\monenv\lib\site-packages\aiormq\base.py:33, <1 more>, gather.<locals>._done_callback() at C:\Users\Admin\.conda\envs\monenv\lib\asyncio\tasks.py:769]>
2025-11-11 19:08:01,269 - ERROR - Task was destroyed but it is pending!
task: <Task pending name='Task-860' coro=<Connection.__writer() running at C:\Users\Admin\.conda\envs\monenv\lib\site-packages\aiormq\connection.py:716> wait_for=<Future cancelled> cb=[FutureStore.__on_task_done.<locals>.remover() at C:\Users\Admin\.conda\envs\monenv\lib\site-packages\aiormq\base.py:33, gather.<locals>._done_callback() at C:\Users\Admin\.conda\envs\monenv\lib\asyncio\tasks.py:769]>
2025-11-11 19:08:01,271 - ERROR - Task was destroyed but it is pending!
task: <Task pending name='Task-861' coro=<Connection.__heartbeat() running at C:\Users\Admin\.conda\envs\monenv\lib\site-packages\aiormq\connection.py:693> wait_for=<Future cancelled> cb=[FutureStore.__on_task_done.<locals>.remover() at C:\Users\Admin\.conda\envs\monenv\lib\site-packages\aiormq\base.py:33, gather.<locals>._done_callback() at C:\Users\Admin\.conda\envs\monenv\lib\asyncio\tasks.py:769]>
2025-11-11 19:08:01,273 - ERROR - Task was destroyed but it is pending!
task: <Task pending name='Task-862' coro=<Channel._reader() running at C:\Users\Admin\.conda\envs\monenv\lib\site-packages\aiormq\channel.py:437> wait_for=<Future cancelled> cb=[FutureStore.__on_task_done.<locals>.remover() at C:\Users\Admin\.conda\envs\monenv\lib\site-packages\aiormq\base.py:33, <1 more>, gather.<locals>._done_callback() at C:\Users\Admin\.conda\envs\monenv\lib\asyncio\tasks.py:769]>
2025-11-11 19:10:07,528 - ERROR - Task was destroyed but it is pending!
task: <Task pending name='Task-4' coro=<start_rabbitmq_consumer() running at D:\CORE TECH\covoiturage\mova-trip\app\consumers\rabbitmq_consumer.py:56> wait_for=<Future pending cb=[<TaskWakeupMethWrapper object at 0x000001E1CE27C2E0>()]>>
2025-11-11 20:10:29,534 - WARNING - Server connection <Connection: "amqp://guest:******@localhost:5672/" at 0x1e1ce0f5040> was stuck. No frames were received in 183 seconds.
2025-11-11 20:10:31,769 - INFO - Connection to amqp://guest:******@localhost:5672/ closed. Reconnecting after 5 seconds.
2025-11-11 23:22:01,555 - WARNING - Server connection <Connection: "amqp://guest:******@localhost:5672/" at 0x1e1ce261ef0> was stuck. No frames were received in 183 seconds.
2025-11-11 23:22:01,745 - INFO - Connection to amqp://guest:******@localhost:5672/ closed. Reconnecting after 5 seconds.
2025-11-11 23:26:19,562 - WARNING - Server connection <Connection: "amqp://guest:******@localhost:5672/" at 0x1e1ce288180> was stuck. No frames were received in 183 seconds.
2025-11-11 23:26:19,750 - INFO - Connection to amqp://guest:******@localhost:5672/ closed. Reconnecting after 5 seconds.
2025-11-12 00:46:53,470 - ERROR - Future exception was never retrieved
future: <Future finished exception=CancelledError()>
Traceback (most recent call last):
  File "C:\Users\Admin\.conda\envs\monenv\lib\site-packages\uvicorn\_subprocess.py", line 80, in subprocess_started
    target(sockets=sockets)
  File "C:\Users\Admin\.conda\envs\monenv\lib\site-packages\uvicorn\server.py", line 65, in run
    return asyncio.run(self.serve(sockets=sockets))
  File "C:\Users\Admin\.conda\envs\monenv\lib\asyncio\runners.py", line 44, in run
    return loop.run_until_complete(main)
  File "C:\Users\Admin\.conda\envs\monenv\lib\asyncio\base_events.py", line 603, in run_until_complete
    self.run_forever()
  File "C:\Users\Admin\.conda\envs\monenv\lib\asyncio\base_events.py", line 570, in run_forever
    self._run_once()
  File "C:\Users\Admin\.conda\envs\monenv\lib\asyncio\base_events.py", line 1859, in _run_once
    handle._run()
  File "C:\Users\Admin\.conda\envs\monenv\lib\asyncio\events.py", line 81, in _run
    self._context.run(self._callback, *self._args)
  File "C:\Users\Admin\.conda\envs\monenv\lib\site-packages\uvicorn\server.py", line 69, in serve
    await self._serve(sockets)
  File "C:\Users\Admin\.conda\envs\monenv\lib\contextlib.py", line 120, in __exit__
    next(self.gen)
  File "C:\Users\Admin\.conda\envs\monenv\lib\site-packages\uvicorn\server.py", line 328, in capture_signals
    signal.raise_signal(captured_signal)
KeyboardInterrupt

During handling of the above exception, another exception occurred:

Traceback (most recent call last):
  File "C:\Users\Admin\.conda\envs\monenv\lib\site-packages\aiormq\connection.py", line 551, in close_writer_task
    exc = task.exception()
asyncio.exceptions.CancelledError
2025-11-12 00:46:53,514 - ERROR - Task was destroyed but it is pending!
task: <Task pending name='Task-458' coro=<Connection._on_reader_done.<locals>.close_writer_task() done, defined at C:\Users\Admin\.conda\envs\monenv\lib\site-packages\aiormq\connection.py:546> wait_for=<Future pending cb=[shield.<locals>._outer_done_callback() at C:\Users\Admin\.conda\envs\monenv\lib\asyncio\tasks.py:902, <TaskWakeupMethWrapper object at 0x000001E1CDFD5B20>()]>>
2025-11-12 00:46:58,529 - ERROR - Task was destroyed but it is pending!
task: <Task pending name='Task-4' coro=<start_rabbitmq_consumer() running at D:\CORE TECH\covoiturage\mova-trip\app\consumers\rabbitmq_consumer.py:56> wait_for=<Future pending cb=[<TaskWakeupMethWrapper object at 0x0000022BD467D2E0>()]>>
2025-11-12 00:47:45,302 - ERROR - Future exception was never retrieved
future: <Future finished exception=CancelledError()>
Traceback (most recent call last):
  File "C:\Users\Admin\.conda\envs\monenv\lib\site-packages\uvicorn\_subprocess.py", line 80, in subprocess_started
    target(sockets=sockets)
  File "C:\Users\Admin\.conda\envs\monenv\lib\site-packages\uvicorn\server.py", line 65, in run
    return asyncio.run(self.serve(sockets=sockets))
  File "C:\Users\Admin\.conda\envs\monenv\lib\asyncio\runners.py", line 44, in run
    return loop.run_until_complete(main)
  File "C:\Users\Admin\.conda\envs\monenv\lib\asyncio\base_events.py", line 603, in run_until_complete
    self.run_forever()
  File "C:\Users\Admin\.conda\envs\monenv\lib\asyncio\base_events.py", line 570, in run_forever
    self._run_once()
  File "C:\Users\Admin\.conda\envs\monenv\lib\asyncio\base_events.py", line 1859, in _run_once
    handle._run()
  File "C:\Users\Admin\.conda\envs\monenv\lib\asyncio\events.py", line 81, in _run
    self._context.run(self._callback, *self._args)
  File "C:\Users\Admin\.conda\envs\monenv\lib\site-packages\uvicorn\server.py", line 69, in serve
    await self._serve(sockets)
  File "C:\Users\Admin\.conda\envs\monenv\lib\contextlib.py", line 120, in __exit__
    next(self.gen)
  File "C:\Users\Admin\.conda\envs\monenv\lib\site-packages\uvicorn\server.py", line 328, in capture_signals
    signal.raise_signal(captured_signal)
KeyboardInterrupt

During handling of the above exception, another exception occurred:

Traceback (most recent call last):
  File "C:\Users\Admin\.conda\envs\monenv\lib\site-packages\aiormq\connection.py", line 551, in close_writer_task
    exc = task.exception()
asyncio.exceptions.CancelledError
2025-11-12 00:47:45,309 - ERROR - Task was destroyed but it is pending!
task: <Task pending name='Task-22' coro=<Connection._on_reader_done.<locals>.close_writer_task() done, defined at C:\Users\Admin\.conda\envs\monenv\lib\site-packages\aiormq\connection.py:546> wait_for=<Future pending cb=[shield.<locals>._outer_done_callback() at C:\Users\Admin\.conda\envs\monenv\lib\asyncio\tasks.py:902, <TaskWakeupMethWrapper object at 0x0000022BD44D7B80>()]>>
